<?xml version="1.0" encoding="utf-8"?>
<TestRun id="1d5e2cfa-0eeb-4e82-9196-7c92d3dde1f6" name="@Umair's-MacBook-Pro 2026-09-02 14:40:45" xmlns="http://microsoft.com/schemas/VisualStudio/TeamTest/2010">
  <Times creation="2026-09-02T14:40:45.0411410+01:00" queuing="2026-09-02T14:40:45.0411410+01:00" start="2026-09-02T14:40:44.4455540+01:00" finish="2026-09-02T14:40:45.0431450+01:00" />
  <TestSettings name="default" id="7309658b-b174-4211-a1c3-5caf5d948568">
    <Deployment runDeploymentRoot="_Umair's-MacBook-Pro_2026-09-02_14_40_45" />
  </TestSettings>
  <Results>
    <UnitTestResult executionId="8b4d7ded-1a01-45f6-998c-0a6347bc760f" testId="53709db5-a6ca-4e6e-de97-04276255ee96" testName="IO.Ably.Tests.RestInitSpecs.Init_WithKeyAndNoClientId_SetsAuthMethodToBasic" computerName="Umair's-MacBook-Pro" duration="00:00:00.0035174" startTime="2026-09-02T14:40:44.9833970+01:00" endTime="2026-09-02T14:40:44.9834130+01:00" testType="13cdc9d9-ddb5-4fa4-a97d-d965ccfc6d4b" outcome="Failed" testListId="8c84fa94-04c1-424b-9868-57a2d4851a1d" relativeResultsDirectory="8b4d7ded-1a01-45f6-998c-0a6347bc760f">
      <Output>
        <ErrorInfo>
          <Message>System.NullReferenceException : Object reference not set to an instance of an object.</Message>
          <StackTrace>   at IO.Ably.IoC.get_MobileDevice() in /Users/umair/Git/ably-dotnet/.claude/worktrees/agent-a3395f683ef309fa0/src/Ably.PubSub.Shared/IoC.cs:line 50
   at IO.Ably.AblyRest..ctor(ClientOptions clientOptions) in /Users/umair/Git/ably-dotnet/.claude/worktrees/agent-a3395f683ef309fa0/src/Ably.PubSub.Shared/AblyRest.cs:line 53
   at IO.Ably.AblyRest..ctor(String apiKey) in /Users/umair/Git/ably-dotnet/.claude/worktrees/agent-a3395f683ef309fa0/src/Ably.PubSub.Shared/AblyRest.cs:line 26
   at IO.Ably.Tests.RestInitSpecs.Init_WithKeyAndNoClientId_SetsAuthMethodToBasic() in /Users/umair/Git/ably-dotnet/.claude/worktrees/agent-a3395f683ef309fa0/src/Ably.PubSub.Tests.Shared/Rest/RestInitSpecs.cs:line 17</StackTrace>
        </ErrorInfo>
      </Output>
    </UnitTestResult>
  </Results>
  <TestDefinitions>
    <UnitTest name="IO.Ably.Tests.RestInitSpecs.Init_WithKeyAndNoClientId_SetsAuthMethodToBasic" storage="/users/umair/git/ably-dotnet/.claude/worktrees/agent-a3395f683ef309fa0/src/ably.pubsub.tests.dotnet/bin/release/net6.0/ably.pubsub.tests.dotnet.dll" id="53709db5-a6ca-4e6e-de97-04276255ee96">
      <Execution id="8b4d7ded-1a01-45f6-998c-0a6347bc760f" />
      <TestMethod codeBase="/Users/umair/Git/ably-dotnet/.claude/worktrees/agent-a3395f683ef309fa0/src/Ably.PubSub.Tests.DotNET/bin/Release/net6.0/Ably.PubSub.Tests.DotNET.dll" adapterTypeName="executor://xunit/VsTestRunner2/netcoreapp" className="IO.Ably.Tests.RestInitSpecs" name="Init_WithKeyAndNoClientId_SetsAuthMethodToBasic" />
    </UnitTest>
  </TestDefinitions>
  <TestEntries>
    <TestEntry testId="53709db5-a6ca-4e6e-de97-04276255ee96" executionId="8b4d7ded-1a01-45f6-998c-0a6347bc760f" testListId="8c84fa94-04c1-424b-9868-57a2d4851a1d" />
  </TestEntries>
  <TestLists>
    <TestList name="Results Not in a List" id="8c84fa94-04c1-424b-9868-57a2d4851a1d" />
    <TestList name="All Loaded Results" id="19431567-8539-422a-85d7-44ee4e166bda" />
  </TestLists>
  <ResultSummary outcome="Failed">
    <Counters total="1" executed="1" passed="0" failed="1" error="0" timeout="0" aborted="0" inconclusive="0" passedButRunAborted="0" notRunnable="0" notExecuted="0" disconnected="0" warning="0" completed="0" inProgress="0" pending="0" />
    <Output>
      <StdOut>[xUnit.net 00:00:00.00] xUnit.net VSTest Adapter v2.4.1 (64-bit .NET 6.0.36)
[xUnit.net 00:00:00.19]   Discovering: Ably.PubSub.Tests.DotNET
[xUnit.net 00:00:00.32]   Discovered:  Ably.PubSub.Tests.DotNET
[xUnit.net 00:00:00.32]   Starting:    Ably.PubSub.Tests.DotNET
[xUnit.net 00:00:00.35]       System.NullReferenceException : Object reference not set to an instance of an object.
[xUnit.net 00:00:00.35]       Stack Trace:
[xUnit.net 00:00:00.35]         /Users/umair/Git/ably-dotnet/.claude/worktrees/agent-a3395f683ef309fa0/src/Ably.PubSub.Shared/IoC.cs(50,0): at IO.Ably.IoC.get_MobileDevice()
[xUnit.net 00:00:00.35]         /Users/umair/Git/ably-dotnet/.claude/worktrees/agent-a3395f683ef309fa0/src/Ably.PubSub.Shared/AblyRest.cs(53,0): at IO.Ably.AblyRest..ctor(ClientOptions clientOptions)
[xUnit.net 00:00:00.35]         /Users/umair/Git/ably-dotnet/.claude/worktrees/agent-a3395f683ef309fa0/src/Ably.PubSub.Shared/AblyRest.cs(26,0): at IO.Ably.AblyRest..ctor(String apiKey)
[xUnit.net 00:00:00.35]         /Users/umair/Git/ably-dotnet/.claude/worktrees/agent-a3395f683ef309fa0/src/Ably.PubSub.Tests.Shared/Rest/RestInitSpecs.cs(17,0): at IO.Ably.Tests.RestInitSpecs.Init_WithKeyAndNoClientId_SetsAuthMethodToBasic()
[xUnit.net 00:00:00.36]   Finished:    Ably.PubSub.Tests.DotNET
</StdOut>
    </Output>
    <RunInfos>
      <RunInfo computerName="Umair's-MacBook-Pro" outcome="Error" timestamp="2026-09-02T14:40:44.9824100+01:00">
        <Text>[xUnit.net 00:00:00.35]     IO.Ably.Tests.RestInitSpecs.Init_WithKeyAndNoClientId_SetsAuthMethodToBasic [FAIL]</Text>
      </RunInfo>
    </RunInfos>
  </ResultSummary>
</TestRun>