<?xml version="1.0" encoding="utf-8"?>
<TestRun id="ce32a6c6-5c59-4290-ab94-49632c8db84c" name="@Umair's-MacBook-Pro 2026-09-02 14:40:04" xmlns="http://microsoft.com/schemas/VisualStudio/TeamTest/2010">
  <Times creation="2026-09-02T14:40:04.5515490+01:00" queuing="2026-09-02T14:40:04.5515490+01:00" start="2026-09-02T14:40:03.9122910+01:00" finish="2026-09-02T14:40:04.5536480+01:00" />
  <TestSettings name="default" id="983825fa-ff8b-4a79-a9af-31588a13acef">
    <Deployment runDeploymentRoot="_Umair's-MacBook-Pro_2026-09-02_14_40_04" />
  </TestSettings>
  <Results>
    <UnitTestResult executionId="f9bc945a-fee0-43c6-9a6c-6c7ec21d8965" testId="e16b2298-f208-790c-2e38-6e845ecc336c" testName="IO.Ably.Tests.Realtime.ChannelSpecs+ChannelAttachSpecs.WithACallback_ShouldCallCallbackWithErrorIfAttachFails" computerName="Umair's-MacBook-Pro" duration="00:00:00.0120798" startTime="2026-09-02T14:40:04.4887190+01:00" endTime="2026-09-02T14:40:04.4887360+01:00" testType="13cdc9d9-ddb5-4fa4-a97d-d965ccfc6d4b" outcome="Failed" testListId="8c84fa94-04c1-424b-9868-57a2d4851a1d" relativeResultsDirectory="f9bc945a-fee0-43c6-9a6c-6c7ec21d8965">
      <Output>
        <ErrorInfo>
          <Message>System.NullReferenceException : Object reference not set to an instance of an object.</Message>
          <StackTrace>   at IO.Ably.IoC.RegisterOsNetworkStateChanged() in /Users/umair/Git/ably-dotnet/.claude/worktrees/agent-a3395f683ef309fa0/src/Ably.PubSub.Shared/IoC.cs:line 40
   at IO.Ably.AblyRealtime..ctor(ClientOptions options, Func`3 createRestFunc, IMobileDevice mobileDevice) in /Users/umair/Git/ably-dotnet/.claude/worktrees/agent-a3395f683ef309fa0/src/Ably.PubSub.Shared/AblyRealtime.cs:line 73
   at IO.Ably.Tests.AblyRealtimeSpecs.GetRealtimeClient(ClientOptions options, Func`2 handleRequestFunc, IMobileDevice mobileDevice) in /Users/umair/Git/ably-dotnet/.claude/worktrees/agent-a3395f683ef309fa0/src/Ably.PubSub.Tests.Shared/Infrastructure/AblyRealtimeSpecs.cs:line 71
   at IO.Ably.Tests.AblyRealtimeSpecs.GetClientWithFakeTransport(Action`1 optionsAction, Func`2 handleRequestFunc) in /Users/umair/Git/ably-dotnet/.claude/worktrees/agent-a3395f683ef309fa0/src/Ably.PubSub.Tests.Shared/Infrastructure/AblyRealtimeSpecs.cs:line 103
   at IO.Ably.Tests.AblyRealtimeSpecs.GetConnectedClient(Action`1 optionsAction, Func`2 handleRequestFunc) in /Users/umair/Git/ably-dotnet/.claude/worktrees/agent-a3395f683ef309fa0/src/Ably.PubSub.Tests.Shared/Infrastructure/AblyRealtimeSpecs.cs:line 117
   at IO.Ably.Tests.Realtime.ChannelSpecs.ChannelAttachSpecs.WithACallback_ShouldCallCallbackWithErrorIfAttachFails() in /Users/umair/Git/ably-dotnet/.claude/worktrees/agent-a3395f683ef309fa0/src/Ably.PubSub.Tests.Shared/Realtime/ChannelSpecs.cs:line 651
--- End of stack trace from previous location ---</StackTrace>
        </ErrorInfo>
      </Output>
    </UnitTestResult>
  </Results>
  <TestDefinitions>
    <UnitTest name="IO.Ably.Tests.Realtime.ChannelSpecs+ChannelAttachSpecs.WithACallback_ShouldCallCallbackWithErrorIfAttachFails" storage="/users/umair/git/ably-dotnet/.claude/worktrees/agent-a3395f683ef309fa0/src/ably.pubsub.tests.dotnet/bin/release/net6.0/ably.pubsub.tests.dotnet.dll" id="e16b2298-f208-790c-2e38-6e845ecc336c">
      <Execution id="f9bc945a-fee0-43c6-9a6c-6c7ec21d8965" />
      <TestMethod codeBase="/Users/umair/Git/ably-dotnet/.claude/worktrees/agent-a3395f683ef309fa0/src/Ably.PubSub.Tests.DotNET/bin/Release/net6.0/Ably.PubSub.Tests.DotNET.dll" adapterTypeName="executor://xunit/VsTestRunner2/netcoreapp" className="IO.Ably.Tests.Realtime.ChannelSpecs+ChannelAttachSpecs" name="WithACallback_ShouldCallCallbackWithErrorIfAttachFails" />
    </UnitTest>
  </TestDefinitions>
  <TestEntries>
    <TestEntry testId="e16b2298-f208-790c-2e38-6e845ecc336c" executionId="f9bc945a-fee0-43c6-9a6c-6c7ec21d8965" testListId="8c84fa94-04c1-424b-9868-57a2d4851a1d" />
  </TestEntries>
  <TestLists>
    <TestList name="Results Not in a List" id="8c84fa94-04c1-424b-9868-57a2d4851a1d" />
    <TestList name="All Loaded Results" id="19431567-8539-422a-85d7-44ee4e166bda" />
  </TestLists>
  <ResultSummary outcome="Failed">
    <Counters total="1" executed="1" passed="0" failed="1" error="0" timeout="0" aborted="0" inconclusive="0" passedButRunAborted="0" notRunnable="0" notExecuted="0" disconnected="0" warning="0" completed="0" inProgress="0" pending="0" />
    <Output>
      <StdOut>[xUnit.net 00:00:00.00] xUnit.net VSTest Adapter v2.4.1 (64-bit .NET 6.0.36)
[xUnit.net 00:00:00.20]   Discovering: Ably.PubSub.Tests.DotNET
[xUnit.net 00:00:00.33]   Discovered:  Ably.PubSub.Tests.DotNET
[xUnit.net 00:00:00.33]   Starting:    Ably.PubSub.Tests.DotNET
[xUnit.net 00:00:00.37]       System.NullReferenceException : Object reference not set to an instance of an object.
[xUnit.net 00:00:00.37]       Stack Trace:
[xUnit.net 00:00:00.37]         /Users/umair/Git/ably-dotnet/.claude/worktrees/agent-a3395f683ef309fa0/src/Ably.PubSub.Shared/IoC.cs(40,0): at IO.Ably.IoC.RegisterOsNetworkStateChanged()
[xUnit.net 00:00:00.37]         /Users/umair/Git/ably-dotnet/.claude/worktrees/agent-a3395f683ef309fa0/src/Ably.PubSub.Shared/AblyRealtime.cs(73,0): at IO.Ably.AblyRealtime..ctor(ClientOptions options, Func`3 createRestFunc, IMobileDevice mobileDevice)
[xUnit.net 00:00:00.37]         /Users/umair/Git/ably-dotnet/.claude/worktrees/agent-a3395f683ef309fa0/src/Ably.PubSub.Tests.Shared/Infrastructure/AblyRealtimeSpecs.cs(71,0): at IO.Ably.Tests.AblyRealtimeSpecs.GetRealtimeClient(ClientOptions options, Func`2 handleRequestFunc, IMobileDevice mobileDevice)
[xUnit.net 00:00:00.37]         /Users/umair/Git/ably-dotnet/.claude/worktrees/agent-a3395f683ef309fa0/src/Ably.PubSub.Tests.Shared/Infrastructure/AblyRealtimeSpecs.cs(103,0): at IO.Ably.Tests.AblyRealtimeSpecs.GetClientWithFakeTransport(Action`1 optionsAction, Func`2 handleRequestFunc)
[xUnit.net 00:00:00.37]         /Users/umair/Git/ably-dotnet/.claude/worktrees/agent-a3395f683ef309fa0/src/Ably.PubSub.Tests.Shared/Infrastructure/AblyRealtimeSpecs.cs(117,0): at IO.Ably.Tests.AblyRealtimeSpecs.GetConnectedClient(Action`1 optionsAction, Func`2 handleRequestFunc)
[xUnit.net 00:00:00.37]         /Users/umair/Git/ably-dotnet/.claude/worktrees/agent-a3395f683ef309fa0/src/Ably.PubSub.Tests.Shared/Realtime/ChannelSpecs.cs(651,0): at IO.Ably.Tests.Realtime.ChannelSpecs.ChannelAttachSpecs.WithACallback_ShouldCallCallbackWithErrorIfAttachFails()
[xUnit.net 00:00:00.37]         --- End of stack trace from previous location ---
[xUnit.net 00:00:00.38]   Finished:    Ably.PubSub.Tests.DotNET
</StdOut>
    </Output>
    <RunInfos>
      <RunInfo computerName="Umair's-MacBook-Pro" outcome="Error" timestamp="2026-09-02T14:40:04.4876580+01:00">
        <Text>[xUnit.net 00:00:00.37]     IO.Ably.Tests.Realtime.ChannelSpecs+ChannelAttachSpecs.WithACallback_ShouldCallCallbackWithErrorIfAttachFails [FAIL]</Text>
      </RunInfo>
    </RunInfos>
  </ResultSummary>
</TestRun>