<?xml version="1.0" encoding="utf-8"?>
<TestRun id="f176638e-d3f1-4513-9a7d-5b51d85be0f0" name="@Umair's-MacBook-Pro 2026-09-02 14:40:57" xmlns="http://microsoft.com/schemas/VisualStudio/TeamTest/2010">
  <Times creation="2026-09-02T14:40:57.5157720+01:00" queuing="2026-09-02T14:40:57.5157720+01:00" start="2026-09-02T14:40:56.9221290+01:00" finish="2026-09-02T14:40:57.5178950+01:00" />
  <TestSettings name="default" id="27739dd0-6542-4ba4-91b8-70e53935c652">
    <Deployment runDeploymentRoot="_Umair's-MacBook-Pro_2026-09-02_14_40_57" />
  </TestSettings>
  <Results>
    <UnitTestResult executionId="a678fcd0-cf1f-4e77-aa78-280ab191b701" testId="89d06bd2-0f92-8e46-5cca-83c8029afa26" testName="IO.Ably.Tests.Shared.AgentTests.DotnetRuntimeIdentifier_ShouldIncludeCorrectRuntimeName" computerName="Umair's-MacBook-Pro" duration="00:00:00.0047985" startTime="2026-09-02T14:40:57.4679070+01:00" endTime="2026-09-02T14:40:57.4679230+01:00" testType="13cdc9d9-ddb5-4fa4-a97d-d965ccfc6d4b" outcome="Failed" testListId="8c84fa94-04c1-424b-9868-57a2d4851a1d" relativeResultsDirectory="a678fcd0-cf1f-4e77-aa78-280ab191b701">
      <Output>
        <ErrorInfo>
          <Message>System.ArgumentOutOfRangeException : Specified argument was out of the range of valid values.</Message>
          <StackTrace>   at IO.Ably.Tests.Shared.AgentTests.DotnetRuntimeIdentifier_ShouldIncludeCorrectRuntimeName() in /Users/umair/Git/ably-dotnet/.claude/worktrees/agent-a3395f683ef309fa0/src/Ably.PubSub.Tests.Shared/AgentTests.cs:line 64</StackTrace>
        </ErrorInfo>
      </Output>
    </UnitTestResult>
  </Results>
  <TestDefinitions>
    <UnitTest name="IO.Ably.Tests.Shared.AgentTests.DotnetRuntimeIdentifier_ShouldIncludeCorrectRuntimeName" storage="/users/umair/git/ably-dotnet/.claude/worktrees/agent-a3395f683ef309fa0/src/ably.pubsub.tests.dotnet/bin/release/net6.0/ably.pubsub.tests.dotnet.dll" id="89d06bd2-0f92-8e46-5cca-83c8029afa26">
      <Execution id="a678fcd0-cf1f-4e77-aa78-280ab191b701" />
      <TestMethod codeBase="/Users/umair/Git/ably-dotnet/.claude/worktrees/agent-a3395f683ef309fa0/src/Ably.PubSub.Tests.DotNET/bin/Release/net6.0/Ably.PubSub.Tests.DotNET.dll" adapterTypeName="executor://xunit/VsTestRunner2/netcoreapp" className="IO.Ably.Tests.Shared.AgentTests" name="DotnetRuntimeIdentifier_ShouldIncludeCorrectRuntimeName" />
    </UnitTest>
  </TestDefinitions>
  <TestEntries>
    <TestEntry testId="89d06bd2-0f92-8e46-5cca-83c8029afa26" executionId="a678fcd0-cf1f-4e77-aa78-280ab191b701" testListId="8c84fa94-04c1-424b-9868-57a2d4851a1d" />
  </TestEntries>
  <TestLists>
    <TestList name="Results Not in a List" id="8c84fa94-04c1-424b-9868-57a2d4851a1d" />
    <TestList name="All Loaded Results" id="19431567-8539-422a-85d7-44ee4e166bda" />
  </TestLists>
  <ResultSummary outcome="Failed">
    <Counters total="1" executed="1" passed="0" failed="1" error="0" timeout="0" aborted="0" inconclusive="0" passedButRunAborted="0" notRunnable="0" notExecuted="0" disconnected="0" warning="0" completed="0" inProgress="0" pending="0" />
    <Output>
      <StdOut>[xUnit.net 00:00:00.00] xUnit.net VSTest Adapter v2.4.1 (64-bit .NET 6.0.36)
[xUnit.net 00:00:00.19]   Discovering: Ably.PubSub.Tests.DotNET
[xUnit.net 00:00:00.32]   Discovered:  Ably.PubSub.Tests.DotNET
[xUnit.net 00:00:00.32]   Starting:    Ably.PubSub.Tests.DotNET
[xUnit.net 00:00:00.35]       System.ArgumentOutOfRangeException : Specified argument was out of the range of valid values.
[xUnit.net 00:00:00.35]       Stack Trace:
[xUnit.net 00:00:00.35]         /Users/umair/Git/ably-dotnet/.claude/worktrees/agent-a3395f683ef309fa0/src/Ably.PubSub.Tests.Shared/AgentTests.cs(64,0): at IO.Ably.Tests.Shared.AgentTests.DotnetRuntimeIdentifier_ShouldIncludeCorrectRuntimeName()
[xUnit.net 00:00:00.36]   Finished:    Ably.PubSub.Tests.DotNET
</StdOut>
    </Output>
    <RunInfos>
      <RunInfo computerName="Umair's-MacBook-Pro" outcome="Error" timestamp="2026-09-02T14:40:57.4669180+01:00">
        <Text>[xUnit.net 00:00:00.35]     IO.Ably.Tests.Shared.AgentTests.DotnetRuntimeIdentifier_ShouldIncludeCorrectRuntimeName [FAIL]</Text>
      </RunInfo>
    </RunInfos>
  </ResultSummary>
</TestRun>