<?xml version="1.0" encoding="utf-8"?>
<TestRun id="a546f367-d91e-4674-ae8d-6c47e781740d" name="@Umair's-MacBook-Pro 2026-09-02 14:40:48" xmlns="http://microsoft.com/schemas/VisualStudio/TeamTest/2010">
  <Times creation="2026-09-02T14:40:48.8874980+01:00" queuing="2026-09-02T14:40:48.8874980+01:00" start="2026-09-02T14:40:48.2976080+01:00" finish="2026-09-02T14:40:48.8967940+01:00" />
  <TestSettings name="default" id="ca58dadd-2cd7-48c1-b8da-587718c53cd8">
    <Deployment runDeploymentRoot="_Umair's-MacBook-Pro_2026-09-02_14_40_48" />
  </TestSettings>
  <Results>
    <UnitTestResult executionId="708c74df-f647-4a22-9b26-8d2dc1a4f044" testId="c7ccee46-643a-d380-7b39-9837d83da452" testName="IO.Ably.Tests.NETFramework.Realtime.RealtimeWorkflowSpecs+AckProtocolTests.WhenReceivingNonAckOrNackMessage_ShouldNotHandleAction(action: Error)" computerName="Umair's-MacBook-Pro" duration="00:00:00.0000771" startTime="2026-09-02T14:40:48.8575680+01:00" endTime="2026-09-02T14:40:48.8575680+01:00" testType="13cdc9d9-ddb5-4fa4-a97d-d965ccfc6d4b" outcome="Failed" testListId="8c84fa94-04c1-424b-9868-57a2d4851a1d" relativeResultsDirectory="708c74df-f647-4a22-9b26-8d2dc1a4f044">
      <Output>
        <ErrorInfo>
          <Message>System.NullReferenceException : Object reference not set to an instance of an object.</Message>
          <StackTrace>   at IO.Ably.IoC.RegisterOsNetworkStateChanged() in /Users/umair/Git/ably-dotnet/.claude/worktrees/agent-a3395f683ef309fa0/src/Ably.PubSub.Shared/IoC.cs:line 40
   at IO.Ably.AblyRealtime..ctor(ClientOptions options, Func`3 createRestFunc, IMobileDevice mobileDevice) in /Users/umair/Git/ably-dotnet/.claude/worktrees/agent-a3395f683ef309fa0/src/Ably.PubSub.Shared/AblyRealtime.cs:line 73
   at IO.Ably.Tests.AblyRealtimeSpecs.GetRealtimeClient(ClientOptions options, Func`2 handleRequestFunc, IMobileDevice mobileDevice) in /Users/umair/Git/ably-dotnet/.claude/worktrees/agent-a3395f683ef309fa0/src/Ably.PubSub.Tests.Shared/Infrastructure/AblyRealtimeSpecs.cs:line 71
   at IO.Ably.Tests.AblyRealtimeSpecs.GetDisconnectedClient(ClientOptions options) in /Users/umair/Git/ably-dotnet/.claude/worktrees/agent-a3395f683ef309fa0/src/Ably.PubSub.Tests.Shared/Infrastructure/AblyRealtimeSpecs.cs:line 140
   at IO.Ably.Tests.NETFramework.Realtime.RealtimeWorkflowSpecs.AckProtocolTests.WhenReceivingNonAckOrNackMessage_ShouldNotHandleAction(MessageAction action) in /Users/umair/Git/ably-dotnet/.claude/worktrees/agent-a3395f683ef309fa0/src/Ably.PubSub.Tests.Shared/Realtime/RealtimeWorkflowSpecs.cs:line 426
--- End of stack trace from previous location ---</StackTrace>
        </ErrorInfo>
      </Output>
    </UnitTestResult>
    <UnitTestResult executionId="2640e4e5-06a3-4c8f-9cbf-27c3cf604359" testId="c36e303e-84f1-2cb0-c43f-0be6b7bf65a3" testName="IO.Ably.Tests.NETFramework.Realtime.RealtimeWorkflowSpecs+AckProtocolTests.WhenReceivingNonAckOrNackMessage_ShouldNotHandleAction(action: Connected)" computerName="Umair's-MacBook-Pro" duration="00:00:00.0010357" startTime="2026-09-02T14:40:48.8566930+01:00" endTime="2026-09-02T14:40:48.8566930+01:00" testType="13cdc9d9-ddb5-4fa4-a97d-d965ccfc6d4b" outcome="Failed" testListId="8c84fa94-04c1-424b-9868-57a2d4851a1d" relativeResultsDirectory="2640e4e5-06a3-4c8f-9cbf-27c3cf604359">
      <Output>
        <ErrorInfo>
          <Message>System.NullReferenceException : Object reference not set to an instance of an object.</Message>
          <StackTrace>   at IO.Ably.IoC.RegisterOsNetworkStateChanged() in /Users/umair/Git/ably-dotnet/.claude/worktrees/agent-a3395f683ef309fa0/src/Ably.PubSub.Shared/IoC.cs:line 40
   at IO.Ably.AblyRealtime..ctor(ClientOptions options, Func`3 createRestFunc, IMobileDevice mobileDevice) in /Users/umair/Git/ably-dotnet/.claude/worktrees/agent-a3395f683ef309fa0/src/Ably.PubSub.Shared/AblyRealtime.cs:line 73
   at IO.Ably.Tests.AblyRealtimeSpecs.GetRealtimeClient(ClientOptions options, Func`2 handleRequestFunc, IMobileDevice mobileDevice) in /Users/umair/Git/ably-dotnet/.claude/worktrees/agent-a3395f683ef309fa0/src/Ably.PubSub.Tests.Shared/Infrastructure/AblyRealtimeSpecs.cs:line 71
   at IO.Ably.Tests.AblyRealtimeSpecs.GetDisconnectedClient(ClientOptions options) in /Users/umair/Git/ably-dotnet/.claude/worktrees/agent-a3395f683ef309fa0/src/Ably.PubSub.Tests.Shared/Infrastructure/AblyRealtimeSpecs.cs:line 140
   at IO.Ably.Tests.NETFramework.Realtime.RealtimeWorkflowSpecs.AckProtocolTests.WhenReceivingNonAckOrNackMessage_ShouldNotHandleAction(MessageAction action) in /Users/umair/Git/ably-dotnet/.claude/worktrees/agent-a3395f683ef309fa0/src/Ably.PubSub.Tests.Shared/Realtime/RealtimeWorkflowSpecs.cs:line 426
--- End of stack trace from previous location ---</StackTrace>
        </ErrorInfo>
      </Output>
    </UnitTestResult>
    <UnitTestResult executionId="8be36e50-c5c0-4c76-964c-e5cd2b7549ef" testId="f05d0a4a-ec8a-f584-4a7d-5b97ccf7bea7" testName="IO.Ably.Tests.NETFramework.Realtime.RealtimeWorkflowSpecs+AckProtocolTests.WhenReceivingNonAckOrNackMessage_ShouldNotHandleAction(action: Heartbeat)" computerName="Umair's-MacBook-Pro" duration="00:00:00.0000667" startTime="2026-09-02T14:40:48.8710940+01:00" endTime="2026-09-02T14:40:48.8710940+01:00" testType="13cdc9d9-ddb5-4fa4-a97d-d965ccfc6d4b" outcome="Failed" testListId="8c84fa94-04c1-424b-9868-57a2d4851a1d" relativeResultsDirectory="8be36e50-c5c0-4c76-964c-e5cd2b7549ef">
      <Output>
        <ErrorInfo>
          <Message>System.NullReferenceException : Object reference not set to an instance of an object.</Message>
          <StackTrace>   at IO.Ably.IoC.RegisterOsNetworkStateChanged() in /Users/umair/Git/ably-dotnet/.claude/worktrees/agent-a3395f683ef309fa0/src/Ably.PubSub.Shared/IoC.cs:line 40
   at IO.Ably.AblyRealtime..ctor(ClientOptions options, Func`3 createRestFunc, IMobileDevice mobileDevice) in /Users/umair/Git/ably-dotnet/.claude/worktrees/agent-a3395f683ef309fa0/src/Ably.PubSub.Shared/AblyRealtime.cs:line 73
   at IO.Ably.Tests.AblyRealtimeSpecs.GetRealtimeClient(ClientOptions options, Func`2 handleRequestFunc, IMobileDevice mobileDevice) in /Users/umair/Git/ably-dotnet/.claude/worktrees/agent-a3395f683ef309fa0/src/Ably.PubSub.Tests.Shared/Infrastructure/AblyRealtimeSpecs.cs:line 71
   at IO.Ably.Tests.AblyRealtimeSpecs.GetDisconnectedClient(ClientOptions options) in /Users/umair/Git/ably-dotnet/.claude/worktrees/agent-a3395f683ef309fa0/src/Ably.PubSub.Tests.Shared/Infrastructure/AblyRealtimeSpecs.cs:line 140
   at IO.Ably.Tests.NETFramework.Realtime.RealtimeWorkflowSpecs.AckProtocolTests.WhenReceivingNonAckOrNackMessage_ShouldNotHandleAction(MessageAction action) in /Users/umair/Git/ably-dotnet/.claude/worktrees/agent-a3395f683ef309fa0/src/Ably.PubSub.Tests.Shared/Realtime/RealtimeWorkflowSpecs.cs:line 426
--- End of stack trace from previous location ---</StackTrace>
        </ErrorInfo>
      </Output>
    </UnitTestResult>
    <UnitTestResult executionId="d9680589-4956-41ff-960f-37795a9b5082" testId="86e0bfd8-e7e8-d3aa-9edb-1ad92b45b558" testName="IO.Ably.Tests.NETFramework.Realtime.RealtimeWorkflowSpecs+AckProtocolTests.WhenReceivingNonAckOrNackMessage_ShouldNotHandleAction(action: Message)" computerName="Umair's-MacBook-Pro" duration="00:00:00.0000872" startTime="2026-09-02T14:40:48.8568800+01:00" endTime="2026-09-02T14:40:48.8568810+01:00" testType="13cdc9d9-ddb5-4fa4-a97d-d965ccfc6d4b" outcome="Failed" testListId="8c84fa94-04c1-424b-9868-57a2d4851a1d" relativeResultsDirectory="d9680589-4956-41ff-960f-37795a9b5082">
      <Output>
        <ErrorInfo>
          <Message>System.NullReferenceException : Object reference not set to an instance of an object.</Message>
          <StackTrace>   at IO.Ably.IoC.RegisterOsNetworkStateChanged() in /Users/umair/Git/ably-dotnet/.claude/worktrees/agent-a3395f683ef309fa0/src/Ably.PubSub.Shared/IoC.cs:line 40
   at IO.Ably.AblyRealtime..ctor(ClientOptions options, Func`3 createRestFunc, IMobileDevice mobileDevice) in /Users/umair/Git/ably-dotnet/.claude/worktrees/agent-a3395f683ef309fa0/src/Ably.PubSub.Shared/AblyRealtime.cs:line 73
   at IO.Ably.Tests.AblyRealtimeSpecs.GetRealtimeClient(ClientOptions options, Func`2 handleRequestFunc, IMobileDevice mobileDevice) in /Users/umair/Git/ably-dotnet/.claude/worktrees/agent-a3395f683ef309fa0/src/Ably.PubSub.Tests.Shared/Infrastructure/AblyRealtimeSpecs.cs:line 71
   at IO.Ably.Tests.AblyRealtimeSpecs.GetDisconnectedClient(ClientOptions options) in /Users/umair/Git/ably-dotnet/.claude/worktrees/agent-a3395f683ef309fa0/src/Ably.PubSub.Tests.Shared/Infrastructure/AblyRealtimeSpecs.cs:line 140
   at IO.Ably.Tests.NETFramework.Realtime.RealtimeWorkflowSpecs.AckProtocolTests.WhenReceivingNonAckOrNackMessage_ShouldNotHandleAction(MessageAction action) in /Users/umair/Git/ably-dotnet/.claude/worktrees/agent-a3395f683ef309fa0/src/Ably.PubSub.Tests.Shared/Realtime/RealtimeWorkflowSpecs.cs:line 426
--- End of stack trace from previous location ---</StackTrace>
        </ErrorInfo>
      </Output>
    </UnitTestResult>
    <UnitTestResult executionId="cd8e119f-f341-4494-9c10-f804f898cf3c" testId="d707659d-bf47-69e7-6787-99bb0b9e352b" testName="IO.Ably.Tests.NETFramework.Realtime.RealtimeWorkflowSpecs+AckProtocolTests.WhenReceivingNonAckOrNackMessage_ShouldNotHandleAction(action: Disconnect)" computerName="Umair's-MacBook-Pro" duration="00:00:00.0114856" startTime="2026-09-02T14:40:48.8543480+01:00" endTime="2026-09-02T14:40:48.8543660+01:00" testType="13cdc9d9-ddb5-4fa4-a97d-d965ccfc6d4b" outcome="Failed" testListId="8c84fa94-04c1-424b-9868-57a2d4851a1d" relativeResultsDirectory="cd8e119f-f341-4494-9c10-f804f898cf3c">
      <Output>
        <ErrorInfo>
          <Message>System.NullReferenceException : Object reference not set to an instance of an object.</Message>
          <StackTrace>   at IO.Ably.IoC.RegisterOsNetworkStateChanged() in /Users/umair/Git/ably-dotnet/.claude/worktrees/agent-a3395f683ef309fa0/src/Ably.PubSub.Shared/IoC.cs:line 40
   at IO.Ably.AblyRealtime..ctor(ClientOptions options, Func`3 createRestFunc, IMobileDevice mobileDevice) in /Users/umair/Git/ably-dotnet/.claude/worktrees/agent-a3395f683ef309fa0/src/Ably.PubSub.Shared/AblyRealtime.cs:line 73
   at IO.Ably.Tests.AblyRealtimeSpecs.GetRealtimeClient(ClientOptions options, Func`2 handleRequestFunc, IMobileDevice mobileDevice) in /Users/umair/Git/ably-dotnet/.claude/worktrees/agent-a3395f683ef309fa0/src/Ably.PubSub.Tests.Shared/Infrastructure/AblyRealtimeSpecs.cs:line 71
   at IO.Ably.Tests.AblyRealtimeSpecs.GetDisconnectedClient(ClientOptions options) in /Users/umair/Git/ably-dotnet/.claude/worktrees/agent-a3395f683ef309fa0/src/Ably.PubSub.Tests.Shared/Infrastructure/AblyRealtimeSpecs.cs:line 140
   at IO.Ably.Tests.NETFramework.Realtime.RealtimeWorkflowSpecs.AckProtocolTests.WhenReceivingNonAckOrNackMessage_ShouldNotHandleAction(MessageAction action) in /Users/umair/Git/ably-dotnet/.claude/worktrees/agent-a3395f683ef309fa0/src/Ably.PubSub.Tests.Shared/Realtime/RealtimeWorkflowSpecs.cs:line 426
--- End of stack trace from previous location ---</StackTrace>
        </ErrorInfo>
      </Output>
    </UnitTestResult>
    <UnitTestResult executionId="7c6f7b69-efb4-4247-9288-a8c2ecfe7b9d" testId="ecd71109-ce9c-32f0-1620-9f684ef9038f" testName="IO.Ably.Tests.NETFramework.Realtime.RealtimeWorkflowSpecs+AckProtocolTests.WhenReceivingNonAckOrNackMessage_ShouldNotHandleAction(action: Closed)" computerName="Umair's-MacBook-Pro" duration="00:00:00.0000683" startTime="2026-09-02T14:40:48.8577450+01:00" endTime="2026-09-02T14:40:48.8577450+01:00" testType="13cdc9d9-ddb5-4fa4-a97d-d965ccfc6d4b" outcome="Failed" testListId="8c84fa94-04c1-424b-9868-57a2d4851a1d" relativeResultsDirectory="7c6f7b69-efb4-4247-9288-a8c2ecfe7b9d">
      <Output>
        <ErrorInfo>
          <Message>System.NullReferenceException : Object reference not set to an instance of an object.</Message>
          <StackTrace>   at IO.Ably.IoC.RegisterOsNetworkStateChanged() in /Users/umair/Git/ably-dotnet/.claude/worktrees/agent-a3395f683ef309fa0/src/Ably.PubSub.Shared/IoC.cs:line 40
   at IO.Ably.AblyRealtime..ctor(ClientOptions options, Func`3 createRestFunc, IMobileDevice mobileDevice) in /Users/umair/Git/ably-dotnet/.claude/worktrees/agent-a3395f683ef309fa0/src/Ably.PubSub.Shared/AblyRealtime.cs:line 73
   at IO.Ably.Tests.AblyRealtimeSpecs.GetRealtimeClient(ClientOptions options, Func`2 handleRequestFunc, IMobileDevice mobileDevice) in /Users/umair/Git/ably-dotnet/.claude/worktrees/agent-a3395f683ef309fa0/src/Ably.PubSub.Tests.Shared/Infrastructure/AblyRealtimeSpecs.cs:line 71
   at IO.Ably.Tests.AblyRealtimeSpecs.GetDisconnectedClient(ClientOptions options) in /Users/umair/Git/ably-dotnet/.claude/worktrees/agent-a3395f683ef309fa0/src/Ably.PubSub.Tests.Shared/Infrastructure/AblyRealtimeSpecs.cs:line 140
   at IO.Ably.Tests.NETFramework.Realtime.RealtimeWorkflowSpecs.AckProtocolTests.WhenReceivingNonAckOrNackMessage_ShouldNotHandleAction(MessageAction action) in /Users/umair/Git/ably-dotnet/.claude/worktrees/agent-a3395f683ef309fa0/src/Ably.PubSub.Tests.Shared/Realtime/RealtimeWorkflowSpecs.cs:line 426
--- End of stack trace from previous location ---</StackTrace>
        </ErrorInfo>
      </Output>
    </UnitTestResult>
    <UnitTestResult executionId="ac7ba56d-567a-4f1f-9ad0-dc4c6a8a1269" testId="87cc4b8d-96cd-9edf-6f63-2d302b8e7462" testName="IO.Ably.Tests.NETFramework.Realtime.RealtimeWorkflowSpecs+AckProtocolTests.WhenReceivingNonAckOrNackMessage_ShouldNotHandleAction(action: Attached)" computerName="Umair's-MacBook-Pro" duration="00:00:00.0000710" startTime="2026-09-02T14:40:48.8705330+01:00" endTime="2026-09-02T14:40:48.8705350+01:00" testType="13cdc9d9-ddb5-4fa4-a97d-d965ccfc6d4b" outcome="Failed" testListId="8c84fa94-04c1-424b-9868-57a2d4851a1d" relativeResultsDirectory="ac7ba56d-567a-4f1f-9ad0-dc4c6a8a1269">
      <Output>
        <ErrorInfo>
          <Message>System.NullReferenceException : Object reference not set to an instance of an object.</Message>
          <StackTrace>   at IO.Ably.IoC.RegisterOsNetworkStateChanged() in /Users/umair/Git/ably-dotnet/.claude/worktrees/agent-a3395f683ef309fa0/src/Ably.PubSub.Shared/IoC.cs:line 40
   at IO.Ably.AblyRealtime..ctor(ClientOptions options, Func`3 createRestFunc, IMobileDevice mobileDevice) in /Users/umair/Git/ably-dotnet/.claude/worktrees/agent-a3395f683ef309fa0/src/Ably.PubSub.Shared/AblyRealtime.cs:line 73
   at IO.Ably.Tests.AblyRealtimeSpecs.GetRealtimeClient(ClientOptions options, Func`2 handleRequestFunc, IMobileDevice mobileDevice) in /Users/umair/Git/ably-dotnet/.claude/worktrees/agent-a3395f683ef309fa0/src/Ably.PubSub.Tests.Shared/Infrastructure/AblyRealtimeSpecs.cs:line 71
   at IO.Ably.Tests.AblyRealtimeSpecs.GetDisconnectedClient(ClientOptions options) in /Users/umair/Git/ably-dotnet/.claude/worktrees/agent-a3395f683ef309fa0/src/Ably.PubSub.Tests.Shared/Infrastructure/AblyRealtimeSpecs.cs:line 140
   at IO.Ably.Tests.NETFramework.Realtime.RealtimeWorkflowSpecs.AckProtocolTests.WhenReceivingNonAckOrNackMessage_ShouldNotHandleAction(MessageAction action) in /Users/umair/Git/ably-dotnet/.claude/worktrees/agent-a3395f683ef309fa0/src/Ably.PubSub.Tests.Shared/Realtime/RealtimeWorkflowSpecs.cs:line 426
--- End of stack trace from previous location ---</StackTrace>
        </ErrorInfo>
      </Output>
    </UnitTestResult>
    <UnitTestResult executionId="bb4ca8ed-a6fa-480e-bcfb-75b1f4cfd2a7" testId="cc0407fb-4fc7-810b-5d85-6500435db4c2" testName="IO.Ably.Tests.NETFramework.Realtime.RealtimeWorkflowSpecs+AckProtocolTests.WhenReceivingNonAckOrNackMessage_ShouldNotHandleAction(action: Presence)" computerName="Umair's-MacBook-Pro" duration="00:00:00.0000761" startTime="2026-09-02T14:40:48.8572260+01:00" endTime="2026-09-02T14:40:48.8572260+01:00" testType="13cdc9d9-ddb5-4fa4-a97d-d965ccfc6d4b" outcome="Failed" testListId="8c84fa94-04c1-424b-9868-57a2d4851a1d" relativeResultsDirectory="bb4ca8ed-a6fa-480e-bcfb-75b1f4cfd2a7">
      <Output>
        <ErrorInfo>
          <Message>System.NullReferenceException : Object reference not set to an instance of an object.</Message>
          <StackTrace>   at IO.Ably.IoC.RegisterOsNetworkStateChanged() in /Users/umair/Git/ably-dotnet/.claude/worktrees/agent-a3395f683ef309fa0/src/Ably.PubSub.Shared/IoC.cs:line 40
   at IO.Ably.AblyRealtime..ctor(ClientOptions options, Func`3 createRestFunc, IMobileDevice mobileDevice) in /Users/umair/Git/ably-dotnet/.claude/worktrees/agent-a3395f683ef309fa0/src/Ably.PubSub.Shared/AblyRealtime.cs:line 73
   at IO.Ably.Tests.AblyRealtimeSpecs.GetRealtimeClient(ClientOptions options, Func`2 handleRequestFunc, IMobileDevice mobileDevice) in /Users/umair/Git/ably-dotnet/.claude/worktrees/agent-a3395f683ef309fa0/src/Ably.PubSub.Tests.Shared/Infrastructure/AblyRealtimeSpecs.cs:line 71
   at IO.Ably.Tests.AblyRealtimeSpecs.GetDisconnectedClient(ClientOptions options) in /Users/umair/Git/ably-dotnet/.claude/worktrees/agent-a3395f683ef309fa0/src/Ably.PubSub.Tests.Shared/Infrastructure/AblyRealtimeSpecs.cs:line 140
   at IO.Ably.Tests.NETFramework.Realtime.RealtimeWorkflowSpecs.AckProtocolTests.WhenReceivingNonAckOrNackMessage_ShouldNotHandleAction(MessageAction action) in /Users/umair/Git/ably-dotnet/.claude/worktrees/agent-a3395f683ef309fa0/src/Ably.PubSub.Tests.Shared/Realtime/RealtimeWorkflowSpecs.cs:line 426
--- End of stack trace from previous location ---</StackTrace>
        </ErrorInfo>
      </Output>
    </UnitTestResult>
    <UnitTestResult executionId="30472672-7872-4c5d-be59-65794a04855f" testId="d7096ab1-e388-2747-b7bb-65279b32cd02" testName="IO.Ably.Tests.NETFramework.Realtime.RealtimeWorkflowSpecs+AckProtocolTests.WhenReceivingNonAckOrNackMessage_ShouldNotHandleAction(action: Connect)" computerName="Umair's-MacBook-Pro" duration="00:00:00.0000748" startTime="2026-09-02T14:40:48.8570610+01:00" endTime="2026-09-02T14:40:48.8570610+01:00" testType="13cdc9d9-ddb5-4fa4-a97d-d965ccfc6d4b" outcome="Failed" testListId="8c84fa94-04c1-424b-9868-57a2d4851a1d" relativeResultsDirectory="30472672-7872-4c5d-be59-65794a04855f">
      <Output>
        <ErrorInfo>
          <Message>System.NullReferenceException : Object reference not set to an instance of an object.</Message>
          <StackTrace>   at IO.Ably.IoC.RegisterOsNetworkStateChanged() in /Users/umair/Git/ably-dotnet/.claude/worktrees/agent-a3395f683ef309fa0/src/Ably.PubSub.Shared/IoC.cs:line 40
   at IO.Ably.AblyRealtime..ctor(ClientOptions options, Func`3 createRestFunc, IMobileDevice mobileDevice) in /Users/umair/Git/ably-dotnet/.claude/worktrees/agent-a3395f683ef309fa0/src/Ably.PubSub.Shared/AblyRealtime.cs:line 73
   at IO.Ably.Tests.AblyRealtimeSpecs.GetRealtimeClient(ClientOptions options, Func`2 handleRequestFunc, IMobileDevice mobileDevice) in /Users/umair/Git/ably-dotnet/.claude/worktrees/agent-a3395f683ef309fa0/src/Ably.PubSub.Tests.Shared/Infrastructure/AblyRealtimeSpecs.cs:line 71
   at IO.Ably.Tests.AblyRealtimeSpecs.GetDisconnectedClient(ClientOptions options) in /Users/umair/Git/ably-dotnet/.claude/worktrees/agent-a3395f683ef309fa0/src/Ably.PubSub.Tests.Shared/Infrastructure/AblyRealtimeSpecs.cs:line 140
   at IO.Ably.Tests.NETFramework.Realtime.RealtimeWorkflowSpecs.AckProtocolTests.WhenReceivingNonAckOrNackMessage_ShouldNotHandleAction(MessageAction action) in /Users/umair/Git/ably-dotnet/.claude/worktrees/agent-a3395f683ef309fa0/src/Ably.PubSub.Tests.Shared/Realtime/RealtimeWorkflowSpecs.cs:line 426
--- End of stack trace from previous location ---</StackTrace>
        </ErrorInfo>
      </Output>
    </UnitTestResult>
    <UnitTestResult executionId="550039bd-0eda-4b29-bbcf-bfb527e2be57" testId="1bb07b41-21f9-7d49-8f04-e023a4c98ed0" testName="IO.Ably.Tests.NETFramework.Realtime.RealtimeWorkflowSpecs+AckProtocolTests.WhenReceivingNonAckOrNackMessage_ShouldNotHandleAction(action: Disconnected)" computerName="Umair's-MacBook-Pro" duration="00:00:00.0000696" startTime="2026-09-02T14:40:48.8714140+01:00" endTime="2026-09-02T14:40:48.8714140+01:00" testType="13cdc9d9-ddb5-4fa4-a97d-d965ccfc6d4b" outcome="Failed" testListId="8c84fa94-04c1-424b-9868-57a2d4851a1d" relativeResultsDirectory="550039bd-0eda-4b29-bbcf-bfb527e2be57">
      <Output>
        <ErrorInfo>
          <Message>System.NullReferenceException : Object reference not set to an instance of an object.</Message>
          <StackTrace>   at IO.Ably.IoC.RegisterOsNetworkStateChanged() in /Users/umair/Git/ably-dotnet/.claude/worktrees/agent-a3395f683ef309fa0/src/Ably.PubSub.Shared/IoC.cs:line 40
   at IO.Ably.AblyRealtime..ctor(ClientOptions options, Func`3 createRestFunc, IMobileDevice mobileDevice) in /Users/umair/Git/ably-dotnet/.claude/worktrees/agent-a3395f683ef309fa0/src/Ably.PubSub.Shared/AblyRealtime.cs:line 73
   at IO.Ably.Tests.AblyRealtimeSpecs.GetRealtimeClient(ClientOptions options, Func`2 handleRequestFunc, IMobileDevice mobileDevice) in /Users/umair/Git/ably-dotnet/.claude/worktrees/agent-a3395f683ef309fa0/src/Ably.PubSub.Tests.Shared/Infrastructure/AblyRealtimeSpecs.cs:line 71
   at IO.Ably.Tests.AblyRealtimeSpecs.GetDisconnectedClient(ClientOptions options) in /Users/umair/Git/ably-dotnet/.claude/worktrees/agent-a3395f683ef309fa0/src/Ably.PubSub.Tests.Shared/Infrastructure/AblyRealtimeSpecs.cs:line 140
   at IO.Ably.Tests.NETFramework.Realtime.RealtimeWorkflowSpecs.AckProtocolTests.WhenReceivingNonAckOrNackMessage_ShouldNotHandleAction(MessageAction action) in /Users/umair/Git/ably-dotnet/.claude/worktrees/agent-a3395f683ef309fa0/src/Ably.PubSub.Tests.Shared/Realtime/RealtimeWorkflowSpecs.cs:line 426
--- End of stack trace from previous location ---</StackTrace>
        </ErrorInfo>
      </Output>
    </UnitTestResult>
    <UnitTestResult executionId="54f4107e-d795-4b80-8427-0643793fe4d4" testId="28f16149-17f7-d259-5594-0f83c89d5613" testName="IO.Ably.Tests.NETFramework.Realtime.RealtimeWorkflowSpecs+AckProtocolTests.WhenReceivingNonAckOrNackMessage_ShouldNotHandleAction(action: Detach)" computerName="Umair's-MacBook-Pro" duration="00:00:00.0000682" startTime="2026-09-02T14:40:48.8709260+01:00" endTime="2026-09-02T14:40:48.8709260+01:00" testType="13cdc9d9-ddb5-4fa4-a97d-d965ccfc6d4b" outcome="Failed" testListId="8c84fa94-04c1-424b-9868-57a2d4851a1d" relativeResultsDirectory="54f4107e-d795-4b80-8427-0643793fe4d4">
      <Output>
        <ErrorInfo>
          <Message>System.NullReferenceException : Object reference not set to an instance of an object.</Message>
          <StackTrace>   at IO.Ably.IoC.RegisterOsNetworkStateChanged() in /Users/umair/Git/ably-dotnet/.claude/worktrees/agent-a3395f683ef309fa0/src/Ably.PubSub.Shared/IoC.cs:line 40
   at IO.Ably.AblyRealtime..ctor(ClientOptions options, Func`3 createRestFunc, IMobileDevice mobileDevice) in /Users/umair/Git/ably-dotnet/.claude/worktrees/agent-a3395f683ef309fa0/src/Ably.PubSub.Shared/AblyRealtime.cs:line 73
   at IO.Ably.Tests.AblyRealtimeSpecs.GetRealtimeClient(ClientOptions options, Func`2 handleRequestFunc, IMobileDevice mobileDevice) in /Users/umair/Git/ably-dotnet/.claude/worktrees/agent-a3395f683ef309fa0/src/Ably.PubSub.Tests.Shared/Infrastructure/AblyRealtimeSpecs.cs:line 71
   at IO.Ably.Tests.AblyRealtimeSpecs.GetDisconnectedClient(ClientOptions options) in /Users/umair/Git/ably-dotnet/.claude/worktrees/agent-a3395f683ef309fa0/src/Ably.PubSub.Tests.Shared/Infrastructure/AblyRealtimeSpecs.cs:line 140
   at IO.Ably.Tests.NETFramework.Realtime.RealtimeWorkflowSpecs.AckProtocolTests.WhenReceivingNonAckOrNackMessage_ShouldNotHandleAction(MessageAction action) in /Users/umair/Git/ably-dotnet/.claude/worktrees/agent-a3395f683ef309fa0/src/Ably.PubSub.Tests.Shared/Realtime/RealtimeWorkflowSpecs.cs:line 426
--- End of stack trace from previous location ---</StackTrace>
        </ErrorInfo>
      </Output>
    </UnitTestResult>
    <UnitTestResult executionId="a2cd2b91-e299-4ad0-8a9b-bddcb16a918d" testId="50c1aa81-3983-b6c4-a373-5f6e3ba60cab" testName="IO.Ably.Tests.NETFramework.Realtime.RealtimeWorkflowSpecs+AckProtocolTests.WhenReceivingNonAckOrNackMessage_ShouldNotHandleAction(action: Attach)" computerName="Umair's-MacBook-Pro" duration="00:00:00.0000786" startTime="2026-09-02T14:40:48.8573960+01:00" endTime="2026-09-02T14:40:48.8573970+01:00" testType="13cdc9d9-ddb5-4fa4-a97d-d965ccfc6d4b" outcome="Failed" testListId="8c84fa94-04c1-424b-9868-57a2d4851a1d" relativeResultsDirectory="a2cd2b91-e299-4ad0-8a9b-bddcb16a918d">
      <Output>
        <ErrorInfo>
          <Message>System.NullReferenceException : Object reference not set to an instance of an object.</Message>
          <StackTrace>   at IO.Ably.IoC.RegisterOsNetworkStateChanged() in /Users/umair/Git/ably-dotnet/.claude/worktrees/agent-a3395f683ef309fa0/src/Ably.PubSub.Shared/IoC.cs:line 40
   at IO.Ably.AblyRealtime..ctor(ClientOptions options, Func`3 createRestFunc, IMobileDevice mobileDevice) in /Users/umair/Git/ably-dotnet/.claude/worktrees/agent-a3395f683ef309fa0/src/Ably.PubSub.Shared/AblyRealtime.cs:line 73
   at IO.Ably.Tests.AblyRealtimeSpecs.GetRealtimeClient(ClientOptions options, Func`2 handleRequestFunc, IMobileDevice mobileDevice) in /Users/umair/Git/ably-dotnet/.claude/worktrees/agent-a3395f683ef309fa0/src/Ably.PubSub.Tests.Shared/Infrastructure/AblyRealtimeSpecs.cs:line 71
   at IO.Ably.Tests.AblyRealtimeSpecs.GetDisconnectedClient(ClientOptions options) in /Users/umair/Git/ably-dotnet/.claude/worktrees/agent-a3395f683ef309fa0/src/Ably.PubSub.Tests.Shared/Infrastructure/AblyRealtimeSpecs.cs:line 140
   at IO.Ably.Tests.NETFramework.Realtime.RealtimeWorkflowSpecs.AckProtocolTests.WhenReceivingNonAckOrNackMessage_ShouldNotHandleAction(MessageAction action) in /Users/umair/Git/ably-dotnet/.claude/worktrees/agent-a3395f683ef309fa0/src/Ably.PubSub.Tests.Shared/Realtime/RealtimeWorkflowSpecs.cs:line 426
--- End of stack trace from previous location ---</StackTrace>
        </ErrorInfo>
      </Output>
    </UnitTestResult>
    <UnitTestResult executionId="bca59389-cca2-4b77-86fe-3acac83a6b70" testId="e5cf275b-78bd-5517-3bae-570ec479798a" testName="IO.Ably.Tests.NETFramework.Realtime.RealtimeWorkflowSpecs+AckProtocolTests.WhenReceivingNonAckOrNackMessage_ShouldNotHandleAction(action: Sync)" computerName="Umair's-MacBook-Pro" duration="00:00:00.0000697" startTime="2026-09-02T14:40:48.8707470+01:00" endTime="2026-09-02T14:40:48.8707470+01:00" testType="13cdc9d9-ddb5-4fa4-a97d-d965ccfc6d4b" outcome="Failed" testListId="8c84fa94-04c1-424b-9868-57a2d4851a1d" relativeResultsDirectory="bca59389-cca2-4b77-86fe-3acac83a6b70">
      <Output>
        <ErrorInfo>
          <Message>System.NullReferenceException : Object reference not set to an instance of an object.</Message>
          <StackTrace>   at IO.Ably.IoC.RegisterOsNetworkStateChanged() in /Users/umair/Git/ably-dotnet/.claude/worktrees/agent-a3395f683ef309fa0/src/Ably.PubSub.Shared/IoC.cs:line 40
   at IO.Ably.AblyRealtime..ctor(ClientOptions options, Func`3 createRestFunc, IMobileDevice mobileDevice) in /Users/umair/Git/ably-dotnet/.claude/worktrees/agent-a3395f683ef309fa0/src/Ably.PubSub.Shared/AblyRealtime.cs:line 73
   at IO.Ably.Tests.AblyRealtimeSpecs.GetRealtimeClient(ClientOptions options, Func`2 handleRequestFunc, IMobileDevice mobileDevice) in /Users/umair/Git/ably-dotnet/.claude/worktrees/agent-a3395f683ef309fa0/src/Ably.PubSub.Tests.Shared/Infrastructure/AblyRealtimeSpecs.cs:line 71
   at IO.Ably.Tests.AblyRealtimeSpecs.GetDisconnectedClient(ClientOptions options) in /Users/umair/Git/ably-dotnet/.claude/worktrees/agent-a3395f683ef309fa0/src/Ably.PubSub.Tests.Shared/Infrastructure/AblyRealtimeSpecs.cs:line 140
   at IO.Ably.Tests.NETFramework.Realtime.RealtimeWorkflowSpecs.AckProtocolTests.WhenReceivingNonAckOrNackMessage_ShouldNotHandleAction(MessageAction action) in /Users/umair/Git/ably-dotnet/.claude/worktrees/agent-a3395f683ef309fa0/src/Ably.PubSub.Tests.Shared/Realtime/RealtimeWorkflowSpecs.cs:line 426
--- End of stack trace from previous location ---</StackTrace>
        </ErrorInfo>
      </Output>
    </UnitTestResult>
    <UnitTestResult executionId="f1c37573-ea01-44a7-979b-fb9b751104b1" testId="1866de6a-4868-dfa2-27a9-e2f9c24b376e" testName="IO.Ably.Tests.NETFramework.Realtime.RealtimeWorkflowSpecs+AckProtocolTests.WhenReceivingNonAckOrNackMessage_ShouldNotHandleAction(action: Close)" computerName="Umair's-MacBook-Pro" duration="00:00:00.0000660" startTime="2026-09-02T14:40:48.8712530+01:00" endTime="2026-09-02T14:40:48.8712540+01:00" testType="13cdc9d9-ddb5-4fa4-a97d-d965ccfc6d4b" outcome="Failed" testListId="8c84fa94-04c1-424b-9868-57a2d4851a1d" relativeResultsDirectory="f1c37573-ea01-44a7-979b-fb9b751104b1">
      <Output>
        <ErrorInfo>
          <Message>System.NullReferenceException : Object reference not set to an instance of an object.</Message>
          <StackTrace>   at IO.Ably.IoC.RegisterOsNetworkStateChanged() in /Users/umair/Git/ably-dotnet/.claude/worktrees/agent-a3395f683ef309fa0/src/Ably.PubSub.Shared/IoC.cs:line 40
   at IO.Ably.AblyRealtime..ctor(ClientOptions options, Func`3 createRestFunc, IMobileDevice mobileDevice) in /Users/umair/Git/ably-dotnet/.claude/worktrees/agent-a3395f683ef309fa0/src/Ably.PubSub.Shared/AblyRealtime.cs:line 73
   at IO.Ably.Tests.AblyRealtimeSpecs.GetRealtimeClient(ClientOptions options, Func`2 handleRequestFunc, IMobileDevice mobileDevice) in /Users/umair/Git/ably-dotnet/.claude/worktrees/agent-a3395f683ef309fa0/src/Ably.PubSub.Tests.Shared/Infrastructure/AblyRealtimeSpecs.cs:line 71
   at IO.Ably.Tests.AblyRealtimeSpecs.GetDisconnectedClient(ClientOptions options) in /Users/umair/Git/ably-dotnet/.claude/worktrees/agent-a3395f683ef309fa0/src/Ably.PubSub.Tests.Shared/Infrastructure/AblyRealtimeSpecs.cs:line 140
   at IO.Ably.Tests.NETFramework.Realtime.RealtimeWorkflowSpecs.AckProtocolTests.WhenReceivingNonAckOrNackMessage_ShouldNotHandleAction(MessageAction action) in /Users/umair/Git/ably-dotnet/.claude/worktrees/agent-a3395f683ef309fa0/src/Ably.PubSub.Tests.Shared/Realtime/RealtimeWorkflowSpecs.cs:line 426
--- End of stack trace from previous location ---</StackTrace>
        </ErrorInfo>
      </Output>
    </UnitTestResult>
    <UnitTestResult executionId="1362e1df-0de9-4501-b584-ecfa239bec16" testId="258b91b1-fcd3-fc87-26c2-9939aa0aab9a" testName="IO.Ably.Tests.NETFramework.Realtime.RealtimeWorkflowSpecs+AckProtocolTests.WhenReceivingNonAckOrNackMessage_ShouldNotHandleAction(action: Detached)" computerName="Umair's-MacBook-Pro" duration="00:00:00.0001710" startTime="2026-09-02T14:40:48.8564610+01:00" endTime="2026-09-02T14:40:48.8564620+01:00" testType="13cdc9d9-ddb5-4fa4-a97d-d965ccfc6d4b" outcome="Failed" testListId="8c84fa94-04c1-424b-9868-57a2d4851a1d" relativeResultsDirectory="1362e1df-0de9-4501-b584-ecfa239bec16">
      <Output>
        <ErrorInfo>
          <Message>System.NullReferenceException : Object reference not set to an instance of an object.</Message>
          <StackTrace>   at IO.Ably.IoC.RegisterOsNetworkStateChanged() in /Users/umair/Git/ably-dotnet/.claude/worktrees/agent-a3395f683ef309fa0/src/Ably.PubSub.Shared/IoC.cs:line 40
   at IO.Ably.AblyRealtime..ctor(ClientOptions options, Func`3 createRestFunc, IMobileDevice mobileDevice) in /Users/umair/Git/ably-dotnet/.claude/worktrees/agent-a3395f683ef309fa0/src/Ably.PubSub.Shared/AblyRealtime.cs:line 73
   at IO.Ably.Tests.AblyRealtimeSpecs.GetRealtimeClient(ClientOptions options, Func`2 handleRequestFunc, IMobileDevice mobileDevice) in /Users/umair/Git/ably-dotnet/.claude/worktrees/agent-a3395f683ef309fa0/src/Ably.PubSub.Tests.Shared/Infrastructure/AblyRealtimeSpecs.cs:line 71
   at IO.Ably.Tests.AblyRealtimeSpecs.GetDisconnectedClient(ClientOptions options) in /Users/umair/Git/ably-dotnet/.claude/worktrees/agent-a3395f683ef309fa0/src/Ably.PubSub.Tests.Shared/Infrastructure/AblyRealtimeSpecs.cs:line 140
   at IO.Ably.Tests.NETFramework.Realtime.RealtimeWorkflowSpecs.AckProtocolTests.WhenReceivingNonAckOrNackMessage_ShouldNotHandleAction(MessageAction action) in /Users/umair/Git/ably-dotnet/.claude/worktrees/agent-a3395f683ef309fa0/src/Ably.PubSub.Tests.Shared/Realtime/RealtimeWorkflowSpecs.cs:line 426
--- End of stack trace from previous location ---</StackTrace>
        </ErrorInfo>
      </Output>
    </UnitTestResult>
  </Results>
  <TestDefinitions>
    <UnitTest name="IO.Ably.Tests.NETFramework.Realtime.RealtimeWorkflowSpecs+AckProtocolTests.WhenReceivingNonAckOrNackMessage_ShouldNotHandleAction(action: Disconnect)" storage="/users/umair/git/ably-dotnet/.claude/worktrees/agent-a3395f683ef309fa0/src/ably.pubsub.tests.dotnet/bin/release/net6.0/ably.pubsub.tests.dotnet.dll" id="d707659d-bf47-69e7-6787-99bb0b9e352b">
      <Execution id="cd8e119f-f341-4494-9c10-f804f898cf3c" />
      <TestMethod codeBase="/Users/umair/Git/ably-dotnet/.claude/worktrees/agent-a3395f683ef309fa0/src/Ably.PubSub.Tests.DotNET/bin/Release/net6.0/Ably.PubSub.Tests.DotNET.dll" adapterTypeName="executor://xunit/VsTestRunner2/netcoreapp" className="IO.Ably.Tests.NETFramework.Realtime.RealtimeWorkflowSpecs+AckProtocolTests" name="WhenReceivingNonAckOrNackMessage_ShouldNotHandleAction" />
    </UnitTest>
    <UnitTest name="IO.Ably.Tests.NETFramework.Realtime.RealtimeWorkflowSpecs+AckProtocolTests.WhenReceivingNonAckOrNackMessage_ShouldNotHandleAction(action: Heartbeat)" storage="/users/umair/git/ably-dotnet/.claude/worktrees/agent-a3395f683ef309fa0/src/ably.pubsub.tests.dotnet/bin/release/net6.0/ably.pubsub.tests.dotnet.dll" id="f05d0a4a-ec8a-f584-4a7d-5b97ccf7bea7">
      <Execution id="8be36e50-c5c0-4c76-964c-e5cd2b7549ef" />
      <TestMethod codeBase="/Users/umair/Git/ably-dotnet/.claude/worktrees/agent-a3395f683ef309fa0/src/Ably.PubSub.Tests.DotNET/bin/Release/net6.0/Ably.PubSub.Tests.DotNET.dll" adapterTypeName="executor://xunit/VsTestRunner2/netcoreapp" className="IO.Ably.Tests.NETFramework.Realtime.RealtimeWorkflowSpecs+AckProtocolTests" name="WhenReceivingNonAckOrNackMessage_ShouldNotHandleAction" />
    </UnitTest>
    <UnitTest name="IO.Ably.Tests.NETFramework.Realtime.RealtimeWorkflowSpecs+AckProtocolTests.WhenReceivingNonAckOrNackMessage_ShouldNotHandleAction(action: Connect)" storage="/users/umair/git/ably-dotnet/.claude/worktrees/agent-a3395f683ef309fa0/src/ably.pubsub.tests.dotnet/bin/release/net6.0/ably.pubsub.tests.dotnet.dll" id="d7096ab1-e388-2747-b7bb-65279b32cd02">
      <Execution id="30472672-7872-4c5d-be59-65794a04855f" />
      <TestMethod codeBase="/Users/umair/Git/ably-dotnet/.claude/worktrees/agent-a3395f683ef309fa0/src/Ably.PubSub.Tests.DotNET/bin/Release/net6.0/Ably.PubSub.Tests.DotNET.dll" adapterTypeName="executor://xunit/VsTestRunner2/netcoreapp" className="IO.Ably.Tests.NETFramework.Realtime.RealtimeWorkflowSpecs+AckProtocolTests" name="WhenReceivingNonAckOrNackMessage_ShouldNotHandleAction" />
    </UnitTest>
    <UnitTest name="IO.Ably.Tests.NETFramework.Realtime.RealtimeWorkflowSpecs+AckProtocolTests.WhenReceivingNonAckOrNackMessage_ShouldNotHandleAction(action: Detached)" storage="/users/umair/git/ably-dotnet/.claude/worktrees/agent-a3395f683ef309fa0/src/ably.pubsub.tests.dotnet/bin/release/net6.0/ably.pubsub.tests.dotnet.dll" id="258b91b1-fcd3-fc87-26c2-9939aa0aab9a">
      <Execution id="1362e1df-0de9-4501-b584-ecfa239bec16" />
      <TestMethod codeBase="/Users/umair/Git/ably-dotnet/.claude/worktrees/agent-a3395f683ef309fa0/src/Ably.PubSub.Tests.DotNET/bin/Release/net6.0/Ably.PubSub.Tests.DotNET.dll" adapterTypeName="executor://xunit/VsTestRunner2/netcoreapp" className="IO.Ably.Tests.NETFramework.Realtime.RealtimeWorkflowSpecs+AckProtocolTests" name="WhenReceivingNonAckOrNackMessage_ShouldNotHandleAction" />
    </UnitTest>
    <UnitTest name="IO.Ably.Tests.NETFramework.Realtime.RealtimeWorkflowSpecs+AckProtocolTests.WhenReceivingNonAckOrNackMessage_ShouldNotHandleAction(action: Error)" storage="/users/umair/git/ably-dotnet/.claude/worktrees/agent-a3395f683ef309fa0/src/ably.pubsub.tests.dotnet/bin/release/net6.0/ably.pubsub.tests.dotnet.dll" id="c7ccee46-643a-d380-7b39-9837d83da452">
      <Execution id="708c74df-f647-4a22-9b26-8d2dc1a4f044" />
      <TestMethod codeBase="/Users/umair/Git/ably-dotnet/.claude/worktrees/agent-a3395f683ef309fa0/src/Ably.PubSub.Tests.DotNET/bin/Release/net6.0/Ably.PubSub.Tests.DotNET.dll" adapterTypeName="executor://xunit/VsTestRunner2/netcoreapp" className="IO.Ably.Tests.NETFramework.Realtime.RealtimeWorkflowSpecs+AckProtocolTests" name="WhenReceivingNonAckOrNackMessage_ShouldNotHandleAction" />
    </UnitTest>
    <UnitTest name="IO.Ably.Tests.NETFramework.Realtime.RealtimeWorkflowSpecs+AckProtocolTests.WhenReceivingNonAckOrNackMessage_ShouldNotHandleAction(action: Attached)" storage="/users/umair/git/ably-dotnet/.claude/worktrees/agent-a3395f683ef309fa0/src/ably.pubsub.tests.dotnet/bin/release/net6.0/ably.pubsub.tests.dotnet.dll" id="87cc4b8d-96cd-9edf-6f63-2d302b8e7462">
      <Execution id="ac7ba56d-567a-4f1f-9ad0-dc4c6a8a1269" />
      <TestMethod codeBase="/Users/umair/Git/ably-dotnet/.claude/worktrees/agent-a3395f683ef309fa0/src/Ably.PubSub.Tests.DotNET/bin/Release/net6.0/Ably.PubSub.Tests.DotNET.dll" adapterTypeName="executor://xunit/VsTestRunner2/netcoreapp" className="IO.Ably.Tests.NETFramework.Realtime.RealtimeWorkflowSpecs+AckProtocolTests" name="WhenReceivingNonAckOrNackMessage_ShouldNotHandleAction" />
    </UnitTest>
    <UnitTest name="IO.Ably.Tests.NETFramework.Realtime.RealtimeWorkflowSpecs+AckProtocolTests.WhenReceivingNonAckOrNackMessage_ShouldNotHandleAction(action: Sync)" storage="/users/umair/git/ably-dotnet/.claude/worktrees/agent-a3395f683ef309fa0/src/ably.pubsub.tests.dotnet/bin/release/net6.0/ably.pubsub.tests.dotnet.dll" id="e5cf275b-78bd-5517-3bae-570ec479798a">
      <Execution id="bca59389-cca2-4b77-86fe-3acac83a6b70" />
      <TestMethod codeBase="/Users/umair/Git/ably-dotnet/.claude/worktrees/agent-a3395f683ef309fa0/src/Ably.PubSub.Tests.DotNET/bin/Release/net6.0/Ably.PubSub.Tests.DotNET.dll" adapterTypeName="executor://xunit/VsTestRunner2/netcoreapp" className="IO.Ably.Tests.NETFramework.Realtime.RealtimeWorkflowSpecs+AckProtocolTests" name="WhenReceivingNonAckOrNackMessage_ShouldNotHandleAction" />
    </UnitTest>
    <UnitTest name="IO.Ably.Tests.NETFramework.Realtime.RealtimeWorkflowSpecs+AckProtocolTests.WhenReceivingNonAckOrNackMessage_ShouldNotHandleAction(action: Message)" storage="/users/umair/git/ably-dotnet/.claude/worktrees/agent-a3395f683ef309fa0/src/ably.pubsub.tests.dotnet/bin/release/net6.0/ably.pubsub.tests.dotnet.dll" id="86e0bfd8-e7e8-d3aa-9edb-1ad92b45b558">
      <Execution id="d9680589-4956-41ff-960f-37795a9b5082" />
      <TestMethod codeBase="/Users/umair/Git/ably-dotnet/.claude/worktrees/agent-a3395f683ef309fa0/src/Ably.PubSub.Tests.DotNET/bin/Release/net6.0/Ably.PubSub.Tests.DotNET.dll" adapterTypeName="executor://xunit/VsTestRunner2/netcoreapp" className="IO.Ably.Tests.NETFramework.Realtime.RealtimeWorkflowSpecs+AckProtocolTests" name="WhenReceivingNonAckOrNackMessage_ShouldNotHandleAction" />
    </UnitTest>
    <UnitTest name="IO.Ably.Tests.NETFramework.Realtime.RealtimeWorkflowSpecs+AckProtocolTests.WhenReceivingNonAckOrNackMessage_ShouldNotHandleAction(action: Close)" storage="/users/umair/git/ably-dotnet/.claude/worktrees/agent-a3395f683ef309fa0/src/ably.pubsub.tests.dotnet/bin/release/net6.0/ably.pubsub.tests.dotnet.dll" id="1866de6a-4868-dfa2-27a9-e2f9c24b376e">
      <Execution id="f1c37573-ea01-44a7-979b-fb9b751104b1" />
      <TestMethod codeBase="/Users/umair/Git/ably-dotnet/.claude/worktrees/agent-a3395f683ef309fa0/src/Ably.PubSub.Tests.DotNET/bin/Release/net6.0/Ably.PubSub.Tests.DotNET.dll" adapterTypeName="executor://xunit/VsTestRunner2/netcoreapp" className="IO.Ably.Tests.NETFramework.Realtime.RealtimeWorkflowSpecs+AckProtocolTests" name="WhenReceivingNonAckOrNackMessage_ShouldNotHandleAction" />
    </UnitTest>
    <UnitTest name="IO.Ably.Tests.NETFramework.Realtime.RealtimeWorkflowSpecs+AckProtocolTests.WhenReceivingNonAckOrNackMessage_ShouldNotHandleAction(action: Connected)" storage="/users/umair/git/ably-dotnet/.claude/worktrees/agent-a3395f683ef309fa0/src/ably.pubsub.tests.dotnet/bin/release/net6.0/ably.pubsub.tests.dotnet.dll" id="c36e303e-84f1-2cb0-c43f-0be6b7bf65a3">
      <Execution id="2640e4e5-06a3-4c8f-9cbf-27c3cf604359" />
      <TestMethod codeBase="/Users/umair/Git/ably-dotnet/.claude/worktrees/agent-a3395f683ef309fa0/src/Ably.PubSub.Tests.DotNET/bin/Release/net6.0/Ably.PubSub.Tests.DotNET.dll" adapterTypeName="executor://xunit/VsTestRunner2/netcoreapp" className="IO.Ably.Tests.NETFramework.Realtime.RealtimeWorkflowSpecs+AckProtocolTests" name="WhenReceivingNonAckOrNackMessage_ShouldNotHandleAction" />
    </UnitTest>
    <UnitTest name="IO.Ably.Tests.NETFramework.Realtime.RealtimeWorkflowSpecs+AckProtocolTests.WhenReceivingNonAckOrNackMessage_ShouldNotHandleAction(action: Disconnected)" storage="/users/umair/git/ably-dotnet/.claude/worktrees/agent-a3395f683ef309fa0/src/ably.pubsub.tests.dotnet/bin/release/net6.0/ably.pubsub.tests.dotnet.dll" id="1bb07b41-21f9-7d49-8f04-e023a4c98ed0">
      <Execution id="550039bd-0eda-4b29-bbcf-bfb527e2be57" />
      <TestMethod codeBase="/Users/umair/Git/ably-dotnet/.claude/worktrees/agent-a3395f683ef309fa0/src/Ably.PubSub.Tests.DotNET/bin/Release/net6.0/Ably.PubSub.Tests.DotNET.dll" adapterTypeName="executor://xunit/VsTestRunner2/netcoreapp" className="IO.Ably.Tests.NETFramework.Realtime.RealtimeWorkflowSpecs+AckProtocolTests" name="WhenReceivingNonAckOrNackMessage_ShouldNotHandleAction" />
    </UnitTest>
    <UnitTest name="IO.Ably.Tests.NETFramework.Realtime.RealtimeWorkflowSpecs+AckProtocolTests.WhenReceivingNonAckOrNackMessage_ShouldNotHandleAction(action: Attach)" storage="/users/umair/git/ably-dotnet/.claude/worktrees/agent-a3395f683ef309fa0/src/ably.pubsub.tests.dotnet/bin/release/net6.0/ably.pubsub.tests.dotnet.dll" id="50c1aa81-3983-b6c4-a373-5f6e3ba60cab">
      <Execution id="a2cd2b91-e299-4ad0-8a9b-bddcb16a918d" />
      <TestMethod codeBase="/Users/umair/Git/ably-dotnet/.claude/worktrees/agent-a3395f683ef309fa0/src/Ably.PubSub.Tests.DotNET/bin/Release/net6.0/Ably.PubSub.Tests.DotNET.dll" adapterTypeName="executor://xunit/VsTestRunner2/netcoreapp" className="IO.Ably.Tests.NETFramework.Realtime.RealtimeWorkflowSpecs+AckProtocolTests" name="WhenReceivingNonAckOrNackMessage_ShouldNotHandleAction" />
    </UnitTest>
    <UnitTest name="IO.Ably.Tests.NETFramework.Realtime.RealtimeWorkflowSpecs+AckProtocolTests.WhenReceivingNonAckOrNackMessage_ShouldNotHandleAction(action: Presence)" storage="/users/umair/git/ably-dotnet/.claude/worktrees/agent-a3395f683ef309fa0/src/ably.pubsub.tests.dotnet/bin/release/net6.0/ably.pubsub.tests.dotnet.dll" id="cc0407fb-4fc7-810b-5d85-6500435db4c2">
      <Execution id="bb4ca8ed-a6fa-480e-bcfb-75b1f4cfd2a7" />
      <TestMethod codeBase="/Users/umair/Git/ably-dotnet/.claude/worktrees/agent-a3395f683ef309fa0/src/Ably.PubSub.Tests.DotNET/bin/Release/net6.0/Ably.PubSub.Tests.DotNET.dll" adapterTypeName="executor://xunit/VsTestRunner2/netcoreapp" className="IO.Ably.Tests.NETFramework.Realtime.RealtimeWorkflowSpecs+AckProtocolTests" name="WhenReceivingNonAckOrNackMessage_ShouldNotHandleAction" />
    </UnitTest>
    <UnitTest name="IO.Ably.Tests.NETFramework.Realtime.RealtimeWorkflowSpecs+AckProtocolTests.WhenReceivingNonAckOrNackMessage_ShouldNotHandleAction(action: Detach)" storage="/users/umair/git/ably-dotnet/.claude/worktrees/agent-a3395f683ef309fa0/src/ably.pubsub.tests.dotnet/bin/release/net6.0/ably.pubsub.tests.dotnet.dll" id="28f16149-17f7-d259-5594-0f83c89d5613">
      <Execution id="54f4107e-d795-4b80-8427-0643793fe4d4" />
      <TestMethod codeBase="/Users/umair/Git/ably-dotnet/.claude/worktrees/agent-a3395f683ef309fa0/src/Ably.PubSub.Tests.DotNET/bin/Release/net6.0/Ably.PubSub.Tests.DotNET.dll" adapterTypeName="executor://xunit/VsTestRunner2/netcoreapp" className="IO.Ably.Tests.NETFramework.Realtime.RealtimeWorkflowSpecs+AckProtocolTests" name="WhenReceivingNonAckOrNackMessage_ShouldNotHandleAction" />
    </UnitTest>
    <UnitTest name="IO.Ably.Tests.NETFramework.Realtime.RealtimeWorkflowSpecs+AckProtocolTests.WhenReceivingNonAckOrNackMessage_ShouldNotHandleAction(action: Closed)" storage="/users/umair/git/ably-dotnet/.claude/worktrees/agent-a3395f683ef309fa0/src/ably.pubsub.tests.dotnet/bin/release/net6.0/ably.pubsub.tests.dotnet.dll" id="ecd71109-ce9c-32f0-1620-9f684ef9038f">
      <Execution id="7c6f7b69-efb4-4247-9288-a8c2ecfe7b9d" />
      <TestMethod codeBase="/Users/umair/Git/ably-dotnet/.claude/worktrees/agent-a3395f683ef309fa0/src/Ably.PubSub.Tests.DotNET/bin/Release/net6.0/Ably.PubSub.Tests.DotNET.dll" adapterTypeName="executor://xunit/VsTestRunner2/netcoreapp" className="IO.Ably.Tests.NETFramework.Realtime.RealtimeWorkflowSpecs+AckProtocolTests" name="WhenReceivingNonAckOrNackMessage_ShouldNotHandleAction" />
    </UnitTest>
  </TestDefinitions>
  <TestEntries>
    <TestEntry testId="c7ccee46-643a-d380-7b39-9837d83da452" executionId="708c74df-f647-4a22-9b26-8d2dc1a4f044" testListId="8c84fa94-04c1-424b-9868-57a2d4851a1d" />
    <TestEntry testId="c36e303e-84f1-2cb0-c43f-0be6b7bf65a3" executionId="2640e4e5-06a3-4c8f-9cbf-27c3cf604359" testListId="8c84fa94-04c1-424b-9868-57a2d4851a1d" />
    <TestEntry testId="f05d0a4a-ec8a-f584-4a7d-5b97ccf7bea7" executionId="8be36e50-c5c0-4c76-964c-e5cd2b7549ef" testListId="8c84fa94-04c1-424b-9868-57a2d4851a1d" />
    <TestEntry testId="86e0bfd8-e7e8-d3aa-9edb-1ad92b45b558" executionId="d9680589-4956-41ff-960f-37795a9b5082" testListId="8c84fa94-04c1-424b-9868-57a2d4851a1d" />
    <TestEntry testId="d707659d-bf47-69e7-6787-99bb0b9e352b" executionId="cd8e119f-f341-4494-9c10-f804f898cf3c" testListId="8c84fa94-04c1-424b-9868-57a2d4851a1d" />
    <TestEntry testId="ecd71109-ce9c-32f0-1620-9f684ef9038f" executionId="7c6f7b69-efb4-4247-9288-a8c2ecfe7b9d" testListId="8c84fa94-04c1-424b-9868-57a2d4851a1d" />
    <TestEntry testId="87cc4b8d-96cd-9edf-6f63-2d302b8e7462" executionId="ac7ba56d-567a-4f1f-9ad0-dc4c6a8a1269" testListId="8c84fa94-04c1-424b-9868-57a2d4851a1d" />
    <TestEntry testId="cc0407fb-4fc7-810b-5d85-6500435db4c2" executionId="bb4ca8ed-a6fa-480e-bcfb-75b1f4cfd2a7" testListId="8c84fa94-04c1-424b-9868-57a2d4851a1d" />
    <TestEntry testId="d7096ab1-e388-2747-b7bb-65279b32cd02" executionId="30472672-7872-4c5d-be59-65794a04855f" testListId="8c84fa94-04c1-424b-9868-57a2d4851a1d" />
    <TestEntry testId="1bb07b41-21f9-7d49-8f04-e023a4c98ed0" executionId="550039bd-0eda-4b29-bbcf-bfb527e2be57" testListId="8c84fa94-04c1-424b-9868-57a2d4851a1d" />
    <TestEntry testId="28f16149-17f7-d259-5594-0f83c89d5613" executionId="54f4107e-d795-4b80-8427-0643793fe4d4" testListId="8c84fa94-04c1-424b-9868-57a2d4851a1d" />
    <TestEntry testId="50c1aa81-3983-b6c4-a373-5f6e3ba60cab" executionId="a2cd2b91-e299-4ad0-8a9b-bddcb16a918d" testListId="8c84fa94-04c1-424b-9868-57a2d4851a1d" />
    <TestEntry testId="e5cf275b-78bd-5517-3bae-570ec479798a" executionId="bca59389-cca2-4b77-86fe-3acac83a6b70" testListId="8c84fa94-04c1-424b-9868-57a2d4851a1d" />
    <TestEntry testId="1866de6a-4868-dfa2-27a9-e2f9c24b376e" executionId="f1c37573-ea01-44a7-979b-fb9b751104b1" testListId="8c84fa94-04c1-424b-9868-57a2d4851a1d" />
    <TestEntry testId="258b91b1-fcd3-fc87-26c2-9939aa0aab9a" executionId="1362e1df-0de9-4501-b584-ecfa239bec16" testListId="8c84fa94-04c1-424b-9868-57a2d4851a1d" />
  </TestEntries>
  <TestLists>
    <TestList name="Results Not in a List" id="8c84fa94-04c1-424b-9868-57a2d4851a1d" />
    <TestList name="All Loaded Results" id="19431567-8539-422a-85d7-44ee4e166bda" />
  </TestLists>
  <ResultSummary outcome="Failed">
    <Counters total="15" executed="15" passed="0" failed="15" error="0" timeout="0" aborted="0" inconclusive="0" passedButRunAborted="0" notRunnable="0" notExecuted="0" disconnected="0" warning="0" completed="0" inProgress="0" pending="0" />
    <Output>
      <StdOut>[xUnit.net 00:00:00.00] xUnit.net VSTest Adapter v2.4.1 (64-bit .NET 6.0.36)
[xUnit.net 00:00:00.19]   Discovering: Ably.PubSub.Tests.DotNET
[xUnit.net 00:00:00.32]   Discovered:  Ably.PubSub.Tests.DotNET
[xUnit.net 00:00:00.32]   Starting:    Ably.PubSub.Tests.DotNET
[xUnit.net 00:00:00.36]       System.NullReferenceException : Object reference not set to an instance of an object.
[xUnit.net 00:00:00.36]       Stack Trace:
[xUnit.net 00:00:00.36]         /Users/umair/Git/ably-dotnet/.claude/worktrees/agent-a3395f683ef309fa0/src/Ably.PubSub.Shared/IoC.cs(40,0): at IO.Ably.IoC.RegisterOsNetworkStateChanged()
[xUnit.net 00:00:00.36]         /Users/umair/Git/ably-dotnet/.claude/worktrees/agent-a3395f683ef309fa0/src/Ably.PubSub.Shared/AblyRealtime.cs(73,0): at IO.Ably.AblyRealtime..ctor(ClientOptions options, Func`3 createRestFunc, IMobileDevice mobileDevice)
[xUnit.net 00:00:00.36]         /Users/umair/Git/ably-dotnet/.claude/worktrees/agent-a3395f683ef309fa0/src/Ably.PubSub.Tests.Shared/Infrastructure/AblyRealtimeSpecs.cs(71,0): at IO.Ably.Tests.AblyRealtimeSpecs.GetRealtimeClient(ClientOptions options, Func`2 handleRequestFunc, IMobileDevice mobileDevice)
[xUnit.net 00:00:00.36]         /Users/umair/Git/ably-dotnet/.claude/worktrees/agent-a3395f683ef309fa0/src/Ably.PubSub.Tests.Shared/Infrastructure/AblyRealtimeSpecs.cs(140,0): at IO.Ably.Tests.AblyRealtimeSpecs.GetDisconnectedClient(ClientOptions options)
[xUnit.net 00:00:00.36]         /Users/umair/Git/ably-dotnet/.claude/worktrees/agent-a3395f683ef309fa0/src/Ably.PubSub.Tests.Shared/Realtime/RealtimeWorkflowSpecs.cs(426,0): at IO.Ably.Tests.NETFramework.Realtime.RealtimeWorkflowSpecs.AckProtocolTests.WhenReceivingNonAckOrNackMessage_ShouldNotHandleAction(MessageAction action)
[xUnit.net 00:00:00.36]         --- End of stack trace from previous location ---
[xUnit.net 00:00:00.36]       System.NullReferenceException : Object reference not set to an instance of an object.
[xUnit.net 00:00:00.36]       Stack Trace:
[xUnit.net 00:00:00.36]         /Users/umair/Git/ably-dotnet/.claude/worktrees/agent-a3395f683ef309fa0/src/Ably.PubSub.Shared/IoC.cs(40,0): at IO.Ably.IoC.RegisterOsNetworkStateChanged()
[xUnit.net 00:00:00.36]         /Users/umair/Git/ably-dotnet/.claude/worktrees/agent-a3395f683ef309fa0/src/Ably.PubSub.Shared/AblyRealtime.cs(73,0): at IO.Ably.AblyRealtime..ctor(ClientOptions options, Func`3 createRestFunc, IMobileDevice mobileDevice)
[xUnit.net 00:00:00.36]         /Users/umair/Git/ably-dotnet/.claude/worktrees/agent-a3395f683ef309fa0/src/Ably.PubSub.Tests.Shared/Infrastructure/AblyRealtimeSpecs.cs(71,0): at IO.Ably.Tests.AblyRealtimeSpecs.GetRealtimeClient(ClientOptions options, Func`2 handleRequestFunc, IMobileDevice mobileDevice)
[xUnit.net 00:00:00.36]         /Users/umair/Git/ably-dotnet/.claude/worktrees/agent-a3395f683ef309fa0/src/Ably.PubSub.Tests.Shared/Infrastructure/AblyRealtimeSpecs.cs(140,0): at IO.Ably.Tests.AblyRealtimeSpecs.GetDisconnectedClient(ClientOptions options)
[xUnit.net 00:00:00.36]         /Users/umair/Git/ably-dotnet/.claude/worktrees/agent-a3395f683ef309fa0/src/Ably.PubSub.Tests.Shared/Realtime/RealtimeWorkflowSpecs.cs(426,0): at IO.Ably.Tests.NETFramework.Realtime.RealtimeWorkflowSpecs.AckProtocolTests.WhenReceivingNonAckOrNackMessage_ShouldNotHandleAction(MessageAction action)
[xUnit.net 00:00:00.36]         --- End of stack trace from previous location ---
[xUnit.net 00:00:00.36]       System.NullReferenceException : Object reference not set to an instance of an object.
[xUnit.net 00:00:00.36]       Stack Trace:
[xUnit.net 00:00:00.36]         /Users/umair/Git/ably-dotnet/.claude/worktrees/agent-a3395f683ef309fa0/src/Ably.PubSub.Shared/IoC.cs(40,0): at IO.Ably.IoC.RegisterOsNetworkStateChanged()
[xUnit.net 00:00:00.36]         /Users/umair/Git/ably-dotnet/.claude/worktrees/agent-a3395f683ef309fa0/src/Ably.PubSub.Shared/AblyRealtime.cs(73,0): at IO.Ably.AblyRealtime..ctor(ClientOptions options, Func`3 createRestFunc, IMobileDevice mobileDevice)
[xUnit.net 00:00:00.36]         /Users/umair/Git/ably-dotnet/.claude/worktrees/agent-a3395f683ef309fa0/src/Ably.PubSub.Tests.Shared/Infrastructure/AblyRealtimeSpecs.cs(71,0): at IO.Ably.Tests.AblyRealtimeSpecs.GetRealtimeClient(ClientOptions options, Func`2 handleRequestFunc, IMobileDevice mobileDevice)
[xUnit.net 00:00:00.36]         /Users/umair/Git/ably-dotnet/.claude/worktrees/agent-a3395f683ef309fa0/src/Ably.PubSub.Tests.Shared/Infrastructure/AblyRealtimeSpecs.cs(140,0): at IO.Ably.Tests.AblyRealtimeSpecs.GetDisconnectedClient(ClientOptions options)
[xUnit.net 00:00:00.36]         /Users/umair/Git/ably-dotnet/.claude/worktrees/agent-a3395f683ef309fa0/src/Ably.PubSub.Tests.Shared/Realtime/RealtimeWorkflowSpecs.cs(426,0): at IO.Ably.Tests.NETFramework.Realtime.RealtimeWorkflowSpecs.AckProtocolTests.WhenReceivingNonAckOrNackMessage_ShouldNotHandleAction(MessageAction action)
[xUnit.net 00:00:00.36]         --- End of stack trace from previous location ---
[xUnit.net 00:00:00.36]       System.NullReferenceException : Object reference not set to an instance of an object.
[xUnit.net 00:00:00.36]       Stack Trace:
[xUnit.net 00:00:00.36]         /Users/umair/Git/ably-dotnet/.claude/worktrees/agent-a3395f683ef309fa0/src/Ably.PubSub.Shared/IoC.cs(40,0): at IO.Ably.IoC.RegisterOsNetworkStateChanged()
[xUnit.net 00:00:00.36]         /Users/umair/Git/ably-dotnet/.claude/worktrees/agent-a3395f683ef309fa0/src/Ably.PubSub.Shared/AblyRealtime.cs(73,0): at IO.Ably.AblyRealtime..ctor(ClientOptions options, Func`3 createRestFunc, IMobileDevice mobileDevice)
[xUnit.net 00:00:00.36]         /Users/umair/Git/ably-dotnet/.claude/worktrees/agent-a3395f683ef309fa0/src/Ably.PubSub.Tests.Shared/Infrastructure/AblyRealtimeSpecs.cs(71,0): at IO.Ably.Tests.AblyRealtimeSpecs.GetRealtimeClient(ClientOptions options, Func`2 handleRequestFunc, IMobileDevice mobileDevice)
[xUnit.net 00:00:00.36]         /Users/umair/Git/ably-dotnet/.claude/worktrees/agent-a3395f683ef309fa0/src/Ably.PubSub.Tests.Shared/Infrastructure/AblyRealtimeSpecs.cs(140,0): at IO.Ably.Tests.AblyRealtimeSpecs.GetDisconnectedClient(ClientOptions options)
[xUnit.net 00:00:00.36]         /Users/umair/Git/ably-dotnet/.claude/worktrees/agent-a3395f683ef309fa0/src/Ably.PubSub.Tests.Shared/Realtime/RealtimeWorkflowSpecs.cs(426,0): at IO.Ably.Tests.NETFramework.Realtime.RealtimeWorkflowSpecs.AckProtocolTests.WhenReceivingNonAckOrNackMessage_ShouldNotHandleAction(MessageAction action)
[xUnit.net 00:00:00.36]         --- End of stack trace from previous location ---
[xUnit.net 00:00:00.36]       System.NullReferenceException : Object reference not set to an instance of an object.
[xUnit.net 00:00:00.36]       Stack Trace:
[xUnit.net 00:00:00.36]         /Users/umair/Git/ably-dotnet/.claude/worktrees/agent-a3395f683ef309fa0/src/Ably.PubSub.Shared/IoC.cs(40,0): at IO.Ably.IoC.RegisterOsNetworkStateChanged()
[xUnit.net 00:00:00.36]         /Users/umair/Git/ably-dotnet/.claude/worktrees/agent-a3395f683ef309fa0/src/Ably.PubSub.Shared/AblyRealtime.cs(73,0): at IO.Ably.AblyRealtime..ctor(ClientOptions options, Func`3 createRestFunc, IMobileDevice mobileDevice)
[xUnit.net 00:00:00.36]         /Users/umair/Git/ably-dotnet/.claude/worktrees/agent-a3395f683ef309fa0/src/Ably.PubSub.Tests.Shared/Infrastructure/AblyRealtimeSpecs.cs(71,0): at IO.Ably.Tests.AblyRealtimeSpecs.GetRealtimeClient(ClientOptions options, Func`2 handleRequestFunc, IMobileDevice mobileDevice)
[xUnit.net 00:00:00.36]         /Users/umair/Git/ably-dotnet/.claude/worktrees/agent-a3395f683ef309fa0/src/Ably.PubSub.Tests.Shared/Infrastructure/AblyRealtimeSpecs.cs(140,0): at IO.Ably.Tests.AblyRealtimeSpecs.GetDisconnectedClient(ClientOptions options)
[xUnit.net 00:00:00.36]         /Users/umair/Git/ably-dotnet/.claude/worktrees/agent-a3395f683ef309fa0/src/Ably.PubSub.Tests.Shared/Realtime/RealtimeWorkflowSpecs.cs(426,0): at IO.Ably.Tests.NETFramework.Realtime.RealtimeWorkflowSpecs.AckProtocolTests.WhenReceivingNonAckOrNackMessage_ShouldNotHandleAction(MessageAction action)
[xUnit.net 00:00:00.36]         --- End of stack trace from previous location ---
[xUnit.net 00:00:00.36]       System.NullReferenceException : Object reference not set to an instance of an object.
[xUnit.net 00:00:00.36]       Stack Trace:
[xUnit.net 00:00:00.36]         /Users/umair/Git/ably-dotnet/.claude/worktrees/agent-a3395f683ef309fa0/src/Ably.PubSub.Shared/IoC.cs(40,0): at IO.Ably.IoC.RegisterOsNetworkStateChanged()
[xUnit.net 00:00:00.36]         /Users/umair/Git/ably-dotnet/.claude/worktrees/agent-a3395f683ef309fa0/src/Ably.PubSub.Shared/AblyRealtime.cs(73,0): at IO.Ably.AblyRealtime..ctor(ClientOptions options, Func`3 createRestFunc, IMobileDevice mobileDevice)
[xUnit.net 00:00:00.36]         /Users/umair/Git/ably-dotnet/.claude/worktrees/agent-a3395f683ef309fa0/src/Ably.PubSub.Tests.Shared/Infrastructure/AblyRealtimeSpecs.cs(71,0): at IO.Ably.Tests.AblyRealtimeSpecs.GetRealtimeClient(ClientOptions options, Func`2 handleRequestFunc, IMobileDevice mobileDevice)
[xUnit.net 00:00:00.36]         /Users/umair/Git/ably-dotnet/.claude/worktrees/agent-a3395f683ef309fa0/src/Ably.PubSub.Tests.Shared/Infrastructure/AblyRealtimeSpecs.cs(140,0): at IO.Ably.Tests.AblyRealtimeSpecs.GetDisconnectedClient(ClientOptions options)
[xUnit.net 00:00:00.36]         /Users/umair/Git/ably-dotnet/.claude/worktrees/agent-a3395f683ef309fa0/src/Ably.PubSub.Tests.Shared/Realtime/RealtimeWorkflowSpecs.cs(426,0): at IO.Ably.Tests.NETFramework.Realtime.RealtimeWorkflowSpecs.AckProtocolTests.WhenReceivingNonAckOrNackMessage_ShouldNotHandleAction(MessageAction action)
[xUnit.net 00:00:00.36]         --- End of stack trace from previous location ---
[xUnit.net 00:00:00.36]       System.NullReferenceException : Object reference not set to an instance of an object.
[xUnit.net 00:00:00.36]       Stack Trace:
[xUnit.net 00:00:00.36]         /Users/umair/Git/ably-dotnet/.claude/worktrees/agent-a3395f683ef309fa0/src/Ably.PubSub.Shared/IoC.cs(40,0): at IO.Ably.IoC.RegisterOsNetworkStateChanged()
[xUnit.net 00:00:00.36]         /Users/umair/Git/ably-dotnet/.claude/worktrees/agent-a3395f683ef309fa0/src/Ably.PubSub.Shared/AblyRealtime.cs(73,0): at IO.Ably.AblyRealtime..ctor(ClientOptions options, Func`3 createRestFunc, IMobileDevice mobileDevice)
[xUnit.net 00:00:00.36]         /Users/umair/Git/ably-dotnet/.claude/worktrees/agent-a3395f683ef309fa0/src/Ably.PubSub.Tests.Shared/Infrastructure/AblyRealtimeSpecs.cs(71,0): at IO.Ably.Tests.AblyRealtimeSpecs.GetRealtimeClient(ClientOptions options, Func`2 handleRequestFunc, IMobileDevice mobileDevice)
[xUnit.net 00:00:00.36]         /Users/umair/Git/ably-dotnet/.claude/worktrees/agent-a3395f683ef309fa0/src/Ably.PubSub.Tests.Shared/Infrastructure/AblyRealtimeSpecs.cs(140,0): at IO.Ably.Tests.AblyRealtimeSpecs.GetDisconnectedClient(ClientOptions options)
[xUnit.net 00:00:00.36]         /Users/umair/Git/ably-dotnet/.claude/worktrees/agent-a3395f683ef309fa0/src/Ably.PubSub.Tests.Shared/Realtime/RealtimeWorkflowSpecs.cs(426,0): at IO.Ably.Tests.NETFramework.Realtime.RealtimeWorkflowSpecs.AckProtocolTests.WhenReceivingNonAckOrNackMessage_ShouldNotHandleAction(MessageAction action)
[xUnit.net 00:00:00.36]         --- End of stack trace from previous location ---
[xUnit.net 00:00:00.36]       System.NullReferenceException : Object reference not set to an instance of an object.
[xUnit.net 00:00:00.36]       Stack Trace:
[xUnit.net 00:00:00.36]         /Users/umair/Git/ably-dotnet/.claude/worktrees/agent-a3395f683ef309fa0/src/Ably.PubSub.Shared/IoC.cs(40,0): at IO.Ably.IoC.RegisterOsNetworkStateChanged()
[xUnit.net 00:00:00.36]         /Users/umair/Git/ably-dotnet/.claude/worktrees/agent-a3395f683ef309fa0/src/Ably.PubSub.Shared/AblyRealtime.cs(73,0): at IO.Ably.AblyRealtime..ctor(ClientOptions options, Func`3 createRestFunc, IMobileDevice mobileDevice)
[xUnit.net 00:00:00.36]         /Users/umair/Git/ably-dotnet/.claude/worktrees/agent-a3395f683ef309fa0/src/Ably.PubSub.Tests.Shared/Infrastructure/AblyRealtimeSpecs.cs(71,0): at IO.Ably.Tests.AblyRealtimeSpecs.GetRealtimeClient(ClientOptions options, Func`2 handleRequestFunc, IMobileDevice mobileDevice)
[xUnit.net 00:00:00.36]         /Users/umair/Git/ably-dotnet/.claude/worktrees/agent-a3395f683ef309fa0/src/Ably.PubSub.Tests.Shared/Infrastructure/AblyRealtimeSpecs.cs(140,0): at IO.Ably.Tests.AblyRealtimeSpecs.GetDisconnectedClient(ClientOptions options)
[xUnit.net 00:00:00.36]         /Users/umair/Git/ably-dotnet/.claude/worktrees/agent-a3395f683ef309fa0/src/Ably.PubSub.Tests.Shared/Realtime/RealtimeWorkflowSpecs.cs(426,0): at IO.Ably.Tests.NETFramework.Realtime.RealtimeWorkflowSpecs.AckProtocolTests.WhenReceivingNonAckOrNackMessage_ShouldNotHandleAction(MessageAction action)
[xUnit.net 00:00:00.36]         --- End of stack trace from previous location ---
[xUnit.net 00:00:00.36]       System.NullReferenceException : Object reference not set to an instance of an object.
[xUnit.net 00:00:00.36]       Stack Trace:
[xUnit.net 00:00:00.36]         /Users/umair/Git/ably-dotnet/.claude/worktrees/agent-a3395f683ef309fa0/src/Ably.PubSub.Shared/IoC.cs(40,0): at IO.Ably.IoC.RegisterOsNetworkStateChanged()
[xUnit.net 00:00:00.36]         /Users/umair/Git/ably-dotnet/.claude/worktrees/agent-a3395f683ef309fa0/src/Ably.PubSub.Shared/AblyRealtime.cs(73,0): at IO.Ably.AblyRealtime..ctor(ClientOptions options, Func`3 createRestFunc, IMobileDevice mobileDevice)
[xUnit.net 00:00:00.36]         /Users/umair/Git/ably-dotnet/.claude/worktrees/agent-a3395f683ef309fa0/src/Ably.PubSub.Tests.Shared/Infrastructure/AblyRealtimeSpecs.cs(71,0): at IO.Ably.Tests.AblyRealtimeSpecs.GetRealtimeClient(ClientOptions options, Func`2 handleRequestFunc, IMobileDevice mobileDevice)
[xUnit.net 00:00:00.36]         /Users/umair/Git/ably-dotnet/.claude/worktrees/agent-a3395f683ef309fa0/src/Ably.PubSub.Tests.Shared/Infrastructure/AblyRealtimeSpecs.cs(140,0): at IO.Ably.Tests.AblyRealtimeSpecs.GetDisconnectedClient(ClientOptions options)
[xUnit.net 00:00:00.37]         /Users/umair/Git/ably-dotnet/.claude/worktrees/agent-a3395f683ef309fa0/src/Ably.PubSub.Tests.Shared/Realtime/RealtimeWorkflowSpecs.cs(426,0): at IO.Ably.Tests.NETFramework.Realtime.RealtimeWorkflowSpecs.AckProtocolTests.WhenReceivingNonAckOrNackMessage_ShouldNotHandleAction(MessageAction action)
[xUnit.net 00:00:00.37]         --- End of stack trace from previous location ---
[xUnit.net 00:00:00.38]       System.NullReferenceException : Object reference not set to an instance of an object.
[xUnit.net 00:00:00.38]       Stack Trace:
[xUnit.net 00:00:00.38]         /Users/umair/Git/ably-dotnet/.claude/worktrees/agent-a3395f683ef309fa0/src/Ably.PubSub.Shared/IoC.cs(40,0): at IO.Ably.IoC.RegisterOsNetworkStateChanged()
[xUnit.net 00:00:00.38]         /Users/umair/Git/ably-dotnet/.claude/worktrees/agent-a3395f683ef309fa0/src/Ably.PubSub.Shared/AblyRealtime.cs(73,0): at IO.Ably.AblyRealtime..ctor(ClientOptions options, Func`3 createRestFunc, IMobileDevice mobileDevice)
[xUnit.net 00:00:00.38]         /Users/umair/Git/ably-dotnet/.claude/worktrees/agent-a3395f683ef309fa0/src/Ably.PubSub.Tests.Shared/Infrastructure/AblyRealtimeSpecs.cs(71,0): at IO.Ably.Tests.AblyRealtimeSpecs.GetRealtimeClient(ClientOptions options, Func`2 handleRequestFunc, IMobileDevice mobileDevice)
[xUnit.net 00:00:00.38]         /Users/umair/Git/ably-dotnet/.claude/worktrees/agent-a3395f683ef309fa0/src/Ably.PubSub.Tests.Shared/Infrastructure/AblyRealtimeSpecs.cs(140,0): at IO.Ably.Tests.AblyRealtimeSpecs.GetDisconnectedClient(ClientOptions options)
[xUnit.net 00:00:00.38]         /Users/umair/Git/ably-dotnet/.claude/worktrees/agent-a3395f683ef309fa0/src/Ably.PubSub.Tests.Shared/Realtime/RealtimeWorkflowSpecs.cs(426,0): at IO.Ably.Tests.NETFramework.Realtime.RealtimeWorkflowSpecs.AckProtocolTests.WhenReceivingNonAckOrNackMessage_ShouldNotHandleAction(MessageAction action)
[xUnit.net 00:00:00.38]         --- End of stack trace from previous location ---
[xUnit.net 00:00:00.38]       System.NullReferenceException : Object reference not set to an instance of an object.
[xUnit.net 00:00:00.38]       Stack Trace:
[xUnit.net 00:00:00.38]         /Users/umair/Git/ably-dotnet/.claude/worktrees/agent-a3395f683ef309fa0/src/Ably.PubSub.Shared/IoC.cs(40,0): at IO.Ably.IoC.RegisterOsNetworkStateChanged()
[xUnit.net 00:00:00.38]         /Users/umair/Git/ably-dotnet/.claude/worktrees/agent-a3395f683ef309fa0/src/Ably.PubSub.Shared/AblyRealtime.cs(73,0): at IO.Ably.AblyRealtime..ctor(ClientOptions options, Func`3 createRestFunc, IMobileDevice mobileDevice)
[xUnit.net 00:00:00.38]         /Users/umair/Git/ably-dotnet/.claude/worktrees/agent-a3395f683ef309fa0/src/Ably.PubSub.Tests.Shared/Infrastructure/AblyRealtimeSpecs.cs(71,0): at IO.Ably.Tests.AblyRealtimeSpecs.GetRealtimeClient(ClientOptions options, Func`2 handleRequestFunc, IMobileDevice mobileDevice)
[xUnit.net 00:00:00.38]         /Users/umair/Git/ably-dotnet/.claude/worktrees/agent-a3395f683ef309fa0/src/Ably.PubSub.Tests.Shared/Infrastructure/AblyRealtimeSpecs.cs(140,0): at IO.Ably.Tests.AblyRealtimeSpecs.GetDisconnectedClient(ClientOptions options)
[xUnit.net 00:00:00.38]         /Users/umair/Git/ably-dotnet/.claude/worktrees/agent-a3395f683ef309fa0/src/Ably.PubSub.Tests.Shared/Realtime/RealtimeWorkflowSpecs.cs(426,0): at IO.Ably.Tests.NETFramework.Realtime.RealtimeWorkflowSpecs.AckProtocolTests.WhenReceivingNonAckOrNackMessage_ShouldNotHandleAction(MessageAction action)
[xUnit.net 00:00:00.38]         --- End of stack trace from previous location ---
[xUnit.net 00:00:00.38]       System.NullReferenceException : Object reference not set to an instance of an object.
[xUnit.net 00:00:00.38]       Stack Trace:
[xUnit.net 00:00:00.38]         /Users/umair/Git/ably-dotnet/.claude/worktrees/agent-a3395f683ef309fa0/src/Ably.PubSub.Shared/IoC.cs(40,0): at IO.Ably.IoC.RegisterOsNetworkStateChanged()
[xUnit.net 00:00:00.38]         /Users/umair/Git/ably-dotnet/.claude/worktrees/agent-a3395f683ef309fa0/src/Ably.PubSub.Shared/AblyRealtime.cs(73,0): at IO.Ably.AblyRealtime..ctor(ClientOptions options, Func`3 createRestFunc, IMobileDevice mobileDevice)
[xUnit.net 00:00:00.38]         /Users/umair/Git/ably-dotnet/.claude/worktrees/agent-a3395f683ef309fa0/src/Ably.PubSub.Tests.Shared/Infrastructure/AblyRealtimeSpecs.cs(71,0): at IO.Ably.Tests.AblyRealtimeSpecs.GetRealtimeClient(ClientOptions options, Func`2 handleRequestFunc, IMobileDevice mobileDevice)
[xUnit.net 00:00:00.38]         /Users/umair/Git/ably-dotnet/.claude/worktrees/agent-a3395f683ef309fa0/src/Ably.PubSub.Tests.Shared/Infrastructure/AblyRealtimeSpecs.cs(140,0): at IO.Ably.Tests.AblyRealtimeSpecs.GetDisconnectedClient(ClientOptions options)
[xUnit.net 00:00:00.38]         /Users/umair/Git/ably-dotnet/.claude/worktrees/agent-a3395f683ef309fa0/src/Ably.PubSub.Tests.Shared/Realtime/RealtimeWorkflowSpecs.cs(426,0): at IO.Ably.Tests.NETFramework.Realtime.RealtimeWorkflowSpecs.AckProtocolTests.WhenReceivingNonAckOrNackMessage_ShouldNotHandleAction(MessageAction action)
[xUnit.net 00:00:00.38]         --- End of stack trace from previous location ---
[xUnit.net 00:00:00.38]       System.NullReferenceException : Object reference not set to an instance of an object.
[xUnit.net 00:00:00.38]       Stack Trace:
[xUnit.net 00:00:00.38]         /Users/umair/Git/ably-dotnet/.claude/worktrees/agent-a3395f683ef309fa0/src/Ably.PubSub.Shared/IoC.cs(40,0): at IO.Ably.IoC.RegisterOsNetworkStateChanged()
[xUnit.net 00:00:00.38]         /Users/umair/Git/ably-dotnet/.claude/worktrees/agent-a3395f683ef309fa0/src/Ably.PubSub.Shared/AblyRealtime.cs(73,0): at IO.Ably.AblyRealtime..ctor(ClientOptions options, Func`3 createRestFunc, IMobileDevice mobileDevice)
[xUnit.net 00:00:00.38]         /Users/umair/Git/ably-dotnet/.claude/worktrees/agent-a3395f683ef309fa0/src/Ably.PubSub.Tests.Shared/Infrastructure/AblyRealtimeSpecs.cs(71,0): at IO.Ably.Tests.AblyRealtimeSpecs.GetRealtimeClient(ClientOptions options, Func`2 handleRequestFunc, IMobileDevice mobileDevice)
[xUnit.net 00:00:00.38]         /Users/umair/Git/ably-dotnet/.claude/worktrees/agent-a3395f683ef309fa0/src/Ably.PubSub.Tests.Shared/Infrastructure/AblyRealtimeSpecs.cs(140,0): at IO.Ably.Tests.AblyRealtimeSpecs.GetDisconnectedClient(ClientOptions options)
[xUnit.net 00:00:00.38]         /Users/umair/Git/ably-dotnet/.claude/worktrees/agent-a3395f683ef309fa0/src/Ably.PubSub.Tests.Shared/Realtime/RealtimeWorkflowSpecs.cs(426,0): at IO.Ably.Tests.NETFramework.Realtime.RealtimeWorkflowSpecs.AckProtocolTests.WhenReceivingNonAckOrNackMessage_ShouldNotHandleAction(MessageAction action)
[xUnit.net 00:00:00.38]         --- End of stack trace from previous location ---
[xUnit.net 00:00:00.38]       System.NullReferenceException : Object reference not set to an instance of an object.
[xUnit.net 00:00:00.38]       Stack Trace:
[xUnit.net 00:00:00.38]         /Users/umair/Git/ably-dotnet/.claude/worktrees/agent-a3395f683ef309fa0/src/Ably.PubSub.Shared/IoC.cs(40,0): at IO.Ably.IoC.RegisterOsNetworkStateChanged()
[xUnit.net 00:00:00.38]         /Users/umair/Git/ably-dotnet/.claude/worktrees/agent-a3395f683ef309fa0/src/Ably.PubSub.Shared/AblyRealtime.cs(73,0): at IO.Ably.AblyRealtime..ctor(ClientOptions options, Func`3 createRestFunc, IMobileDevice mobileDevice)
[xUnit.net 00:00:00.38]         /Users/umair/Git/ably-dotnet/.claude/worktrees/agent-a3395f683ef309fa0/src/Ably.PubSub.Tests.Shared/Infrastructure/AblyRealtimeSpecs.cs(71,0): at IO.Ably.Tests.AblyRealtimeSpecs.GetRealtimeClient(ClientOptions options, Func`2 handleRequestFunc, IMobileDevice mobileDevice)
[xUnit.net 00:00:00.38]         /Users/umair/Git/ably-dotnet/.claude/worktrees/agent-a3395f683ef309fa0/src/Ably.PubSub.Tests.Shared/Infrastructure/AblyRealtimeSpecs.cs(140,0): at IO.Ably.Tests.AblyRealtimeSpecs.GetDisconnectedClient(ClientOptions options)
[xUnit.net 00:00:00.38]         /Users/umair/Git/ably-dotnet/.claude/worktrees/agent-a3395f683ef309fa0/src/Ably.PubSub.Tests.Shared/Realtime/RealtimeWorkflowSpecs.cs(426,0): at IO.Ably.Tests.NETFramework.Realtime.RealtimeWorkflowSpecs.AckProtocolTests.WhenReceivingNonAckOrNackMessage_ShouldNotHandleAction(MessageAction action)
[xUnit.net 00:00:00.38]         --- End of stack trace from previous location ---
[xUnit.net 00:00:00.38]       System.NullReferenceException : Object reference not set to an instance of an object.
[xUnit.net 00:00:00.38]       Stack Trace:
[xUnit.net 00:00:00.38]         /Users/umair/Git/ably-dotnet/.claude/worktrees/agent-a3395f683ef309fa0/src/Ably.PubSub.Shared/IoC.cs(40,0): at IO.Ably.IoC.RegisterOsNetworkStateChanged()
[xUnit.net 00:00:00.38]         /Users/umair/Git/ably-dotnet/.claude/worktrees/agent-a3395f683ef309fa0/src/Ably.PubSub.Shared/AblyRealtime.cs(73,0): at IO.Ably.AblyRealtime..ctor(ClientOptions options, Func`3 createRestFunc, IMobileDevice mobileDevice)
[xUnit.net 00:00:00.38]         /Users/umair/Git/ably-dotnet/.claude/worktrees/agent-a3395f683ef309fa0/src/Ably.PubSub.Tests.Shared/Infrastructure/AblyRealtimeSpecs.cs(71,0): at IO.Ably.Tests.AblyRealtimeSpecs.GetRealtimeClient(ClientOptions options, Func`2 handleRequestFunc, IMobileDevice mobileDevice)
[xUnit.net 00:00:00.38]         /Users/umair/Git/ably-dotnet/.claude/worktrees/agent-a3395f683ef309fa0/src/Ably.PubSub.Tests.Shared/Infrastructure/AblyRealtimeSpecs.cs(140,0): at IO.Ably.Tests.AblyRealtimeSpecs.GetDisconnectedClient(ClientOptions options)
[xUnit.net 00:00:00.38]         /Users/umair/Git/ably-dotnet/.claude/worktrees/agent-a3395f683ef309fa0/src/Ably.PubSub.Tests.Shared/Realtime/RealtimeWorkflowSpecs.cs(426,0): at IO.Ably.Tests.NETFramework.Realtime.RealtimeWorkflowSpecs.AckProtocolTests.WhenReceivingNonAckOrNackMessage_ShouldNotHandleAction(MessageAction action)
[xUnit.net 00:00:00.38]         --- End of stack trace from previous location ---
[xUnit.net 00:00:00.38]   Finished:    Ably.PubSub.Tests.DotNET
</StdOut>
    </Output>
    <RunInfos>
      <RunInfo computerName="Umair's-MacBook-Pro" outcome="Error" timestamp="2026-09-02T14:40:48.8532320+01:00">
        <Text>[xUnit.net 00:00:00.36]     IO.Ably.Tests.NETFramework.Realtime.RealtimeWorkflowSpecs+AckProtocolTests.WhenReceivingNonAckOrNackMessage_ShouldNotHandleAction(action: Disconnect) [FAIL]</Text>
      </RunInfo>
      <RunInfo computerName="Umair's-MacBook-Pro" outcome="Error" timestamp="2026-09-02T14:40:48.8563470+01:00">
        <Text>[xUnit.net 00:00:00.36]     IO.Ably.Tests.NETFramework.Realtime.RealtimeWorkflowSpecs+AckProtocolTests.WhenReceivingNonAckOrNackMessage_ShouldNotHandleAction(action: Detached) [FAIL]</Text>
      </RunInfo>
      <RunInfo computerName="Umair's-MacBook-Pro" outcome="Error" timestamp="2026-09-02T14:40:48.8565800+01:00">
        <Text>[xUnit.net 00:00:00.36]     IO.Ably.Tests.NETFramework.Realtime.RealtimeWorkflowSpecs+AckProtocolTests.WhenReceivingNonAckOrNackMessage_ShouldNotHandleAction(action: Connected) [FAIL]</Text>
      </RunInfo>
      <RunInfo computerName="Umair's-MacBook-Pro" outcome="Error" timestamp="2026-09-02T14:40:48.8568220+01:00">
        <Text>[xUnit.net 00:00:00.36]     IO.Ably.Tests.NETFramework.Realtime.RealtimeWorkflowSpecs+AckProtocolTests.WhenReceivingNonAckOrNackMessage_ShouldNotHandleAction(action: Message) [FAIL]</Text>
      </RunInfo>
      <RunInfo computerName="Umair's-MacBook-Pro" outcome="Error" timestamp="2026-09-02T14:40:48.8569800+01:00">
        <Text>[xUnit.net 00:00:00.36]     IO.Ably.Tests.NETFramework.Realtime.RealtimeWorkflowSpecs+AckProtocolTests.WhenReceivingNonAckOrNackMessage_ShouldNotHandleAction(action: Connect) [FAIL]</Text>
      </RunInfo>
      <RunInfo computerName="Umair's-MacBook-Pro" outcome="Error" timestamp="2026-09-02T14:40:48.8571700+01:00">
        <Text>[xUnit.net 00:00:00.36]     IO.Ably.Tests.NETFramework.Realtime.RealtimeWorkflowSpecs+AckProtocolTests.WhenReceivingNonAckOrNackMessage_ShouldNotHandleAction(action: Presence) [FAIL]</Text>
      </RunInfo>
      <RunInfo computerName="Umair's-MacBook-Pro" outcome="Error" timestamp="2026-09-02T14:40:48.8573440+01:00">
        <Text>[xUnit.net 00:00:00.36]     IO.Ably.Tests.NETFramework.Realtime.RealtimeWorkflowSpecs+AckProtocolTests.WhenReceivingNonAckOrNackMessage_ShouldNotHandleAction(action: Attach) [FAIL]</Text>
      </RunInfo>
      <RunInfo computerName="Umair's-MacBook-Pro" outcome="Error" timestamp="2026-09-02T14:40:48.8574950+01:00">
        <Text>[xUnit.net 00:00:00.36]     IO.Ably.Tests.NETFramework.Realtime.RealtimeWorkflowSpecs+AckProtocolTests.WhenReceivingNonAckOrNackMessage_ShouldNotHandleAction(action: Error) [FAIL]</Text>
      </RunInfo>
      <RunInfo computerName="Umair's-MacBook-Pro" outcome="Error" timestamp="2026-09-02T14:40:48.8576530+01:00">
        <Text>[xUnit.net 00:00:00.36]     IO.Ably.Tests.NETFramework.Realtime.RealtimeWorkflowSpecs+AckProtocolTests.WhenReceivingNonAckOrNackMessage_ShouldNotHandleAction(action: Closed) [FAIL]</Text>
      </RunInfo>
      <RunInfo computerName="Umair's-MacBook-Pro" outcome="Error" timestamp="2026-09-02T14:40:48.8898820+01:00">
        <Text>[xUnit.net 00:00:00.38]     IO.Ably.Tests.NETFramework.Realtime.RealtimeWorkflowSpecs+AckProtocolTests.WhenReceivingNonAckOrNackMessage_ShouldNotHandleAction(action: Attached) [FAIL]</Text>
      </RunInfo>
      <RunInfo computerName="Umair's-MacBook-Pro" outcome="Error" timestamp="2026-09-02T14:40:48.8899140+01:00">
        <Text>[xUnit.net 00:00:00.38]     IO.Ably.Tests.NETFramework.Realtime.RealtimeWorkflowSpecs+AckProtocolTests.WhenReceivingNonAckOrNackMessage_ShouldNotHandleAction(action: Sync) [FAIL]</Text>
      </RunInfo>
      <RunInfo computerName="Umair's-MacBook-Pro" outcome="Error" timestamp="2026-09-02T14:40:48.8899400+01:00">
        <Text>[xUnit.net 00:00:00.38]     IO.Ably.Tests.NETFramework.Realtime.RealtimeWorkflowSpecs+AckProtocolTests.WhenReceivingNonAckOrNackMessage_ShouldNotHandleAction(action: Detach) [FAIL]</Text>
      </RunInfo>
      <RunInfo computerName="Umair's-MacBook-Pro" outcome="Error" timestamp="2026-09-02T14:40:48.8899670+01:00">
        <Text>[xUnit.net 00:00:00.38]     IO.Ably.Tests.NETFramework.Realtime.RealtimeWorkflowSpecs+AckProtocolTests.WhenReceivingNonAckOrNackMessage_ShouldNotHandleAction(action: Heartbeat) [FAIL]</Text>
      </RunInfo>
      <RunInfo computerName="Umair's-MacBook-Pro" outcome="Error" timestamp="2026-09-02T14:40:48.8899920+01:00">
        <Text>[xUnit.net 00:00:00.38]     IO.Ably.Tests.NETFramework.Realtime.RealtimeWorkflowSpecs+AckProtocolTests.WhenReceivingNonAckOrNackMessage_ShouldNotHandleAction(action: Close) [FAIL]</Text>
      </RunInfo>
      <RunInfo computerName="Umair's-MacBook-Pro" outcome="Error" timestamp="2026-09-02T14:40:48.8900170+01:00">
        <Text>[xUnit.net 00:00:00.38]     IO.Ably.Tests.NETFramework.Realtime.RealtimeWorkflowSpecs+AckProtocolTests.WhenReceivingNonAckOrNackMessage_ShouldNotHandleAction(action: Disconnected) [FAIL]</Text>
      </RunInfo>
    </RunInfos>
  </ResultSummary>
</TestRun>