<?xml version="1.0" encoding="utf-8"?>
<TestRun id="94ae0a71-2e32-482f-be6c-2653f56c9d9e" name="@Umair's-MacBook-Pro 2026-09-02 14:40:36" xmlns="http://microsoft.com/schemas/VisualStudio/TeamTest/2010">
  <Times creation="2026-09-02T14:40:36.2594330+01:00" queuing="2026-09-02T14:40:36.2594340+01:00" start="2026-09-02T14:40:35.6705510+01:00" finish="2026-09-02T14:40:36.2704600+01:00" />
  <TestSettings name="default" id="618532f4-10e9-46a0-95ed-e5484a087d6e">
    <Deployment runDeploymentRoot="_Umair's-MacBook-Pro_2026-09-02_14_40_36" />
  </TestSettings>
  <Results>
    <UnitTestResult executionId="a8257051-d140-4dd7-90da-eb02bd169a59" testId="e5cf275b-78bd-5517-3bae-570ec479798a" testName="IO.Ably.Tests.NETFramework.Realtime.RealtimeWorkflowSpecs+AckProtocolTests.WhenReceivingNonAckOrNackMessage_ShouldNotHandleAction(action: Sync)" computerName="Umair's-MacBook-Pro" duration="00:00:00.0000737" startTime="2026-09-02T14:40:36.2428710+01:00" endTime="2026-09-02T14:40:36.2428720+01:00" testType="13cdc9d9-ddb5-4fa4-a97d-d965ccfc6d4b" outcome="Failed" testListId="8c84fa94-04c1-424b-9868-57a2d4851a1d" relativeResultsDirectory="a8257051-d140-4dd7-90da-eb02bd169a59">
      <Output>
        <ErrorInfo>
          <Message>System.NullReferenceException : Object reference not set to an instance of an object.</Message>
          <StackTrace>   at IO.Ably.IoC.RegisterOsNetworkStateChanged() in /Users/umair/Git/ably-dotnet/.claude/worktrees/agent-a3395f683ef309fa0/src/Ably.PubSub.Shared/IoC.cs:line 40
   at IO.Ably.AblyRealtime..ctor(ClientOptions options, Func`3 createRestFunc, IMobileDevice mobileDevice) in /Users/umair/Git/ably-dotnet/.claude/worktrees/agent-a3395f683ef309fa0/src/Ably.PubSub.Shared/AblyRealtime.cs:line 73
   at IO.Ably.Tests.AblyRealtimeSpecs.GetRealtimeClient(ClientOptions options, Func`2 handleRequestFunc, IMobileDevice mobileDevice) in /Users/umair/Git/ably-dotnet/.claude/worktrees/agent-a3395f683ef309fa0/src/Ably.PubSub.Tests.Shared/Infrastructure/AblyRealtimeSpecs.cs:line 71
   at IO.Ably.Tests.AblyRealtimeSpecs.GetDisconnectedClient(ClientOptions options) in /Users/umair/Git/ably-dotnet/.claude/worktrees/agent-a3395f683ef309fa0/src/Ably.PubSub.Tests.Shared/Infrastructure/AblyRealtimeSpecs.cs:line 140
   at IO.Ably.Tests.NETFramework.Realtime.RealtimeWorkflowSpecs.AckProtocolTests.WhenReceivingNonAckOrNackMessage_ShouldNotHandleAction(MessageAction action) in /Users/umair/Git/ably-dotnet/.claude/worktrees/agent-a3395f683ef309fa0/src/Ably.PubSub.Tests.Shared/Realtime/RealtimeWorkflowSpecs.cs:line 426
--- End of stack trace from previous location ---</StackTrace>
        </ErrorInfo>
      </Output>
    </UnitTestResult>
    <UnitTestResult executionId="ba8a7a25-5462-4ee0-a749-faf25b521fed" testId="1866de6a-4868-dfa2-27a9-e2f9c24b376e" testName="IO.Ably.Tests.NETFramework.Realtime.RealtimeWorkflowSpecs+AckProtocolTests.WhenReceivingNonAckOrNackMessage_ShouldNotHandleAction(action: Close)" computerName="Umair's-MacBook-Pro" duration="00:00:00.0000628" startTime="2026-09-02T14:40:36.2433510+01:00" endTime="2026-09-02T14:40:36.2433510+01:00" testType="13cdc9d9-ddb5-4fa4-a97d-d965ccfc6d4b" outcome="Failed" testListId="8c84fa94-04c1-424b-9868-57a2d4851a1d" relativeResultsDirectory="ba8a7a25-5462-4ee0-a749-faf25b521fed">
      <Output>
        <ErrorInfo>
          <Message>System.NullReferenceException : Object reference not set to an instance of an object.</Message>
          <StackTrace>   at IO.Ably.IoC.RegisterOsNetworkStateChanged() in /Users/umair/Git/ably-dotnet/.claude/worktrees/agent-a3395f683ef309fa0/src/Ably.PubSub.Shared/IoC.cs:line 40
   at IO.Ably.AblyRealtime..ctor(ClientOptions options, Func`3 createRestFunc, IMobileDevice mobileDevice) in /Users/umair/Git/ably-dotnet/.claude/worktrees/agent-a3395f683ef309fa0/src/Ably.PubSub.Shared/AblyRealtime.cs:line 73
   at IO.Ably.Tests.AblyRealtimeSpecs.GetRealtimeClient(ClientOptions options, Func`2 handleRequestFunc, IMobileDevice mobileDevice) in /Users/umair/Git/ably-dotnet/.claude/worktrees/agent-a3395f683ef309fa0/src/Ably.PubSub.Tests.Shared/Infrastructure/AblyRealtimeSpecs.cs:line 71
   at IO.Ably.Tests.AblyRealtimeSpecs.GetDisconnectedClient(ClientOptions options) in /Users/umair/Git/ably-dotnet/.claude/worktrees/agent-a3395f683ef309fa0/src/Ably.PubSub.Tests.Shared/Infrastructure/AblyRealtimeSpecs.cs:line 140
   at IO.Ably.Tests.NETFramework.Realtime.RealtimeWorkflowSpecs.AckProtocolTests.WhenReceivingNonAckOrNackMessage_ShouldNotHandleAction(MessageAction action) in /Users/umair/Git/ably-dotnet/.claude/worktrees/agent-a3395f683ef309fa0/src/Ably.PubSub.Tests.Shared/Realtime/RealtimeWorkflowSpecs.cs:line 426
--- End of stack trace from previous location ---</StackTrace>
        </ErrorInfo>
      </Output>
    </UnitTestResult>
    <UnitTestResult executionId="ca13b540-b601-412f-ab67-a72fe03774b0" testId="258b91b1-fcd3-fc87-26c2-9939aa0aab9a" testName="IO.Ably.Tests.NETFramework.Realtime.RealtimeWorkflowSpecs+AckProtocolTests.WhenReceivingNonAckOrNackMessage_ShouldNotHandleAction(action: Detached)" computerName="Umair's-MacBook-Pro" duration="00:00:00.0001376" startTime="2026-09-02T14:40:36.2298080+01:00" endTime="2026-09-02T14:40:36.2298090+01:00" testType="13cdc9d9-ddb5-4fa4-a97d-d965ccfc6d4b" outcome="Failed" testListId="8c84fa94-04c1-424b-9868-57a2d4851a1d" relativeResultsDirectory="ca13b540-b601-412f-ab67-a72fe03774b0">
      <Output>
        <ErrorInfo>
          <Message>System.NullReferenceException : Object reference not set to an instance of an object.</Message>
          <StackTrace>   at IO.Ably.IoC.RegisterOsNetworkStateChanged() in /Users/umair/Git/ably-dotnet/.claude/worktrees/agent-a3395f683ef309fa0/src/Ably.PubSub.Shared/IoC.cs:line 40
   at IO.Ably.AblyRealtime..ctor(ClientOptions options, Func`3 createRestFunc, IMobileDevice mobileDevice) in /Users/umair/Git/ably-dotnet/.claude/worktrees/agent-a3395f683ef309fa0/src/Ably.PubSub.Shared/AblyRealtime.cs:line 73
   at IO.Ably.Tests.AblyRealtimeSpecs.GetRealtimeClient(ClientOptions options, Func`2 handleRequestFunc, IMobileDevice mobileDevice) in /Users/umair/Git/ably-dotnet/.claude/worktrees/agent-a3395f683ef309fa0/src/Ably.PubSub.Tests.Shared/Infrastructure/AblyRealtimeSpecs.cs:line 71
   at IO.Ably.Tests.AblyRealtimeSpecs.GetDisconnectedClient(ClientOptions options) in /Users/umair/Git/ably-dotnet/.claude/worktrees/agent-a3395f683ef309fa0/src/Ably.PubSub.Tests.Shared/Infrastructure/AblyRealtimeSpecs.cs:line 140
   at IO.Ably.Tests.NETFramework.Realtime.RealtimeWorkflowSpecs.AckProtocolTests.WhenReceivingNonAckOrNackMessage_ShouldNotHandleAction(MessageAction action) in /Users/umair/Git/ably-dotnet/.claude/worktrees/agent-a3395f683ef309fa0/src/Ably.PubSub.Tests.Shared/Realtime/RealtimeWorkflowSpecs.cs:line 426
--- End of stack trace from previous location ---</StackTrace>
        </ErrorInfo>
      </Output>
    </UnitTestResult>
    <UnitTestResult executionId="30559009-9e2d-4d0d-9a1e-64f6e37340ed" testId="50c1aa81-3983-b6c4-a373-5f6e3ba60cab" testName="IO.Ably.Tests.NETFramework.Realtime.RealtimeWorkflowSpecs+AckProtocolTests.WhenReceivingNonAckOrNackMessage_ShouldNotHandleAction(action: Attach)" computerName="Umair's-MacBook-Pro" duration="00:00:00.0000995" startTime="2026-09-02T14:40:36.2306910+01:00" endTime="2026-09-02T14:40:36.2306910+01:00" testType="13cdc9d9-ddb5-4fa4-a97d-d965ccfc6d4b" outcome="Failed" testListId="8c84fa94-04c1-424b-9868-57a2d4851a1d" relativeResultsDirectory="30559009-9e2d-4d0d-9a1e-64f6e37340ed">
      <Output>
        <ErrorInfo>
          <Message>System.NullReferenceException : Object reference not set to an instance of an object.</Message>
          <StackTrace>   at IO.Ably.IoC.RegisterOsNetworkStateChanged() in /Users/umair/Git/ably-dotnet/.claude/worktrees/agent-a3395f683ef309fa0/src/Ably.PubSub.Shared/IoC.cs:line 40
   at IO.Ably.AblyRealtime..ctor(ClientOptions options, Func`3 createRestFunc, IMobileDevice mobileDevice) in /Users/umair/Git/ably-dotnet/.claude/worktrees/agent-a3395f683ef309fa0/src/Ably.PubSub.Shared/AblyRealtime.cs:line 73
   at IO.Ably.Tests.AblyRealtimeSpecs.GetRealtimeClient(ClientOptions options, Func`2 handleRequestFunc, IMobileDevice mobileDevice) in /Users/umair/Git/ably-dotnet/.claude/worktrees/agent-a3395f683ef309fa0/src/Ably.PubSub.Tests.Shared/Infrastructure/AblyRealtimeSpecs.cs:line 71
   at IO.Ably.Tests.AblyRealtimeSpecs.GetDisconnectedClient(ClientOptions options) in /Users/umair/Git/ably-dotnet/.claude/worktrees/agent-a3395f683ef309fa0/src/Ably.PubSub.Tests.Shared/Infrastructure/AblyRealtimeSpecs.cs:line 140
   at IO.Ably.Tests.NETFramework.Realtime.RealtimeWorkflowSpecs.AckProtocolTests.WhenReceivingNonAckOrNackMessage_ShouldNotHandleAction(MessageAction action) in /Users/umair/Git/ably-dotnet/.claude/worktrees/agent-a3395f683ef309fa0/src/Ably.PubSub.Tests.Shared/Realtime/RealtimeWorkflowSpecs.cs:line 426
--- End of stack trace from previous location ---</StackTrace>
        </ErrorInfo>
      </Output>
    </UnitTestResult>
    <UnitTestResult executionId="bd723406-8802-418e-9022-8a64def0eeb5" testId="d7096ab1-e388-2747-b7bb-65279b32cd02" testName="IO.Ably.Tests.NETFramework.Realtime.RealtimeWorkflowSpecs+AckProtocolTests.WhenReceivingNonAckOrNackMessage_ShouldNotHandleAction(action: Connect)" computerName="Umair's-MacBook-Pro" duration="00:00:00.0000786" startTime="2026-09-02T14:40:36.2303650+01:00" endTime="2026-09-02T14:40:36.2303660+01:00" testType="13cdc9d9-ddb5-4fa4-a97d-d965ccfc6d4b" outcome="Failed" testListId="8c84fa94-04c1-424b-9868-57a2d4851a1d" relativeResultsDirectory="bd723406-8802-418e-9022-8a64def0eeb5">
      <Output>
        <ErrorInfo>
          <Message>System.NullReferenceException : Object reference not set to an instance of an object.</Message>
          <StackTrace>   at IO.Ably.IoC.RegisterOsNetworkStateChanged() in /Users/umair/Git/ably-dotnet/.claude/worktrees/agent-a3395f683ef309fa0/src/Ably.PubSub.Shared/IoC.cs:line 40
   at IO.Ably.AblyRealtime..ctor(ClientOptions options, Func`3 createRestFunc, IMobileDevice mobileDevice) in /Users/umair/Git/ably-dotnet/.claude/worktrees/agent-a3395f683ef309fa0/src/Ably.PubSub.Shared/AblyRealtime.cs:line 73
   at IO.Ably.Tests.AblyRealtimeSpecs.GetRealtimeClient(ClientOptions options, Func`2 handleRequestFunc, IMobileDevice mobileDevice) in /Users/umair/Git/ably-dotnet/.claude/worktrees/agent-a3395f683ef309fa0/src/Ably.PubSub.Tests.Shared/Infrastructure/AblyRealtimeSpecs.cs:line 71
   at IO.Ably.Tests.AblyRealtimeSpecs.GetDisconnectedClient(ClientOptions options) in /Users/umair/Git/ably-dotnet/.claude/worktrees/agent-a3395f683ef309fa0/src/Ably.PubSub.Tests.Shared/Infrastructure/AblyRealtimeSpecs.cs:line 140
   at IO.Ably.Tests.NETFramework.Realtime.RealtimeWorkflowSpecs.AckProtocolTests.WhenReceivingNonAckOrNackMessage_ShouldNotHandleAction(MessageAction action) in /Users/umair/Git/ably-dotnet/.claude/worktrees/agent-a3395f683ef309fa0/src/Ably.PubSub.Tests.Shared/Realtime/RealtimeWorkflowSpecs.cs:line 426
--- End of stack trace from previous location ---</StackTrace>
        </ErrorInfo>
      </Output>
    </UnitTestResult>
    <UnitTestResult executionId="c7074e54-12b0-44e6-b232-9a1c71c445d9" testId="87cc4b8d-96cd-9edf-6f63-2d302b8e7462" testName="IO.Ably.Tests.NETFramework.Realtime.RealtimeWorkflowSpecs+AckProtocolTests.WhenReceivingNonAckOrNackMessage_ShouldNotHandleAction(action: Attached)" computerName="Umair's-MacBook-Pro" duration="00:00:00.0000761" startTime="2026-09-02T14:40:36.2426580+01:00" endTime="2026-09-02T14:40:36.2426600+01:00" testType="13cdc9d9-ddb5-4fa4-a97d-d965ccfc6d4b" outcome="Failed" testListId="8c84fa94-04c1-424b-9868-57a2d4851a1d" relativeResultsDirectory="c7074e54-12b0-44e6-b232-9a1c71c445d9">
      <Output>
        <ErrorInfo>
          <Message>System.NullReferenceException : Object reference not set to an instance of an object.</Message>
          <StackTrace>   at IO.Ably.IoC.RegisterOsNetworkStateChanged() in /Users/umair/Git/ably-dotnet/.claude/worktrees/agent-a3395f683ef309fa0/src/Ably.PubSub.Shared/IoC.cs:line 40
   at IO.Ably.AblyRealtime..ctor(ClientOptions options, Func`3 createRestFunc, IMobileDevice mobileDevice) in /Users/umair/Git/ably-dotnet/.claude/worktrees/agent-a3395f683ef309fa0/src/Ably.PubSub.Shared/AblyRealtime.cs:line 73
   at IO.Ably.Tests.AblyRealtimeSpecs.GetRealtimeClient(ClientOptions options, Func`2 handleRequestFunc, IMobileDevice mobileDevice) in /Users/umair/Git/ably-dotnet/.claude/worktrees/agent-a3395f683ef309fa0/src/Ably.PubSub.Tests.Shared/Infrastructure/AblyRealtimeSpecs.cs:line 71
   at IO.Ably.Tests.AblyRealtimeSpecs.GetDisconnectedClient(ClientOptions options) in /Users/umair/Git/ably-dotnet/.claude/worktrees/agent-a3395f683ef309fa0/src/Ably.PubSub.Tests.Shared/Infrastructure/AblyRealtimeSpecs.cs:line 140
   at IO.Ably.Tests.NETFramework.Realtime.RealtimeWorkflowSpecs.AckProtocolTests.WhenReceivingNonAckOrNackMessage_ShouldNotHandleAction(MessageAction action) in /Users/umair/Git/ably-dotnet/.claude/worktrees/agent-a3395f683ef309fa0/src/Ably.PubSub.Tests.Shared/Realtime/RealtimeWorkflowSpecs.cs:line 426
--- End of stack trace from previous location ---</StackTrace>
        </ErrorInfo>
      </Output>
    </UnitTestResult>
    <UnitTestResult executionId="d155444a-462d-4d74-9547-f4fedf4b9bab" testId="cc0407fb-4fc7-810b-5d85-6500435db4c2" testName="IO.Ably.Tests.NETFramework.Realtime.RealtimeWorkflowSpecs+AckProtocolTests.WhenReceivingNonAckOrNackMessage_ShouldNotHandleAction(action: Presence)" computerName="Umair's-MacBook-Pro" duration="00:00:00.0000777" startTime="2026-09-02T14:40:36.2305290+01:00" endTime="2026-09-02T14:40:36.2305300+01:00" testType="13cdc9d9-ddb5-4fa4-a97d-d965ccfc6d4b" outcome="Failed" testListId="8c84fa94-04c1-424b-9868-57a2d4851a1d" relativeResultsDirectory="d155444a-462d-4d74-9547-f4fedf4b9bab">
      <Output>
        <ErrorInfo>
          <Message>System.NullReferenceException : Object reference not set to an instance of an object.</Message>
          <StackTrace>   at IO.Ably.IoC.RegisterOsNetworkStateChanged() in /Users/umair/Git/ably-dotnet/.claude/worktrees/agent-a3395f683ef309fa0/src/Ably.PubSub.Shared/IoC.cs:line 40
   at IO.Ably.AblyRealtime..ctor(ClientOptions options, Func`3 createRestFunc, IMobileDevice mobileDevice) in /Users/umair/Git/ably-dotnet/.claude/worktrees/agent-a3395f683ef309fa0/src/Ably.PubSub.Shared/AblyRealtime.cs:line 73
   at IO.Ably.Tests.AblyRealtimeSpecs.GetRealtimeClient(ClientOptions options, Func`2 handleRequestFunc, IMobileDevice mobileDevice) in /Users/umair/Git/ably-dotnet/.claude/worktrees/agent-a3395f683ef309fa0/src/Ably.PubSub.Tests.Shared/Infrastructure/AblyRealtimeSpecs.cs:line 71
   at IO.Ably.Tests.AblyRealtimeSpecs.GetDisconnectedClient(ClientOptions options) in /Users/umair/Git/ably-dotnet/.claude/worktrees/agent-a3395f683ef309fa0/src/Ably.PubSub.Tests.Shared/Infrastructure/AblyRealtimeSpecs.cs:line 140
   at IO.Ably.Tests.NETFramework.Realtime.RealtimeWorkflowSpecs.AckProtocolTests.WhenReceivingNonAckOrNackMessage_ShouldNotHandleAction(MessageAction action) in /Users/umair/Git/ably-dotnet/.claude/worktrees/agent-a3395f683ef309fa0/src/Ably.PubSub.Tests.Shared/Realtime/RealtimeWorkflowSpecs.cs:line 426
--- End of stack trace from previous location ---</StackTrace>
        </ErrorInfo>
      </Output>
    </UnitTestResult>
    <UnitTestResult executionId="61c6ffa8-9035-4225-8aab-b925a5eaba66" testId="f05d0a4a-ec8a-f584-4a7d-5b97ccf7bea7" testName="IO.Ably.Tests.NETFramework.Realtime.RealtimeWorkflowSpecs+AckProtocolTests.WhenReceivingNonAckOrNackMessage_ShouldNotHandleAction(action: Heartbeat)" computerName="Umair's-MacBook-Pro" duration="00:00:00.0000632" startTime="2026-09-02T14:40:36.2431940+01:00" endTime="2026-09-02T14:40:36.2431950+01:00" testType="13cdc9d9-ddb5-4fa4-a97d-d965ccfc6d4b" outcome="Failed" testListId="8c84fa94-04c1-424b-9868-57a2d4851a1d" relativeResultsDirectory="61c6ffa8-9035-4225-8aab-b925a5eaba66">
      <Output>
        <ErrorInfo>
          <Message>System.NullReferenceException : Object reference not set to an instance of an object.</Message>
          <StackTrace>   at IO.Ably.IoC.RegisterOsNetworkStateChanged() in /Users/umair/Git/ably-dotnet/.claude/worktrees/agent-a3395f683ef309fa0/src/Ably.PubSub.Shared/IoC.cs:line 40
   at IO.Ably.AblyRealtime..ctor(ClientOptions options, Func`3 createRestFunc, IMobileDevice mobileDevice) in /Users/umair/Git/ably-dotnet/.claude/worktrees/agent-a3395f683ef309fa0/src/Ably.PubSub.Shared/AblyRealtime.cs:line 73
   at IO.Ably.Tests.AblyRealtimeSpecs.GetRealtimeClient(ClientOptions options, Func`2 handleRequestFunc, IMobileDevice mobileDevice) in /Users/umair/Git/ably-dotnet/.claude/worktrees/agent-a3395f683ef309fa0/src/Ably.PubSub.Tests.Shared/Infrastructure/AblyRealtimeSpecs.cs:line 71
   at IO.Ably.Tests.AblyRealtimeSpecs.GetDisconnectedClient(ClientOptions options) in /Users/umair/Git/ably-dotnet/.claude/worktrees/agent-a3395f683ef309fa0/src/Ably.PubSub.Tests.Shared/Infrastructure/AblyRealtimeSpecs.cs:line 140
   at IO.Ably.Tests.NETFramework.Realtime.RealtimeWorkflowSpecs.AckProtocolTests.WhenReceivingNonAckOrNackMessage_ShouldNotHandleAction(MessageAction action) in /Users/umair/Git/ably-dotnet/.claude/worktrees/agent-a3395f683ef309fa0/src/Ably.PubSub.Tests.Shared/Realtime/RealtimeWorkflowSpecs.cs:line 426
--- End of stack trace from previous location ---</StackTrace>
        </ErrorInfo>
      </Output>
    </UnitTestResult>
    <UnitTestResult executionId="03e758bd-62d3-4190-8f6d-2e68e7424344" testId="ecd71109-ce9c-32f0-1620-9f684ef9038f" testName="IO.Ably.Tests.NETFramework.Realtime.RealtimeWorkflowSpecs+AckProtocolTests.WhenReceivingNonAckOrNackMessage_ShouldNotHandleAction(action: Closed)" computerName="Umair's-MacBook-Pro" duration="00:00:00.0000785" startTime="2026-09-02T14:40:36.2310180+01:00" endTime="2026-09-02T14:40:36.2310210+01:00" testType="13cdc9d9-ddb5-4fa4-a97d-d965ccfc6d4b" outcome="Failed" testListId="8c84fa94-04c1-424b-9868-57a2d4851a1d" relativeResultsDirectory="03e758bd-62d3-4190-8f6d-2e68e7424344">
      <Output>
        <ErrorInfo>
          <Message>System.NullReferenceException : Object reference not set to an instance of an object.</Message>
          <StackTrace>   at IO.Ably.IoC.RegisterOsNetworkStateChanged() in /Users/umair/Git/ably-dotnet/.claude/worktrees/agent-a3395f683ef309fa0/src/Ably.PubSub.Shared/IoC.cs:line 40
   at IO.Ably.AblyRealtime..ctor(ClientOptions options, Func`3 createRestFunc, IMobileDevice mobileDevice) in /Users/umair/Git/ably-dotnet/.claude/worktrees/agent-a3395f683ef309fa0/src/Ably.PubSub.Shared/AblyRealtime.cs:line 73
   at IO.Ably.Tests.AblyRealtimeSpecs.GetRealtimeClient(ClientOptions options, Func`2 handleRequestFunc, IMobileDevice mobileDevice) in /Users/umair/Git/ably-dotnet/.claude/worktrees/agent-a3395f683ef309fa0/src/Ably.PubSub.Tests.Shared/Infrastructure/AblyRealtimeSpecs.cs:line 71
   at IO.Ably.Tests.AblyRealtimeSpecs.GetDisconnectedClient(ClientOptions options) in /Users/umair/Git/ably-dotnet/.claude/worktrees/agent-a3395f683ef309fa0/src/Ably.PubSub.Tests.Shared/Infrastructure/AblyRealtimeSpecs.cs:line 140
   at IO.Ably.Tests.NETFramework.Realtime.RealtimeWorkflowSpecs.AckProtocolTests.WhenReceivingNonAckOrNackMessage_ShouldNotHandleAction(MessageAction action) in /Users/umair/Git/ably-dotnet/.claude/worktrees/agent-a3395f683ef309fa0/src/Ably.PubSub.Tests.Shared/Realtime/RealtimeWorkflowSpecs.cs:line 426
--- End of stack trace from previous location ---</StackTrace>
        </ErrorInfo>
      </Output>
    </UnitTestResult>
    <UnitTestResult executionId="bf79045f-c2c5-4578-92be-1697ee144fbf" testId="86e0bfd8-e7e8-d3aa-9edb-1ad92b45b558" testName="IO.Ably.Tests.NETFramework.Realtime.RealtimeWorkflowSpecs+AckProtocolTests.WhenReceivingNonAckOrNackMessage_ShouldNotHandleAction(action: Message)" computerName="Umair's-MacBook-Pro" duration="00:00:00.0000994" startTime="2026-09-02T14:40:36.2301950+01:00" endTime="2026-09-02T14:40:36.2301960+01:00" testType="13cdc9d9-ddb5-4fa4-a97d-d965ccfc6d4b" outcome="Failed" testListId="8c84fa94-04c1-424b-9868-57a2d4851a1d" relativeResultsDirectory="bf79045f-c2c5-4578-92be-1697ee144fbf">
      <Output>
        <ErrorInfo>
          <Message>System.NullReferenceException : Object reference not set to an instance of an object.</Message>
          <StackTrace>   at IO.Ably.IoC.RegisterOsNetworkStateChanged() in /Users/umair/Git/ably-dotnet/.claude/worktrees/agent-a3395f683ef309fa0/src/Ably.PubSub.Shared/IoC.cs:line 40
   at IO.Ably.AblyRealtime..ctor(ClientOptions options, Func`3 createRestFunc, IMobileDevice mobileDevice) in /Users/umair/Git/ably-dotnet/.claude/worktrees/agent-a3395f683ef309fa0/src/Ably.PubSub.Shared/AblyRealtime.cs:line 73
   at IO.Ably.Tests.AblyRealtimeSpecs.GetRealtimeClient(ClientOptions options, Func`2 handleRequestFunc, IMobileDevice mobileDevice) in /Users/umair/Git/ably-dotnet/.claude/worktrees/agent-a3395f683ef309fa0/src/Ably.PubSub.Tests.Shared/Infrastructure/AblyRealtimeSpecs.cs:line 71
   at IO.Ably.Tests.AblyRealtimeSpecs.GetDisconnectedClient(ClientOptions options) in /Users/umair/Git/ably-dotnet/.claude/worktrees/agent-a3395f683ef309fa0/src/Ably.PubSub.Tests.Shared/Infrastructure/AblyRealtimeSpecs.cs:line 140
   at IO.Ably.Tests.NETFramework.Realtime.RealtimeWorkflowSpecs.AckProtocolTests.WhenReceivingNonAckOrNackMessage_ShouldNotHandleAction(MessageAction action) in /Users/umair/Git/ably-dotnet/.claude/worktrees/agent-a3395f683ef309fa0/src/Ably.PubSub.Tests.Shared/Realtime/RealtimeWorkflowSpecs.cs:line 426
--- End of stack trace from previous location ---</StackTrace>
        </ErrorInfo>
      </Output>
    </UnitTestResult>
    <UnitTestResult executionId="b61fa163-352a-4c40-88bf-09735ff3d99e" testId="1bb07b41-21f9-7d49-8f04-e023a4c98ed0" testName="IO.Ably.Tests.NETFramework.Realtime.RealtimeWorkflowSpecs+AckProtocolTests.WhenReceivingNonAckOrNackMessage_ShouldNotHandleAction(action: Disconnected)" computerName="Umair's-MacBook-Pro" duration="00:00:00.0000625" startTime="2026-09-02T14:40:36.2435110+01:00" endTime="2026-09-02T14:40:36.2435110+01:00" testType="13cdc9d9-ddb5-4fa4-a97d-d965ccfc6d4b" outcome="Failed" testListId="8c84fa94-04c1-424b-9868-57a2d4851a1d" relativeResultsDirectory="b61fa163-352a-4c40-88bf-09735ff3d99e">
      <Output>
        <ErrorInfo>
          <Message>System.NullReferenceException : Object reference not set to an instance of an object.</Message>
          <StackTrace>   at IO.Ably.IoC.RegisterOsNetworkStateChanged() in /Users/umair/Git/ably-dotnet/.claude/worktrees/agent-a3395f683ef309fa0/src/Ably.PubSub.Shared/IoC.cs:line 40
   at IO.Ably.AblyRealtime..ctor(ClientOptions options, Func`3 createRestFunc, IMobileDevice mobileDevice) in /Users/umair/Git/ably-dotnet/.claude/worktrees/agent-a3395f683ef309fa0/src/Ably.PubSub.Shared/AblyRealtime.cs:line 73
   at IO.Ably.Tests.AblyRealtimeSpecs.GetRealtimeClient(ClientOptions options, Func`2 handleRequestFunc, IMobileDevice mobileDevice) in /Users/umair/Git/ably-dotnet/.claude/worktrees/agent-a3395f683ef309fa0/src/Ably.PubSub.Tests.Shared/Infrastructure/AblyRealtimeSpecs.cs:line 71
   at IO.Ably.Tests.AblyRealtimeSpecs.GetDisconnectedClient(ClientOptions options) in /Users/umair/Git/ably-dotnet/.claude/worktrees/agent-a3395f683ef309fa0/src/Ably.PubSub.Tests.Shared/Infrastructure/AblyRealtimeSpecs.cs:line 140
   at IO.Ably.Tests.NETFramework.Realtime.RealtimeWorkflowSpecs.AckProtocolTests.WhenReceivingNonAckOrNackMessage_ShouldNotHandleAction(MessageAction action) in /Users/umair/Git/ably-dotnet/.claude/worktrees/agent-a3395f683ef309fa0/src/Ably.PubSub.Tests.Shared/Realtime/RealtimeWorkflowSpecs.cs:line 426
--- End of stack trace from previous location ---</StackTrace>
        </ErrorInfo>
      </Output>
    </UnitTestResult>
    <UnitTestResult executionId="0b1fbfc7-05fe-4782-9957-e8183870860e" testId="c7ccee46-643a-d380-7b39-9837d83da452" testName="IO.Ably.Tests.NETFramework.Realtime.RealtimeWorkflowSpecs+AckProtocolTests.WhenReceivingNonAckOrNackMessage_ShouldNotHandleAction(action: Error)" computerName="Umair's-MacBook-Pro" duration="00:00:00.0000909" startTime="2026-09-02T14:40:36.2308570+01:00" endTime="2026-09-02T14:40:36.2308580+01:00" testType="13cdc9d9-ddb5-4fa4-a97d-d965ccfc6d4b" outcome="Failed" testListId="8c84fa94-04c1-424b-9868-57a2d4851a1d" relativeResultsDirectory="0b1fbfc7-05fe-4782-9957-e8183870860e">
      <Output>
        <ErrorInfo>
          <Message>System.NullReferenceException : Object reference not set to an instance of an object.</Message>
          <StackTrace>   at IO.Ably.IoC.RegisterOsNetworkStateChanged() in /Users/umair/Git/ably-dotnet/.claude/worktrees/agent-a3395f683ef309fa0/src/Ably.PubSub.Shared/IoC.cs:line 40
   at IO.Ably.AblyRealtime..ctor(ClientOptions options, Func`3 createRestFunc, IMobileDevice mobileDevice) in /Users/umair/Git/ably-dotnet/.claude/worktrees/agent-a3395f683ef309fa0/src/Ably.PubSub.Shared/AblyRealtime.cs:line 73
   at IO.Ably.Tests.AblyRealtimeSpecs.GetRealtimeClient(ClientOptions options, Func`2 handleRequestFunc, IMobileDevice mobileDevice) in /Users/umair/Git/ably-dotnet/.claude/worktrees/agent-a3395f683ef309fa0/src/Ably.PubSub.Tests.Shared/Infrastructure/AblyRealtimeSpecs.cs:line 71
   at IO.Ably.Tests.AblyRealtimeSpecs.GetDisconnectedClient(ClientOptions options) in /Users/umair/Git/ably-dotnet/.claude/worktrees/agent-a3395f683ef309fa0/src/Ably.PubSub.Tests.Shared/Infrastructure/AblyRealtimeSpecs.cs:line 140
   at IO.Ably.Tests.NETFramework.Realtime.RealtimeWorkflowSpecs.AckProtocolTests.WhenReceivingNonAckOrNackMessage_ShouldNotHandleAction(MessageAction action) in /Users/umair/Git/ably-dotnet/.claude/worktrees/agent-a3395f683ef309fa0/src/Ably.PubSub.Tests.Shared/Realtime/RealtimeWorkflowSpecs.cs:line 426
--- End of stack trace from previous location ---</StackTrace>
        </ErrorInfo>
      </Output>
    </UnitTestResult>
    <UnitTestResult executionId="ba3b1b4d-eebf-4d38-be50-5c105f09565a" testId="28f16149-17f7-d259-5594-0f83c89d5613" testName="IO.Ably.Tests.NETFramework.Realtime.RealtimeWorkflowSpecs+AckProtocolTests.WhenReceivingNonAckOrNackMessage_ShouldNotHandleAction(action: Detach)" computerName="Umair's-MacBook-Pro" duration="00:00:00.0000696" startTime="2026-09-02T14:40:36.2430340+01:00" endTime="2026-09-02T14:40:36.2430340+01:00" testType="13cdc9d9-ddb5-4fa4-a97d-d965ccfc6d4b" outcome="Failed" testListId="8c84fa94-04c1-424b-9868-57a2d4851a1d" relativeResultsDirectory="ba3b1b4d-eebf-4d38-be50-5c105f09565a">
      <Output>
        <ErrorInfo>
          <Message>System.NullReferenceException : Object reference not set to an instance of an object.</Message>
          <StackTrace>   at IO.Ably.IoC.RegisterOsNetworkStateChanged() in /Users/umair/Git/ably-dotnet/.claude/worktrees/agent-a3395f683ef309fa0/src/Ably.PubSub.Shared/IoC.cs:line 40
   at IO.Ably.AblyRealtime..ctor(ClientOptions options, Func`3 createRestFunc, IMobileDevice mobileDevice) in /Users/umair/Git/ably-dotnet/.claude/worktrees/agent-a3395f683ef309fa0/src/Ably.PubSub.Shared/AblyRealtime.cs:line 73
   at IO.Ably.Tests.AblyRealtimeSpecs.GetRealtimeClient(ClientOptions options, Func`2 handleRequestFunc, IMobileDevice mobileDevice) in /Users/umair/Git/ably-dotnet/.claude/worktrees/agent-a3395f683ef309fa0/src/Ably.PubSub.Tests.Shared/Infrastructure/AblyRealtimeSpecs.cs:line 71
   at IO.Ably.Tests.AblyRealtimeSpecs.GetDisconnectedClient(ClientOptions options) in /Users/umair/Git/ably-dotnet/.claude/worktrees/agent-a3395f683ef309fa0/src/Ably.PubSub.Tests.Shared/Infrastructure/AblyRealtimeSpecs.cs:line 140
   at IO.Ably.Tests.NETFramework.Realtime.RealtimeWorkflowSpecs.AckProtocolTests.WhenReceivingNonAckOrNackMessage_ShouldNotHandleAction(MessageAction action) in /Users/umair/Git/ably-dotnet/.claude/worktrees/agent-a3395f683ef309fa0/src/Ably.PubSub.Tests.Shared/Realtime/RealtimeWorkflowSpecs.cs:line 426
--- End of stack trace from previous location ---</StackTrace>
        </ErrorInfo>
      </Output>
    </UnitTestResult>
    <UnitTestResult executionId="a4bc7480-a547-4075-8ab9-f0ba1793f573" testId="d707659d-bf47-69e7-6787-99bb0b9e352b" testName="IO.Ably.Tests.NETFramework.Realtime.RealtimeWorkflowSpecs+AckProtocolTests.WhenReceivingNonAckOrNackMessage_ShouldNotHandleAction(action: Disconnect)" computerName="Umair's-MacBook-Pro" duration="00:00:00.0112988" startTime="2026-09-02T14:40:36.2278420+01:00" endTime="2026-09-02T14:40:36.2278590+01:00" testType="13cdc9d9-ddb5-4fa4-a97d-d965ccfc6d4b" outcome="Failed" testListId="8c84fa94-04c1-424b-9868-57a2d4851a1d" relativeResultsDirectory="a4bc7480-a547-4075-8ab9-f0ba1793f573">
      <Output>
        <ErrorInfo>
          <Message>System.NullReferenceException : Object reference not set to an instance of an object.</Message>
          <StackTrace>   at IO.Ably.IoC.RegisterOsNetworkStateChanged() in /Users/umair/Git/ably-dotnet/.claude/worktrees/agent-a3395f683ef309fa0/src/Ably.PubSub.Shared/IoC.cs:line 40
   at IO.Ably.AblyRealtime..ctor(ClientOptions options, Func`3 createRestFunc, IMobileDevice mobileDevice) in /Users/umair/Git/ably-dotnet/.claude/worktrees/agent-a3395f683ef309fa0/src/Ably.PubSub.Shared/AblyRealtime.cs:line 73
   at IO.Ably.Tests.AblyRealtimeSpecs.GetRealtimeClient(ClientOptions options, Func`2 handleRequestFunc, IMobileDevice mobileDevice) in /Users/umair/Git/ably-dotnet/.claude/worktrees/agent-a3395f683ef309fa0/src/Ably.PubSub.Tests.Shared/Infrastructure/AblyRealtimeSpecs.cs:line 71
   at IO.Ably.Tests.AblyRealtimeSpecs.GetDisconnectedClient(ClientOptions options) in /Users/umair/Git/ably-dotnet/.claude/worktrees/agent-a3395f683ef309fa0/src/Ably.PubSub.Tests.Shared/Infrastructure/AblyRealtimeSpecs.cs:line 140
   at IO.Ably.Tests.NETFramework.Realtime.RealtimeWorkflowSpecs.AckProtocolTests.WhenReceivingNonAckOrNackMessage_ShouldNotHandleAction(MessageAction action) in /Users/umair/Git/ably-dotnet/.claude/worktrees/agent-a3395f683ef309fa0/src/Ably.PubSub.Tests.Shared/Realtime/RealtimeWorkflowSpecs.cs:line 426
--- End of stack trace from previous location ---</StackTrace>
        </ErrorInfo>
      </Output>
    </UnitTestResult>
    <UnitTestResult executionId="5c55548c-e6ff-412e-b3bf-4384eaec0b2d" testId="c36e303e-84f1-2cb0-c43f-0be6b7bf65a3" testName="IO.Ably.Tests.NETFramework.Realtime.RealtimeWorkflowSpecs+AckProtocolTests.WhenReceivingNonAckOrNackMessage_ShouldNotHandleAction(action: Connected)" computerName="Umair's-MacBook-Pro" duration="00:00:00.0010719" startTime="2026-09-02T14:40:36.2300250+01:00" endTime="2026-09-02T14:40:36.2300260+01:00" testType="13cdc9d9-ddb5-4fa4-a97d-d965ccfc6d4b" outcome="Failed" testListId="8c84fa94-04c1-424b-9868-57a2d4851a1d" relativeResultsDirectory="5c55548c-e6ff-412e-b3bf-4384eaec0b2d">
      <Output>
        <ErrorInfo>
          <Message>System.NullReferenceException : Object reference not set to an instance of an object.</Message>
          <StackTrace>   at IO.Ably.IoC.RegisterOsNetworkStateChanged() in /Users/umair/Git/ably-dotnet/.claude/worktrees/agent-a3395f683ef309fa0/src/Ably.PubSub.Shared/IoC.cs:line 40
   at IO.Ably.AblyRealtime..ctor(ClientOptions options, Func`3 createRestFunc, IMobileDevice mobileDevice) in /Users/umair/Git/ably-dotnet/.claude/worktrees/agent-a3395f683ef309fa0/src/Ably.PubSub.Shared/AblyRealtime.cs:line 73
   at IO.Ably.Tests.AblyRealtimeSpecs.GetRealtimeClient(ClientOptions options, Func`2 handleRequestFunc, IMobileDevice mobileDevice) in /Users/umair/Git/ably-dotnet/.claude/worktrees/agent-a3395f683ef309fa0/src/Ably.PubSub.Tests.Shared/Infrastructure/AblyRealtimeSpecs.cs:line 71
   at IO.Ably.Tests.AblyRealtimeSpecs.GetDisconnectedClient(ClientOptions options) in /Users/umair/Git/ably-dotnet/.claude/worktrees/agent-a3395f683ef309fa0/src/Ably.PubSub.Tests.Shared/Infrastructure/AblyRealtimeSpecs.cs:line 140
   at IO.Ably.Tests.NETFramework.Realtime.RealtimeWorkflowSpecs.AckProtocolTests.WhenReceivingNonAckOrNackMessage_ShouldNotHandleAction(MessageAction action) in /Users/umair/Git/ably-dotnet/.claude/worktrees/agent-a3395f683ef309fa0/src/Ably.PubSub.Tests.Shared/Realtime/RealtimeWorkflowSpecs.cs:line 426
--- End of stack trace from previous location ---</StackTrace>
        </ErrorInfo>
      </Output>
    </UnitTestResult>
  </Results>
  <TestDefinitions>
    <UnitTest name="IO.Ably.Tests.NETFramework.Realtime.RealtimeWorkflowSpecs+AckProtocolTests.WhenReceivingNonAckOrNackMessage_ShouldNotHandleAction(action: Disconnect)" storage="/users/umair/git/ably-dotnet/.claude/worktrees/agent-a3395f683ef309fa0/src/ably.pubsub.tests.dotnet/bin/release/net6.0/ably.pubsub.tests.dotnet.dll" id="d707659d-bf47-69e7-6787-99bb0b9e352b">
      <Execution id="a4bc7480-a547-4075-8ab9-f0ba1793f573" />
      <TestMethod codeBase="/Users/umair/Git/ably-dotnet/.claude/worktrees/agent-a3395f683ef309fa0/src/Ably.PubSub.Tests.DotNET/bin/Release/net6.0/Ably.PubSub.Tests.DotNET.dll" adapterTypeName="executor://xunit/VsTestRunner2/netcoreapp" className="IO.Ably.Tests.NETFramework.Realtime.RealtimeWorkflowSpecs+AckProtocolTests" name="WhenReceivingNonAckOrNackMessage_ShouldNotHandleAction" />
    </UnitTest>
    <UnitTest name="IO.Ably.Tests.NETFramework.Realtime.RealtimeWorkflowSpecs+AckProtocolTests.WhenReceivingNonAckOrNackMessage_ShouldNotHandleAction(action: Heartbeat)" storage="/users/umair/git/ably-dotnet/.claude/worktrees/agent-a3395f683ef309fa0/src/ably.pubsub.tests.dotnet/bin/release/net6.0/ably.pubsub.tests.dotnet.dll" id="f05d0a4a-ec8a-f584-4a7d-5b97ccf7bea7">
      <Execution id="61c6ffa8-9035-4225-8aab-b925a5eaba66" />
      <TestMethod codeBase="/Users/umair/Git/ably-dotnet/.claude/worktrees/agent-a3395f683ef309fa0/src/Ably.PubSub.Tests.DotNET/bin/Release/net6.0/Ably.PubSub.Tests.DotNET.dll" adapterTypeName="executor://xunit/VsTestRunner2/netcoreapp" className="IO.Ably.Tests.NETFramework.Realtime.RealtimeWorkflowSpecs+AckProtocolTests" name="WhenReceivingNonAckOrNackMessage_ShouldNotHandleAction" />
    </UnitTest>
    <UnitTest name="IO.Ably.Tests.NETFramework.Realtime.RealtimeWorkflowSpecs+AckProtocolTests.WhenReceivingNonAckOrNackMessage_ShouldNotHandleAction(action: Connect)" storage="/users/umair/git/ably-dotnet/.claude/worktrees/agent-a3395f683ef309fa0/src/ably.pubsub.tests.dotnet/bin/release/net6.0/ably.pubsub.tests.dotnet.dll" id="d7096ab1-e388-2747-b7bb-65279b32cd02">
      <Execution id="bd723406-8802-418e-9022-8a64def0eeb5" />
      <TestMethod codeBase="/Users/umair/Git/ably-dotnet/.claude/worktrees/agent-a3395f683ef309fa0/src/Ably.PubSub.Tests.DotNET/bin/Release/net6.0/Ably.PubSub.Tests.DotNET.dll" adapterTypeName="executor://xunit/VsTestRunner2/netcoreapp" className="IO.Ably.Tests.NETFramework.Realtime.RealtimeWorkflowSpecs+AckProtocolTests" name="WhenReceivingNonAckOrNackMessage_ShouldNotHandleAction" />
    </UnitTest>
    <UnitTest name="IO.Ably.Tests.NETFramework.Realtime.RealtimeWorkflowSpecs+AckProtocolTests.WhenReceivingNonAckOrNackMessage_ShouldNotHandleAction(action: Detached)" storage="/users/umair/git/ably-dotnet/.claude/worktrees/agent-a3395f683ef309fa0/src/ably.pubsub.tests.dotnet/bin/release/net6.0/ably.pubsub.tests.dotnet.dll" id="258b91b1-fcd3-fc87-26c2-9939aa0aab9a">
      <Execution id="ca13b540-b601-412f-ab67-a72fe03774b0" />
      <TestMethod codeBase="/Users/umair/Git/ably-dotnet/.claude/worktrees/agent-a3395f683ef309fa0/src/Ably.PubSub.Tests.DotNET/bin/Release/net6.0/Ably.PubSub.Tests.DotNET.dll" adapterTypeName="executor://xunit/VsTestRunner2/netcoreapp" className="IO.Ably.Tests.NETFramework.Realtime.RealtimeWorkflowSpecs+AckProtocolTests" name="WhenReceivingNonAckOrNackMessage_ShouldNotHandleAction" />
    </UnitTest>
    <UnitTest name="IO.Ably.Tests.NETFramework.Realtime.RealtimeWorkflowSpecs+AckProtocolTests.WhenReceivingNonAckOrNackMessage_ShouldNotHandleAction(action: Error)" storage="/users/umair/git/ably-dotnet/.claude/worktrees/agent-a3395f683ef309fa0/src/ably.pubsub.tests.dotnet/bin/release/net6.0/ably.pubsub.tests.dotnet.dll" id="c7ccee46-643a-d380-7b39-9837d83da452">
      <Execution id="0b1fbfc7-05fe-4782-9957-e8183870860e" />
      <TestMethod codeBase="/Users/umair/Git/ably-dotnet/.claude/worktrees/agent-a3395f683ef309fa0/src/Ably.PubSub.Tests.DotNET/bin/Release/net6.0/Ably.PubSub.Tests.DotNET.dll" adapterTypeName="executor://xunit/VsTestRunner2/netcoreapp" className="IO.Ably.Tests.NETFramework.Realtime.RealtimeWorkflowSpecs+AckProtocolTests" name="WhenReceivingNonAckOrNackMessage_ShouldNotHandleAction" />
    </UnitTest>
    <UnitTest name="IO.Ably.Tests.NETFramework.Realtime.RealtimeWorkflowSpecs+AckProtocolTests.WhenReceivingNonAckOrNackMessage_ShouldNotHandleAction(action: Attached)" storage="/users/umair/git/ably-dotnet/.claude/worktrees/agent-a3395f683ef309fa0/src/ably.pubsub.tests.dotnet/bin/release/net6.0/ably.pubsub.tests.dotnet.dll" id="87cc4b8d-96cd-9edf-6f63-2d302b8e7462">
      <Execution id="c7074e54-12b0-44e6-b232-9a1c71c445d9" />
      <TestMethod codeBase="/Users/umair/Git/ably-dotnet/.claude/worktrees/agent-a3395f683ef309fa0/src/Ably.PubSub.Tests.DotNET/bin/Release/net6.0/Ably.PubSub.Tests.DotNET.dll" adapterTypeName="executor://xunit/VsTestRunner2/netcoreapp" className="IO.Ably.Tests.NETFramework.Realtime.RealtimeWorkflowSpecs+AckProtocolTests" name="WhenReceivingNonAckOrNackMessage_ShouldNotHandleAction" />
    </UnitTest>
    <UnitTest name="IO.Ably.Tests.NETFramework.Realtime.RealtimeWorkflowSpecs+AckProtocolTests.WhenReceivingNonAckOrNackMessage_ShouldNotHandleAction(action: Sync)" storage="/users/umair/git/ably-dotnet/.claude/worktrees/agent-a3395f683ef309fa0/src/ably.pubsub.tests.dotnet/bin/release/net6.0/ably.pubsub.tests.dotnet.dll" id="e5cf275b-78bd-5517-3bae-570ec479798a">
      <Execution id="a8257051-d140-4dd7-90da-eb02bd169a59" />
      <TestMethod codeBase="/Users/umair/Git/ably-dotnet/.claude/worktrees/agent-a3395f683ef309fa0/src/Ably.PubSub.Tests.DotNET/bin/Release/net6.0/Ably.PubSub.Tests.DotNET.dll" adapterTypeName="executor://xunit/VsTestRunner2/netcoreapp" className="IO.Ably.Tests.NETFramework.Realtime.RealtimeWorkflowSpecs+AckProtocolTests" name="WhenReceivingNonAckOrNackMessage_ShouldNotHandleAction" />
    </UnitTest>
    <UnitTest name="IO.Ably.Tests.NETFramework.Realtime.RealtimeWorkflowSpecs+AckProtocolTests.WhenReceivingNonAckOrNackMessage_ShouldNotHandleAction(action: Message)" storage="/users/umair/git/ably-dotnet/.claude/worktrees/agent-a3395f683ef309fa0/src/ably.pubsub.tests.dotnet/bin/release/net6.0/ably.pubsub.tests.dotnet.dll" id="86e0bfd8-e7e8-d3aa-9edb-1ad92b45b558">
      <Execution id="bf79045f-c2c5-4578-92be-1697ee144fbf" />
      <TestMethod codeBase="/Users/umair/Git/ably-dotnet/.claude/worktrees/agent-a3395f683ef309fa0/src/Ably.PubSub.Tests.DotNET/bin/Release/net6.0/Ably.PubSub.Tests.DotNET.dll" adapterTypeName="executor://xunit/VsTestRunner2/netcoreapp" className="IO.Ably.Tests.NETFramework.Realtime.RealtimeWorkflowSpecs+AckProtocolTests" name="WhenReceivingNonAckOrNackMessage_ShouldNotHandleAction" />
    </UnitTest>
    <UnitTest name="IO.Ably.Tests.NETFramework.Realtime.RealtimeWorkflowSpecs+AckProtocolTests.WhenReceivingNonAckOrNackMessage_ShouldNotHandleAction(action: Close)" storage="/users/umair/git/ably-dotnet/.claude/worktrees/agent-a3395f683ef309fa0/src/ably.pubsub.tests.dotnet/bin/release/net6.0/ably.pubsub.tests.dotnet.dll" id="1866de6a-4868-dfa2-27a9-e2f9c24b376e">
      <Execution id="ba8a7a25-5462-4ee0-a749-faf25b521fed" />
      <TestMethod codeBase="/Users/umair/Git/ably-dotnet/.claude/worktrees/agent-a3395f683ef309fa0/src/Ably.PubSub.Tests.DotNET/bin/Release/net6.0/Ably.PubSub.Tests.DotNET.dll" adapterTypeName="executor://xunit/VsTestRunner2/netcoreapp" className="IO.Ably.Tests.NETFramework.Realtime.RealtimeWorkflowSpecs+AckProtocolTests" name="WhenReceivingNonAckOrNackMessage_ShouldNotHandleAction" />
    </UnitTest>
    <UnitTest name="IO.Ably.Tests.NETFramework.Realtime.RealtimeWorkflowSpecs+AckProtocolTests.WhenReceivingNonAckOrNackMessage_ShouldNotHandleAction(action: Connected)" storage="/users/umair/git/ably-dotnet/.claude/worktrees/agent-a3395f683ef309fa0/src/ably.pubsub.tests.dotnet/bin/release/net6.0/ably.pubsub.tests.dotnet.dll" id="c36e303e-84f1-2cb0-c43f-0be6b7bf65a3">
      <Execution id="5c55548c-e6ff-412e-b3bf-4384eaec0b2d" />
      <TestMethod codeBase="/Users/umair/Git/ably-dotnet/.claude/worktrees/agent-a3395f683ef309fa0/src/Ably.PubSub.Tests.DotNET/bin/Release/net6.0/Ably.PubSub.Tests.DotNET.dll" adapterTypeName="executor://xunit/VsTestRunner2/netcoreapp" className="IO.Ably.Tests.NETFramework.Realtime.RealtimeWorkflowSpecs+AckProtocolTests" name="WhenReceivingNonAckOrNackMessage_ShouldNotHandleAction" />
    </UnitTest>
    <UnitTest name="IO.Ably.Tests.NETFramework.Realtime.RealtimeWorkflowSpecs+AckProtocolTests.WhenReceivingNonAckOrNackMessage_ShouldNotHandleAction(action: Disconnected)" storage="/users/umair/git/ably-dotnet/.claude/worktrees/agent-a3395f683ef309fa0/src/ably.pubsub.tests.dotnet/bin/release/net6.0/ably.pubsub.tests.dotnet.dll" id="1bb07b41-21f9-7d49-8f04-e023a4c98ed0">
      <Execution id="b61fa163-352a-4c40-88bf-09735ff3d99e" />
      <TestMethod codeBase="/Users/umair/Git/ably-dotnet/.claude/worktrees/agent-a3395f683ef309fa0/src/Ably.PubSub.Tests.DotNET/bin/Release/net6.0/Ably.PubSub.Tests.DotNET.dll" adapterTypeName="executor://xunit/VsTestRunner2/netcoreapp" className="IO.Ably.Tests.NETFramework.Realtime.RealtimeWorkflowSpecs+AckProtocolTests" name="WhenReceivingNonAckOrNackMessage_ShouldNotHandleAction" />
    </UnitTest>
    <UnitTest name="IO.Ably.Tests.NETFramework.Realtime.RealtimeWorkflowSpecs+AckProtocolTests.WhenReceivingNonAckOrNackMessage_ShouldNotHandleAction(action: Attach)" storage="/users/umair/git/ably-dotnet/.claude/worktrees/agent-a3395f683ef309fa0/src/ably.pubsub.tests.dotnet/bin/release/net6.0/ably.pubsub.tests.dotnet.dll" id="50c1aa81-3983-b6c4-a373-5f6e3ba60cab">
      <Execution id="30559009-9e2d-4d0d-9a1e-64f6e37340ed" />
      <TestMethod codeBase="/Users/umair/Git/ably-dotnet/.claude/worktrees/agent-a3395f683ef309fa0/src/Ably.PubSub.Tests.DotNET/bin/Release/net6.0/Ably.PubSub.Tests.DotNET.dll" adapterTypeName="executor://xunit/VsTestRunner2/netcoreapp" className="IO.Ably.Tests.NETFramework.Realtime.RealtimeWorkflowSpecs+AckProtocolTests" name="WhenReceivingNonAckOrNackMessage_ShouldNotHandleAction" />
    </UnitTest>
    <UnitTest name="IO.Ably.Tests.NETFramework.Realtime.RealtimeWorkflowSpecs+AckProtocolTests.WhenReceivingNonAckOrNackMessage_ShouldNotHandleAction(action: Presence)" storage="/users/umair/git/ably-dotnet/.claude/worktrees/agent-a3395f683ef309fa0/src/ably.pubsub.tests.dotnet/bin/release/net6.0/ably.pubsub.tests.dotnet.dll" id="cc0407fb-4fc7-810b-5d85-6500435db4c2">
      <Execution id="d155444a-462d-4d74-9547-f4fedf4b9bab" />
      <TestMethod codeBase="/Users/umair/Git/ably-dotnet/.claude/worktrees/agent-a3395f683ef309fa0/src/Ably.PubSub.Tests.DotNET/bin/Release/net6.0/Ably.PubSub.Tests.DotNET.dll" adapterTypeName="executor://xunit/VsTestRunner2/netcoreapp" className="IO.Ably.Tests.NETFramework.Realtime.RealtimeWorkflowSpecs+AckProtocolTests" name="WhenReceivingNonAckOrNackMessage_ShouldNotHandleAction" />
    </UnitTest>
    <UnitTest name="IO.Ably.Tests.NETFramework.Realtime.RealtimeWorkflowSpecs+AckProtocolTests.WhenReceivingNonAckOrNackMessage_ShouldNotHandleAction(action: Detach)" storage="/users/umair/git/ably-dotnet/.claude/worktrees/agent-a3395f683ef309fa0/src/ably.pubsub.tests.dotnet/bin/release/net6.0/ably.pubsub.tests.dotnet.dll" id="28f16149-17f7-d259-5594-0f83c89d5613">
      <Execution id="ba3b1b4d-eebf-4d38-be50-5c105f09565a" />
      <TestMethod codeBase="/Users/umair/Git/ably-dotnet/.claude/worktrees/agent-a3395f683ef309fa0/src/Ably.PubSub.Tests.DotNET/bin/Release/net6.0/Ably.PubSub.Tests.DotNET.dll" adapterTypeName="executor://xunit/VsTestRunner2/netcoreapp" className="IO.Ably.Tests.NETFramework.Realtime.RealtimeWorkflowSpecs+AckProtocolTests" name="WhenReceivingNonAckOrNackMessage_ShouldNotHandleAction" />
    </UnitTest>
    <UnitTest name="IO.Ably.Tests.NETFramework.Realtime.RealtimeWorkflowSpecs+AckProtocolTests.WhenReceivingNonAckOrNackMessage_ShouldNotHandleAction(action: Closed)" storage="/users/umair/git/ably-dotnet/.claude/worktrees/agent-a3395f683ef309fa0/src/ably.pubsub.tests.dotnet/bin/release/net6.0/ably.pubsub.tests.dotnet.dll" id="ecd71109-ce9c-32f0-1620-9f684ef9038f">
      <Execution id="03e758bd-62d3-4190-8f6d-2e68e7424344" />
      <TestMethod codeBase="/Users/umair/Git/ably-dotnet/.claude/worktrees/agent-a3395f683ef309fa0/src/Ably.PubSub.Tests.DotNET/bin/Release/net6.0/Ably.PubSub.Tests.DotNET.dll" adapterTypeName="executor://xunit/VsTestRunner2/netcoreapp" className="IO.Ably.Tests.NETFramework.Realtime.RealtimeWorkflowSpecs+AckProtocolTests" name="WhenReceivingNonAckOrNackMessage_ShouldNotHandleAction" />
    </UnitTest>
  </TestDefinitions>
  <TestEntries>
    <TestEntry testId="e5cf275b-78bd-5517-3bae-570ec479798a" executionId="a8257051-d140-4dd7-90da-eb02bd169a59" testListId="8c84fa94-04c1-424b-9868-57a2d4851a1d" />
    <TestEntry testId="1866de6a-4868-dfa2-27a9-e2f9c24b376e" executionId="ba8a7a25-5462-4ee0-a749-faf25b521fed" testListId="8c84fa94-04c1-424b-9868-57a2d4851a1d" />
    <TestEntry testId="258b91b1-fcd3-fc87-26c2-9939aa0aab9a" executionId="ca13b540-b601-412f-ab67-a72fe03774b0" testListId="8c84fa94-04c1-424b-9868-57a2d4851a1d" />
    <TestEntry testId="50c1aa81-3983-b6c4-a373-5f6e3ba60cab" executionId="30559009-9e2d-4d0d-9a1e-64f6e37340ed" testListId="8c84fa94-04c1-424b-9868-57a2d4851a1d" />
    <TestEntry testId="d7096ab1-e388-2747-b7bb-65279b32cd02" executionId="bd723406-8802-418e-9022-8a64def0eeb5" testListId="8c84fa94-04c1-424b-9868-57a2d4851a1d" />
    <TestEntry testId="87cc4b8d-96cd-9edf-6f63-2d302b8e7462" executionId="c7074e54-12b0-44e6-b232-9a1c71c445d9" testListId="8c84fa94-04c1-424b-9868-57a2d4851a1d" />
    <TestEntry testId="cc0407fb-4fc7-810b-5d85-6500435db4c2" executionId="d155444a-462d-4d74-9547-f4fedf4b9bab" testListId="8c84fa94-04c1-424b-9868-57a2d4851a1d" />
    <TestEntry testId="f05d0a4a-ec8a-f584-4a7d-5b97ccf7bea7" executionId="61c6ffa8-9035-4225-8aab-b925a5eaba66" testListId="8c84fa94-04c1-424b-9868-57a2d4851a1d" />
    <TestEntry testId="ecd71109-ce9c-32f0-1620-9f684ef9038f" executionId="03e758bd-62d3-4190-8f6d-2e68e7424344" testListId="8c84fa94-04c1-424b-9868-57a2d4851a1d" />
    <TestEntry testId="86e0bfd8-e7e8-d3aa-9edb-1ad92b45b558" executionId="bf79045f-c2c5-4578-92be-1697ee144fbf" testListId="8c84fa94-04c1-424b-9868-57a2d4851a1d" />
    <TestEntry testId="1bb07b41-21f9-7d49-8f04-e023a4c98ed0" executionId="b61fa163-352a-4c40-88bf-09735ff3d99e" testListId="8c84fa94-04c1-424b-9868-57a2d4851a1d" />
    <TestEntry testId="c7ccee46-643a-d380-7b39-9837d83da452" executionId="0b1fbfc7-05fe-4782-9957-e8183870860e" testListId="8c84fa94-04c1-424b-9868-57a2d4851a1d" />
    <TestEntry testId="28f16149-17f7-d259-5594-0f83c89d5613" executionId="ba3b1b4d-eebf-4d38-be50-5c105f09565a" testListId="8c84fa94-04c1-424b-9868-57a2d4851a1d" />
    <TestEntry testId="d707659d-bf47-69e7-6787-99bb0b9e352b" executionId="a4bc7480-a547-4075-8ab9-f0ba1793f573" testListId="8c84fa94-04c1-424b-9868-57a2d4851a1d" />
    <TestEntry testId="c36e303e-84f1-2cb0-c43f-0be6b7bf65a3" executionId="5c55548c-e6ff-412e-b3bf-4384eaec0b2d" testListId="8c84fa94-04c1-424b-9868-57a2d4851a1d" />
  </TestEntries>
  <TestLists>
    <TestList name="Results Not in a List" id="8c84fa94-04c1-424b-9868-57a2d4851a1d" />
    <TestList name="All Loaded Results" id="19431567-8539-422a-85d7-44ee4e166bda" />
  </TestLists>
  <ResultSummary outcome="Failed">
    <Counters total="15" executed="15" passed="0" failed="15" error="0" timeout="0" aborted="0" inconclusive="0" passedButRunAborted="0" notRunnable="0" notExecuted="0" disconnected="0" warning="0" completed="0" inProgress="0" pending="0" />
    <Output>
      <StdOut>[xUnit.net 00:00:00.00] xUnit.net VSTest Adapter v2.4.1 (64-bit .NET 6.0.36)
[xUnit.net 00:00:00.20]   Discovering: Ably.PubSub.Tests.DotNET
[xUnit.net 00:00:00.32]   Discovered:  Ably.PubSub.Tests.DotNET
[xUnit.net 00:00:00.32]   Starting:    Ably.PubSub.Tests.DotNET
[xUnit.net 00:00:00.37]       System.NullReferenceException : Object reference not set to an instance of an object.
[xUnit.net 00:00:00.37]       Stack Trace:
[xUnit.net 00:00:00.37]         /Users/umair/Git/ably-dotnet/.claude/worktrees/agent-a3395f683ef309fa0/src/Ably.PubSub.Shared/IoC.cs(40,0): at IO.Ably.IoC.RegisterOsNetworkStateChanged()
[xUnit.net 00:00:00.37]         /Users/umair/Git/ably-dotnet/.claude/worktrees/agent-a3395f683ef309fa0/src/Ably.PubSub.Shared/AblyRealtime.cs(73,0): at IO.Ably.AblyRealtime..ctor(ClientOptions options, Func`3 createRestFunc, IMobileDevice mobileDevice)
[xUnit.net 00:00:00.37]         /Users/umair/Git/ably-dotnet/.claude/worktrees/agent-a3395f683ef309fa0/src/Ably.PubSub.Tests.Shared/Infrastructure/AblyRealtimeSpecs.cs(71,0): at IO.Ably.Tests.AblyRealtimeSpecs.GetRealtimeClient(ClientOptions options, Func`2 handleRequestFunc, IMobileDevice mobileDevice)
[xUnit.net 00:00:00.37]         /Users/umair/Git/ably-dotnet/.claude/worktrees/agent-a3395f683ef309fa0/src/Ably.PubSub.Tests.Shared/Infrastructure/AblyRealtimeSpecs.cs(140,0): at IO.Ably.Tests.AblyRealtimeSpecs.GetDisconnectedClient(ClientOptions options)
[xUnit.net 00:00:00.37]         /Users/umair/Git/ably-dotnet/.claude/worktrees/agent-a3395f683ef309fa0/src/Ably.PubSub.Tests.Shared/Realtime/RealtimeWorkflowSpecs.cs(426,0): at IO.Ably.Tests.NETFramework.Realtime.RealtimeWorkflowSpecs.AckProtocolTests.WhenReceivingNonAckOrNackMessage_ShouldNotHandleAction(MessageAction action)
[xUnit.net 00:00:00.37]         --- End of stack trace from previous location ---
[xUnit.net 00:00:00.37]       System.NullReferenceException : Object reference not set to an instance of an object.
[xUnit.net 00:00:00.37]       Stack Trace:
[xUnit.net 00:00:00.37]         /Users/umair/Git/ably-dotnet/.claude/worktrees/agent-a3395f683ef309fa0/src/Ably.PubSub.Shared/IoC.cs(40,0): at IO.Ably.IoC.RegisterOsNetworkStateChanged()
[xUnit.net 00:00:00.37]         /Users/umair/Git/ably-dotnet/.claude/worktrees/agent-a3395f683ef309fa0/src/Ably.PubSub.Shared/AblyRealtime.cs(73,0): at IO.Ably.AblyRealtime..ctor(ClientOptions options, Func`3 createRestFunc, IMobileDevice mobileDevice)
[xUnit.net 00:00:00.37]         /Users/umair/Git/ably-dotnet/.claude/worktrees/agent-a3395f683ef309fa0/src/Ably.PubSub.Tests.Shared/Infrastructure/AblyRealtimeSpecs.cs(71,0): at IO.Ably.Tests.AblyRealtimeSpecs.GetRealtimeClient(ClientOptions options, Func`2 handleRequestFunc, IMobileDevice mobileDevice)
[xUnit.net 00:00:00.37]         /Users/umair/Git/ably-dotnet/.claude/worktrees/agent-a3395f683ef309fa0/src/Ably.PubSub.Tests.Shared/Infrastructure/AblyRealtimeSpecs.cs(140,0): at IO.Ably.Tests.AblyRealtimeSpecs.GetDisconnectedClient(ClientOptions options)
[xUnit.net 00:00:00.37]         /Users/umair/Git/ably-dotnet/.claude/worktrees/agent-a3395f683ef309fa0/src/Ably.PubSub.Tests.Shared/Realtime/RealtimeWorkflowSpecs.cs(426,0): at IO.Ably.Tests.NETFramework.Realtime.RealtimeWorkflowSpecs.AckProtocolTests.WhenReceivingNonAckOrNackMessage_ShouldNotHandleAction(MessageAction action)
[xUnit.net 00:00:00.37]         --- End of stack trace from previous location ---
[xUnit.net 00:00:00.37]       System.NullReferenceException : Object reference not set to an instance of an object.
[xUnit.net 00:00:00.37]       Stack Trace:
[xUnit.net 00:00:00.37]         /Users/umair/Git/ably-dotnet/.claude/worktrees/agent-a3395f683ef309fa0/src/Ably.PubSub.Shared/IoC.cs(40,0): at IO.Ably.IoC.RegisterOsNetworkStateChanged()
[xUnit.net 00:00:00.37]         /Users/umair/Git/ably-dotnet/.claude/worktrees/agent-a3395f683ef309fa0/src/Ably.PubSub.Shared/AblyRealtime.cs(73,0): at IO.Ably.AblyRealtime..ctor(ClientOptions options, Func`3 createRestFunc, IMobileDevice mobileDevice)
[xUnit.net 00:00:00.37]         /Users/umair/Git/ably-dotnet/.claude/worktrees/agent-a3395f683ef309fa0/src/Ably.PubSub.Tests.Shared/Infrastructure/AblyRealtimeSpecs.cs(71,0): at IO.Ably.Tests.AblyRealtimeSpecs.GetRealtimeClient(ClientOptions options, Func`2 handleRequestFunc, IMobileDevice mobileDevice)
[xUnit.net 00:00:00.37]         /Users/umair/Git/ably-dotnet/.claude/worktrees/agent-a3395f683ef309fa0/src/Ably.PubSub.Tests.Shared/Infrastructure/AblyRealtimeSpecs.cs(140,0): at IO.Ably.Tests.AblyRealtimeSpecs.GetDisconnectedClient(ClientOptions options)
[xUnit.net 00:00:00.37]         /Users/umair/Git/ably-dotnet/.claude/worktrees/agent-a3395f683ef309fa0/src/Ably.PubSub.Tests.Shared/Realtime/RealtimeWorkflowSpecs.cs(426,0): at IO.Ably.Tests.NETFramework.Realtime.RealtimeWorkflowSpecs.AckProtocolTests.WhenReceivingNonAckOrNackMessage_ShouldNotHandleAction(MessageAction action)
[xUnit.net 00:00:00.37]         --- End of stack trace from previous location ---
[xUnit.net 00:00:00.37]       System.NullReferenceException : Object reference not set to an instance of an object.
[xUnit.net 00:00:00.37]       Stack Trace:
[xUnit.net 00:00:00.37]         /Users/umair/Git/ably-dotnet/.claude/worktrees/agent-a3395f683ef309fa0/src/Ably.PubSub.Shared/IoC.cs(40,0): at IO.Ably.IoC.RegisterOsNetworkStateChanged()
[xUnit.net 00:00:00.37]         /Users/umair/Git/ably-dotnet/.claude/worktrees/agent-a3395f683ef309fa0/src/Ably.PubSub.Shared/AblyRealtime.cs(73,0): at IO.Ably.AblyRealtime..ctor(ClientOptions options, Func`3 createRestFunc, IMobileDevice mobileDevice)
[xUnit.net 00:00:00.37]         /Users/umair/Git/ably-dotnet/.claude/worktrees/agent-a3395f683ef309fa0/src/Ably.PubSub.Tests.Shared/Infrastructure/AblyRealtimeSpecs.cs(71,0): at IO.Ably.Tests.AblyRealtimeSpecs.GetRealtimeClient(ClientOptions options, Func`2 handleRequestFunc, IMobileDevice mobileDevice)
[xUnit.net 00:00:00.37]         /Users/umair/Git/ably-dotnet/.claude/worktrees/agent-a3395f683ef309fa0/src/Ably.PubSub.Tests.Shared/Infrastructure/AblyRealtimeSpecs.cs(140,0): at IO.Ably.Tests.AblyRealtimeSpecs.GetDisconnectedClient(ClientOptions options)
[xUnit.net 00:00:00.37]         /Users/umair/Git/ably-dotnet/.claude/worktrees/agent-a3395f683ef309fa0/src/Ably.PubSub.Tests.Shared/Realtime/RealtimeWorkflowSpecs.cs(426,0): at IO.Ably.Tests.NETFramework.Realtime.RealtimeWorkflowSpecs.AckProtocolTests.WhenReceivingNonAckOrNackMessage_ShouldNotHandleAction(MessageAction action)
[xUnit.net 00:00:00.37]         --- End of stack trace from previous location ---
[xUnit.net 00:00:00.37]       System.NullReferenceException : Object reference not set to an instance of an object.
[xUnit.net 00:00:00.37]       Stack Trace:
[xUnit.net 00:00:00.37]         /Users/umair/Git/ably-dotnet/.claude/worktrees/agent-a3395f683ef309fa0/src/Ably.PubSub.Shared/IoC.cs(40,0): at IO.Ably.IoC.RegisterOsNetworkStateChanged()
[xUnit.net 00:00:00.37]         /Users/umair/Git/ably-dotnet/.claude/worktrees/agent-a3395f683ef309fa0/src/Ably.PubSub.Shared/AblyRealtime.cs(73,0): at IO.Ably.AblyRealtime..ctor(ClientOptions options, Func`3 createRestFunc, IMobileDevice mobileDevice)
[xUnit.net 00:00:00.37]         /Users/umair/Git/ably-dotnet/.claude/worktrees/agent-a3395f683ef309fa0/src/Ably.PubSub.Tests.Shared/Infrastructure/AblyRealtimeSpecs.cs(71,0): at IO.Ably.Tests.AblyRealtimeSpecs.GetRealtimeClient(ClientOptions options, Func`2 handleRequestFunc, IMobileDevice mobileDevice)
[xUnit.net 00:00:00.37]         /Users/umair/Git/ably-dotnet/.claude/worktrees/agent-a3395f683ef309fa0/src/Ably.PubSub.Tests.Shared/Infrastructure/AblyRealtimeSpecs.cs(140,0): at IO.Ably.Tests.AblyRealtimeSpecs.GetDisconnectedClient(ClientOptions options)
[xUnit.net 00:00:00.37]         /Users/umair/Git/ably-dotnet/.claude/worktrees/agent-a3395f683ef309fa0/src/Ably.PubSub.Tests.Shared/Realtime/RealtimeWorkflowSpecs.cs(426,0): at IO.Ably.Tests.NETFramework.Realtime.RealtimeWorkflowSpecs.AckProtocolTests.WhenReceivingNonAckOrNackMessage_ShouldNotHandleAction(MessageAction action)
[xUnit.net 00:00:00.37]         --- End of stack trace from previous location ---
[xUnit.net 00:00:00.37]       System.NullReferenceException : Object reference not set to an instance of an object.
[xUnit.net 00:00:00.37]       Stack Trace:
[xUnit.net 00:00:00.37]         /Users/umair/Git/ably-dotnet/.claude/worktrees/agent-a3395f683ef309fa0/src/Ably.PubSub.Shared/IoC.cs(40,0): at IO.Ably.IoC.RegisterOsNetworkStateChanged()
[xUnit.net 00:00:00.37]         /Users/umair/Git/ably-dotnet/.claude/worktrees/agent-a3395f683ef309fa0/src/Ably.PubSub.Shared/AblyRealtime.cs(73,0): at IO.Ably.AblyRealtime..ctor(ClientOptions options, Func`3 createRestFunc, IMobileDevice mobileDevice)
[xUnit.net 00:00:00.37]         /Users/umair/Git/ably-dotnet/.claude/worktrees/agent-a3395f683ef309fa0/src/Ably.PubSub.Tests.Shared/Infrastructure/AblyRealtimeSpecs.cs(71,0): at IO.Ably.Tests.AblyRealtimeSpecs.GetRealtimeClient(ClientOptions options, Func`2 handleRequestFunc, IMobileDevice mobileDevice)
[xUnit.net 00:00:00.37]         /Users/umair/Git/ably-dotnet/.claude/worktrees/agent-a3395f683ef309fa0/src/Ably.PubSub.Tests.Shared/Infrastructure/AblyRealtimeSpecs.cs(140,0): at IO.Ably.Tests.AblyRealtimeSpecs.GetDisconnectedClient(ClientOptions options)
[xUnit.net 00:00:00.37]         /Users/umair/Git/ably-dotnet/.claude/worktrees/agent-a3395f683ef309fa0/src/Ably.PubSub.Tests.Shared/Realtime/RealtimeWorkflowSpecs.cs(426,0): at IO.Ably.Tests.NETFramework.Realtime.RealtimeWorkflowSpecs.AckProtocolTests.WhenReceivingNonAckOrNackMessage_ShouldNotHandleAction(MessageAction action)
[xUnit.net 00:00:00.37]         --- End of stack trace from previous location ---
[xUnit.net 00:00:00.37]       System.NullReferenceException : Object reference not set to an instance of an object.
[xUnit.net 00:00:00.37]       Stack Trace:
[xUnit.net 00:00:00.37]         /Users/umair/Git/ably-dotnet/.claude/worktrees/agent-a3395f683ef309fa0/src/Ably.PubSub.Shared/IoC.cs(40,0): at IO.Ably.IoC.RegisterOsNetworkStateChanged()
[xUnit.net 00:00:00.37]         /Users/umair/Git/ably-dotnet/.claude/worktrees/agent-a3395f683ef309fa0/src/Ably.PubSub.Shared/AblyRealtime.cs(73,0): at IO.Ably.AblyRealtime..ctor(ClientOptions options, Func`3 createRestFunc, IMobileDevice mobileDevice)
[xUnit.net 00:00:00.37]         /Users/umair/Git/ably-dotnet/.claude/worktrees/agent-a3395f683ef309fa0/src/Ably.PubSub.Tests.Shared/Infrastructure/AblyRealtimeSpecs.cs(71,0): at IO.Ably.Tests.AblyRealtimeSpecs.GetRealtimeClient(ClientOptions options, Func`2 handleRequestFunc, IMobileDevice mobileDevice)
[xUnit.net 00:00:00.37]         /Users/umair/Git/ably-dotnet/.claude/worktrees/agent-a3395f683ef309fa0/src/Ably.PubSub.Tests.Shared/Infrastructure/AblyRealtimeSpecs.cs(140,0): at IO.Ably.Tests.AblyRealtimeSpecs.GetDisconnectedClient(ClientOptions options)
[xUnit.net 00:00:00.37]         /Users/umair/Git/ably-dotnet/.claude/worktrees/agent-a3395f683ef309fa0/src/Ably.PubSub.Tests.Shared/Realtime/RealtimeWorkflowSpecs.cs(426,0): at IO.Ably.Tests.NETFramework.Realtime.RealtimeWorkflowSpecs.AckProtocolTests.WhenReceivingNonAckOrNackMessage_ShouldNotHandleAction(MessageAction action)
[xUnit.net 00:00:00.37]         --- End of stack trace from previous location ---
[xUnit.net 00:00:00.37]       System.NullReferenceException : Object reference not set to an instance of an object.
[xUnit.net 00:00:00.37]       Stack Trace:
[xUnit.net 00:00:00.37]         /Users/umair/Git/ably-dotnet/.claude/worktrees/agent-a3395f683ef309fa0/src/Ably.PubSub.Shared/IoC.cs(40,0): at IO.Ably.IoC.RegisterOsNetworkStateChanged()
[xUnit.net 00:00:00.37]         /Users/umair/Git/ably-dotnet/.claude/worktrees/agent-a3395f683ef309fa0/src/Ably.PubSub.Shared/AblyRealtime.cs(73,0): at IO.Ably.AblyRealtime..ctor(ClientOptions options, Func`3 createRestFunc, IMobileDevice mobileDevice)
[xUnit.net 00:00:00.37]         /Users/umair/Git/ably-dotnet/.claude/worktrees/agent-a3395f683ef309fa0/src/Ably.PubSub.Tests.Shared/Infrastructure/AblyRealtimeSpecs.cs(71,0): at IO.Ably.Tests.AblyRealtimeSpecs.GetRealtimeClient(ClientOptions options, Func`2 handleRequestFunc, IMobileDevice mobileDevice)
[xUnit.net 00:00:00.37]         /Users/umair/Git/ably-dotnet/.claude/worktrees/agent-a3395f683ef309fa0/src/Ably.PubSub.Tests.Shared/Infrastructure/AblyRealtimeSpecs.cs(140,0): at IO.Ably.Tests.AblyRealtimeSpecs.GetDisconnectedClient(ClientOptions options)
[xUnit.net 00:00:00.37]         /Users/umair/Git/ably-dotnet/.claude/worktrees/agent-a3395f683ef309fa0/src/Ably.PubSub.Tests.Shared/Realtime/RealtimeWorkflowSpecs.cs(426,0): at IO.Ably.Tests.NETFramework.Realtime.RealtimeWorkflowSpecs.AckProtocolTests.WhenReceivingNonAckOrNackMessage_ShouldNotHandleAction(MessageAction action)
[xUnit.net 00:00:00.37]         --- End of stack trace from previous location ---
[xUnit.net 00:00:00.37]       System.NullReferenceException : Object reference not set to an instance of an object.
[xUnit.net 00:00:00.37]       Stack Trace:
[xUnit.net 00:00:00.37]         /Users/umair/Git/ably-dotnet/.claude/worktrees/agent-a3395f683ef309fa0/src/Ably.PubSub.Shared/IoC.cs(40,0): at IO.Ably.IoC.RegisterOsNetworkStateChanged()
[xUnit.net 00:00:00.37]         /Users/umair/Git/ably-dotnet/.claude/worktrees/agent-a3395f683ef309fa0/src/Ably.PubSub.Shared/AblyRealtime.cs(73,0): at IO.Ably.AblyRealtime..ctor(ClientOptions options, Func`3 createRestFunc, IMobileDevice mobileDevice)
[xUnit.net 00:00:00.37]         /Users/umair/Git/ably-dotnet/.claude/worktrees/agent-a3395f683ef309fa0/src/Ably.PubSub.Tests.Shared/Infrastructure/AblyRealtimeSpecs.cs(71,0): at IO.Ably.Tests.AblyRealtimeSpecs.GetRealtimeClient(ClientOptions options, Func`2 handleRequestFunc, IMobileDevice mobileDevice)
[xUnit.net 00:00:00.37]         /Users/umair/Git/ably-dotnet/.claude/worktrees/agent-a3395f683ef309fa0/src/Ably.PubSub.Tests.Shared/Infrastructure/AblyRealtimeSpecs.cs(140,0): at IO.Ably.Tests.AblyRealtimeSpecs.GetDisconnectedClient(ClientOptions options)
[xUnit.net 00:00:00.37]         /Users/umair/Git/ably-dotnet/.claude/worktrees/agent-a3395f683ef309fa0/src/Ably.PubSub.Tests.Shared/Realtime/RealtimeWorkflowSpecs.cs(426,0): at IO.Ably.Tests.NETFramework.Realtime.RealtimeWorkflowSpecs.AckProtocolTests.WhenReceivingNonAckOrNackMessage_ShouldNotHandleAction(MessageAction action)
[xUnit.net 00:00:00.37]         --- End of stack trace from previous location ---
[xUnit.net 00:00:00.38]       System.NullReferenceException : Object reference not set to an instance of an object.
[xUnit.net 00:00:00.38]       Stack Trace:
[xUnit.net 00:00:00.38]         /Users/umair/Git/ably-dotnet/.claude/worktrees/agent-a3395f683ef309fa0/src/Ably.PubSub.Shared/IoC.cs(40,0): at IO.Ably.IoC.RegisterOsNetworkStateChanged()
[xUnit.net 00:00:00.38]         /Users/umair/Git/ably-dotnet/.claude/worktrees/agent-a3395f683ef309fa0/src/Ably.PubSub.Shared/AblyRealtime.cs(73,0): at IO.Ably.AblyRealtime..ctor(ClientOptions options, Func`3 createRestFunc, IMobileDevice mobileDevice)
[xUnit.net 00:00:00.38]         /Users/umair/Git/ably-dotnet/.claude/worktrees/agent-a3395f683ef309fa0/src/Ably.PubSub.Tests.Shared/Infrastructure/AblyRealtimeSpecs.cs(71,0): at IO.Ably.Tests.AblyRealtimeSpecs.GetRealtimeClient(ClientOptions options, Func`2 handleRequestFunc, IMobileDevice mobileDevice)
[xUnit.net 00:00:00.38]         /Users/umair/Git/ably-dotnet/.claude/worktrees/agent-a3395f683ef309fa0/src/Ably.PubSub.Tests.Shared/Infrastructure/AblyRealtimeSpecs.cs(140,0): at IO.Ably.Tests.AblyRealtimeSpecs.GetDisconnectedClient(ClientOptions options)
[xUnit.net 00:00:00.38]         /Users/umair/Git/ably-dotnet/.claude/worktrees/agent-a3395f683ef309fa0/src/Ably.PubSub.Tests.Shared/Realtime/RealtimeWorkflowSpecs.cs(426,0): at IO.Ably.Tests.NETFramework.Realtime.RealtimeWorkflowSpecs.AckProtocolTests.WhenReceivingNonAckOrNackMessage_ShouldNotHandleAction(MessageAction action)
[xUnit.net 00:00:00.38]         --- End of stack trace from previous location ---
[xUnit.net 00:00:00.38]       System.NullReferenceException : Object reference not set to an instance of an object.
[xUnit.net 00:00:00.38]       Stack Trace:
[xUnit.net 00:00:00.38]         /Users/umair/Git/ably-dotnet/.claude/worktrees/agent-a3395f683ef309fa0/src/Ably.PubSub.Shared/IoC.cs(40,0): at IO.Ably.IoC.RegisterOsNetworkStateChanged()
[xUnit.net 00:00:00.38]         /Users/umair/Git/ably-dotnet/.claude/worktrees/agent-a3395f683ef309fa0/src/Ably.PubSub.Shared/AblyRealtime.cs(73,0): at IO.Ably.AblyRealtime..ctor(ClientOptions options, Func`3 createRestFunc, IMobileDevice mobileDevice)
[xUnit.net 00:00:00.38]         /Users/umair/Git/ably-dotnet/.claude/worktrees/agent-a3395f683ef309fa0/src/Ably.PubSub.Tests.Shared/Infrastructure/AblyRealtimeSpecs.cs(71,0): at IO.Ably.Tests.AblyRealtimeSpecs.GetRealtimeClient(ClientOptions options, Func`2 handleRequestFunc, IMobileDevice mobileDevice)
[xUnit.net 00:00:00.38]         /Users/umair/Git/ably-dotnet/.claude/worktrees/agent-a3395f683ef309fa0/src/Ably.PubSub.Tests.Shared/Infrastructure/AblyRealtimeSpecs.cs(140,0): at IO.Ably.Tests.AblyRealtimeSpecs.GetDisconnectedClient(ClientOptions options)
[xUnit.net 00:00:00.38]         /Users/umair/Git/ably-dotnet/.claude/worktrees/agent-a3395f683ef309fa0/src/Ably.PubSub.Tests.Shared/Realtime/RealtimeWorkflowSpecs.cs(426,0): at IO.Ably.Tests.NETFramework.Realtime.RealtimeWorkflowSpecs.AckProtocolTests.WhenReceivingNonAckOrNackMessage_ShouldNotHandleAction(MessageAction action)
[xUnit.net 00:00:00.38]         --- End of stack trace from previous location ---
[xUnit.net 00:00:00.38]       System.NullReferenceException : Object reference not set to an instance of an object.
[xUnit.net 00:00:00.38]       Stack Trace:
[xUnit.net 00:00:00.38]         /Users/umair/Git/ably-dotnet/.claude/worktrees/agent-a3395f683ef309fa0/src/Ably.PubSub.Shared/IoC.cs(40,0): at IO.Ably.IoC.RegisterOsNetworkStateChanged()
[xUnit.net 00:00:00.38]         /Users/umair/Git/ably-dotnet/.claude/worktrees/agent-a3395f683ef309fa0/src/Ably.PubSub.Shared/AblyRealtime.cs(73,0): at IO.Ably.AblyRealtime..ctor(ClientOptions options, Func`3 createRestFunc, IMobileDevice mobileDevice)
[xUnit.net 00:00:00.38]         /Users/umair/Git/ably-dotnet/.claude/worktrees/agent-a3395f683ef309fa0/src/Ably.PubSub.Tests.Shared/Infrastructure/AblyRealtimeSpecs.cs(71,0): at IO.Ably.Tests.AblyRealtimeSpecs.GetRealtimeClient(ClientOptions options, Func`2 handleRequestFunc, IMobileDevice mobileDevice)
[xUnit.net 00:00:00.38]         /Users/umair/Git/ably-dotnet/.claude/worktrees/agent-a3395f683ef309fa0/src/Ably.PubSub.Tests.Shared/Infrastructure/AblyRealtimeSpecs.cs(140,0): at IO.Ably.Tests.AblyRealtimeSpecs.GetDisconnectedClient(ClientOptions options)
[xUnit.net 00:00:00.38]         /Users/umair/Git/ably-dotnet/.claude/worktrees/agent-a3395f683ef309fa0/src/Ably.PubSub.Tests.Shared/Realtime/RealtimeWorkflowSpecs.cs(426,0): at IO.Ably.Tests.NETFramework.Realtime.RealtimeWorkflowSpecs.AckProtocolTests.WhenReceivingNonAckOrNackMessage_ShouldNotHandleAction(MessageAction action)
[xUnit.net 00:00:00.38]         --- End of stack trace from previous location ---
[xUnit.net 00:00:00.38]       System.NullReferenceException : Object reference not set to an instance of an object.
[xUnit.net 00:00:00.38]       Stack Trace:
[xUnit.net 00:00:00.38]         /Users/umair/Git/ably-dotnet/.claude/worktrees/agent-a3395f683ef309fa0/src/Ably.PubSub.Shared/IoC.cs(40,0): at IO.Ably.IoC.RegisterOsNetworkStateChanged()
[xUnit.net 00:00:00.38]         /Users/umair/Git/ably-dotnet/.claude/worktrees/agent-a3395f683ef309fa0/src/Ably.PubSub.Shared/AblyRealtime.cs(73,0): at IO.Ably.AblyRealtime..ctor(ClientOptions options, Func`3 createRestFunc, IMobileDevice mobileDevice)
[xUnit.net 00:00:00.38]         /Users/umair/Git/ably-dotnet/.claude/worktrees/agent-a3395f683ef309fa0/src/Ably.PubSub.Tests.Shared/Infrastructure/AblyRealtimeSpecs.cs(71,0): at IO.Ably.Tests.AblyRealtimeSpecs.GetRealtimeClient(ClientOptions options, Func`2 handleRequestFunc, IMobileDevice mobileDevice)
[xUnit.net 00:00:00.38]         /Users/umair/Git/ably-dotnet/.claude/worktrees/agent-a3395f683ef309fa0/src/Ably.PubSub.Tests.Shared/Infrastructure/AblyRealtimeSpecs.cs(140,0): at IO.Ably.Tests.AblyRealtimeSpecs.GetDisconnectedClient(ClientOptions options)
[xUnit.net 00:00:00.38]         /Users/umair/Git/ably-dotnet/.claude/worktrees/agent-a3395f683ef309fa0/src/Ably.PubSub.Tests.Shared/Realtime/RealtimeWorkflowSpecs.cs(426,0): at IO.Ably.Tests.NETFramework.Realtime.RealtimeWorkflowSpecs.AckProtocolTests.WhenReceivingNonAckOrNackMessage_ShouldNotHandleAction(MessageAction action)
[xUnit.net 00:00:00.38]         --- End of stack trace from previous location ---
[xUnit.net 00:00:00.38]       System.NullReferenceException : Object reference not set to an instance of an object.
[xUnit.net 00:00:00.38]       Stack Trace:
[xUnit.net 00:00:00.38]         /Users/umair/Git/ably-dotnet/.claude/worktrees/agent-a3395f683ef309fa0/src/Ably.PubSub.Shared/IoC.cs(40,0): at IO.Ably.IoC.RegisterOsNetworkStateChanged()
[xUnit.net 00:00:00.38]         /Users/umair/Git/ably-dotnet/.claude/worktrees/agent-a3395f683ef309fa0/src/Ably.PubSub.Shared/AblyRealtime.cs(73,0): at IO.Ably.AblyRealtime..ctor(ClientOptions options, Func`3 createRestFunc, IMobileDevice mobileDevice)
[xUnit.net 00:00:00.38]         /Users/umair/Git/ably-dotnet/.claude/worktrees/agent-a3395f683ef309fa0/src/Ably.PubSub.Tests.Shared/Infrastructure/AblyRealtimeSpecs.cs(71,0): at IO.Ably.Tests.AblyRealtimeSpecs.GetRealtimeClient(ClientOptions options, Func`2 handleRequestFunc, IMobileDevice mobileDevice)
[xUnit.net 00:00:00.38]         /Users/umair/Git/ably-dotnet/.claude/worktrees/agent-a3395f683ef309fa0/src/Ably.PubSub.Tests.Shared/Infrastructure/AblyRealtimeSpecs.cs(140,0): at IO.Ably.Tests.AblyRealtimeSpecs.GetDisconnectedClient(ClientOptions options)
[xUnit.net 00:00:00.38]         /Users/umair/Git/ably-dotnet/.claude/worktrees/agent-a3395f683ef309fa0/src/Ably.PubSub.Tests.Shared/Realtime/RealtimeWorkflowSpecs.cs(426,0): at IO.Ably.Tests.NETFramework.Realtime.RealtimeWorkflowSpecs.AckProtocolTests.WhenReceivingNonAckOrNackMessage_ShouldNotHandleAction(MessageAction action)
[xUnit.net 00:00:00.38]         --- End of stack trace from previous location ---
[xUnit.net 00:00:00.38]       System.NullReferenceException : Object reference not set to an instance of an object.
[xUnit.net 00:00:00.38]       Stack Trace:
[xUnit.net 00:00:00.38]         /Users/umair/Git/ably-dotnet/.claude/worktrees/agent-a3395f683ef309fa0/src/Ably.PubSub.Shared/IoC.cs(40,0): at IO.Ably.IoC.RegisterOsNetworkStateChanged()
[xUnit.net 00:00:00.38]         /Users/umair/Git/ably-dotnet/.claude/worktrees/agent-a3395f683ef309fa0/src/Ably.PubSub.Shared/AblyRealtime.cs(73,0): at IO.Ably.AblyRealtime..ctor(ClientOptions options, Func`3 createRestFunc, IMobileDevice mobileDevice)
[xUnit.net 00:00:00.38]         /Users/umair/Git/ably-dotnet/.claude/worktrees/agent-a3395f683ef309fa0/src/Ably.PubSub.Tests.Shared/Infrastructure/AblyRealtimeSpecs.cs(71,0): at IO.Ably.Tests.AblyRealtimeSpecs.GetRealtimeClient(ClientOptions options, Func`2 handleRequestFunc, IMobileDevice mobileDevice)
[xUnit.net 00:00:00.38]         /Users/umair/Git/ably-dotnet/.claude/worktrees/agent-a3395f683ef309fa0/src/Ably.PubSub.Tests.Shared/Infrastructure/AblyRealtimeSpecs.cs(140,0): at IO.Ably.Tests.AblyRealtimeSpecs.GetDisconnectedClient(ClientOptions options)
[xUnit.net 00:00:00.38]         /Users/umair/Git/ably-dotnet/.claude/worktrees/agent-a3395f683ef309fa0/src/Ably.PubSub.Tests.Shared/Realtime/RealtimeWorkflowSpecs.cs(426,0): at IO.Ably.Tests.NETFramework.Realtime.RealtimeWorkflowSpecs.AckProtocolTests.WhenReceivingNonAckOrNackMessage_ShouldNotHandleAction(MessageAction action)
[xUnit.net 00:00:00.38]         --- End of stack trace from previous location ---
[xUnit.net 00:00:00.38]   Finished:    Ably.PubSub.Tests.DotNET
</StdOut>
    </Output>
    <RunInfos>
      <RunInfo computerName="Umair's-MacBook-Pro" outcome="Error" timestamp="2026-09-02T14:40:36.2267250+01:00">
        <Text>[xUnit.net 00:00:00.37]     IO.Ably.Tests.NETFramework.Realtime.RealtimeWorkflowSpecs+AckProtocolTests.WhenReceivingNonAckOrNackMessage_ShouldNotHandleAction(action: Disconnect) [FAIL]</Text>
      </RunInfo>
      <RunInfo computerName="Umair's-MacBook-Pro" outcome="Error" timestamp="2026-09-02T14:40:36.2297470+01:00">
        <Text>[xUnit.net 00:00:00.37]     IO.Ably.Tests.NETFramework.Realtime.RealtimeWorkflowSpecs+AckProtocolTests.WhenReceivingNonAckOrNackMessage_ShouldNotHandleAction(action: Detached) [FAIL]</Text>
      </RunInfo>
      <RunInfo computerName="Umair's-MacBook-Pro" outcome="Error" timestamp="2026-09-02T14:40:36.2299380+01:00">
        <Text>[xUnit.net 00:00:00.37]     IO.Ably.Tests.NETFramework.Realtime.RealtimeWorkflowSpecs+AckProtocolTests.WhenReceivingNonAckOrNackMessage_ShouldNotHandleAction(action: Connected) [FAIL]</Text>
      </RunInfo>
      <RunInfo computerName="Umair's-MacBook-Pro" outcome="Error" timestamp="2026-09-02T14:40:36.2301130+01:00">
        <Text>[xUnit.net 00:00:00.37]     IO.Ably.Tests.NETFramework.Realtime.RealtimeWorkflowSpecs+AckProtocolTests.WhenReceivingNonAckOrNackMessage_ShouldNotHandleAction(action: Message) [FAIL]</Text>
      </RunInfo>
      <RunInfo computerName="Umair's-MacBook-Pro" outcome="Error" timestamp="2026-09-02T14:40:36.2303540+01:00">
        <Text>[xUnit.net 00:00:00.37]     IO.Ably.Tests.NETFramework.Realtime.RealtimeWorkflowSpecs+AckProtocolTests.WhenReceivingNonAckOrNackMessage_ShouldNotHandleAction(action: Connect) [FAIL]</Text>
      </RunInfo>
      <RunInfo computerName="Umair's-MacBook-Pro" outcome="Error" timestamp="2026-09-02T14:40:36.2304620+01:00">
        <Text>[xUnit.net 00:00:00.37]     IO.Ably.Tests.NETFramework.Realtime.RealtimeWorkflowSpecs+AckProtocolTests.WhenReceivingNonAckOrNackMessage_ShouldNotHandleAction(action: Presence) [FAIL]</Text>
      </RunInfo>
      <RunInfo computerName="Umair's-MacBook-Pro" outcome="Error" timestamp="2026-09-02T14:40:36.2306310+01:00">
        <Text>[xUnit.net 00:00:00.37]     IO.Ably.Tests.NETFramework.Realtime.RealtimeWorkflowSpecs+AckProtocolTests.WhenReceivingNonAckOrNackMessage_ShouldNotHandleAction(action: Attach) [FAIL]</Text>
      </RunInfo>
      <RunInfo computerName="Umair's-MacBook-Pro" outcome="Error" timestamp="2026-09-02T14:40:36.2308080+01:00">
        <Text>[xUnit.net 00:00:00.37]     IO.Ably.Tests.NETFramework.Realtime.RealtimeWorkflowSpecs+AckProtocolTests.WhenReceivingNonAckOrNackMessage_ShouldNotHandleAction(action: Error) [FAIL]</Text>
      </RunInfo>
      <RunInfo computerName="Umair's-MacBook-Pro" outcome="Error" timestamp="2026-09-02T14:40:36.2309460+01:00">
        <Text>[xUnit.net 00:00:00.37]     IO.Ably.Tests.NETFramework.Realtime.RealtimeWorkflowSpecs+AckProtocolTests.WhenReceivingNonAckOrNackMessage_ShouldNotHandleAction(action: Closed) [FAIL]</Text>
      </RunInfo>
      <RunInfo computerName="Umair's-MacBook-Pro" outcome="Error" timestamp="2026-09-02T14:40:36.2620090+01:00">
        <Text>[xUnit.net 00:00:00.38]     IO.Ably.Tests.NETFramework.Realtime.RealtimeWorkflowSpecs+AckProtocolTests.WhenReceivingNonAckOrNackMessage_ShouldNotHandleAction(action: Attached) [FAIL]</Text>
      </RunInfo>
      <RunInfo computerName="Umair's-MacBook-Pro" outcome="Error" timestamp="2026-09-02T14:40:36.2620370+01:00">
        <Text>[xUnit.net 00:00:00.38]     IO.Ably.Tests.NETFramework.Realtime.RealtimeWorkflowSpecs+AckProtocolTests.WhenReceivingNonAckOrNackMessage_ShouldNotHandleAction(action: Sync) [FAIL]</Text>
      </RunInfo>
      <RunInfo computerName="Umair's-MacBook-Pro" outcome="Error" timestamp="2026-09-02T14:40:36.2620610+01:00">
        <Text>[xUnit.net 00:00:00.38]     IO.Ably.Tests.NETFramework.Realtime.RealtimeWorkflowSpecs+AckProtocolTests.WhenReceivingNonAckOrNackMessage_ShouldNotHandleAction(action: Detach) [FAIL]</Text>
      </RunInfo>
      <RunInfo computerName="Umair's-MacBook-Pro" outcome="Error" timestamp="2026-09-02T14:40:36.2620890+01:00">
        <Text>[xUnit.net 00:00:00.38]     IO.Ably.Tests.NETFramework.Realtime.RealtimeWorkflowSpecs+AckProtocolTests.WhenReceivingNonAckOrNackMessage_ShouldNotHandleAction(action: Heartbeat) [FAIL]</Text>
      </RunInfo>
      <RunInfo computerName="Umair's-MacBook-Pro" outcome="Error" timestamp="2026-09-02T14:40:36.2621150+01:00">
        <Text>[xUnit.net 00:00:00.38]     IO.Ably.Tests.NETFramework.Realtime.RealtimeWorkflowSpecs+AckProtocolTests.WhenReceivingNonAckOrNackMessage_ShouldNotHandleAction(action: Close) [FAIL]</Text>
      </RunInfo>
      <RunInfo computerName="Umair's-MacBook-Pro" outcome="Error" timestamp="2026-09-02T14:40:36.2621390+01:00">
        <Text>[xUnit.net 00:00:00.38]     IO.Ably.Tests.NETFramework.Realtime.RealtimeWorkflowSpecs+AckProtocolTests.WhenReceivingNonAckOrNackMessage_ShouldNotHandleAction(action: Disconnected) [FAIL]</Text>
      </RunInfo>
    </RunInfos>
  </ResultSummary>
</TestRun>