<?xml version="1.0" encoding="utf-8"?>
<TestRun id="3785d619-f529-46ec-b128-9f0b051f5221" name="@Umair's-MacBook-Pro 2026-09-02 14:39:31" xmlns="http://microsoft.com/schemas/VisualStudio/TeamTest/2010">
  <Times creation="2026-09-02T14:39:31.5130600+01:00" queuing="2026-09-02T14:39:31.5130600+01:00" start="2026-09-02T14:39:30.9321050+01:00" finish="2026-09-02T14:39:31.5151630+01:00" />
  <TestSettings name="default" id="533008dd-6b01-4867-847b-8836ce6546e8">
    <Deployment runDeploymentRoot="_Umair's-MacBook-Pro_2026-09-02_14_39_31" />
  </TestSettings>
  <Results>
    <UnitTestResult executionId="421b473f-33db-4e26-87e3-522393ec1ff1" testId="77fd5064-0f97-0b35-d42c-7bebc5abd488" testName="IO.Ably.Tests.RestInitSpecs.Init_WithTlsFalseAndSpecificPort_ShouldInitialiseHttpClientWithCorrectPort" computerName="Umair's-MacBook-Pro" duration="00:00:00.0031932" startTime="2026-09-02T14:39:31.4685890+01:00" endTime="2026-09-02T14:39:31.4686040+01:00" testType="13cdc9d9-ddb5-4fa4-a97d-d965ccfc6d4b" outcome="Failed" testListId="8c84fa94-04c1-424b-9868-57a2d4851a1d" relativeResultsDirectory="421b473f-33db-4e26-87e3-522393ec1ff1">
      <Output>
        <ErrorInfo>
          <Message>System.NullReferenceException : Object reference not set to an instance of an object.</Message>
          <StackTrace>   at IO.Ably.IoC.get_MobileDevice() in /Users/umair/Git/ably-dotnet/.claude/worktrees/agent-a3395f683ef309fa0/src/Ably.PubSub.Shared/IoC.cs:line 50
   at IO.Ably.AblyRest..ctor(Action`1 init) in /Users/umair/Git/ably-dotnet/.claude/worktrees/agent-a3395f683ef309fa0/src/Ably.PubSub.Shared/AblyRest.cs:line 44
   at IO.Ably.Tests.RestInitSpecs.Init_WithTlsFalseAndSpecificPort_ShouldInitialiseHttpClientWithCorrectPort() in /Users/umair/Git/ably-dotnet/.claude/worktrees/agent-a3395f683ef309fa0/src/Ably.PubSub.Tests.Shared/Rest/RestInitSpecs.cs:line 185</StackTrace>
        </ErrorInfo>
      </Output>
    </UnitTestResult>
  </Results>
  <TestDefinitions>
    <UnitTest name="IO.Ably.Tests.RestInitSpecs.Init_WithTlsFalseAndSpecificPort_ShouldInitialiseHttpClientWithCorrectPort" storage="/users/umair/git/ably-dotnet/.claude/worktrees/agent-a3395f683ef309fa0/src/ably.pubsub.tests.dotnet/bin/release/net6.0/ably.pubsub.tests.dotnet.dll" id="77fd5064-0f97-0b35-d42c-7bebc5abd488">
      <Execution id="421b473f-33db-4e26-87e3-522393ec1ff1" />
      <TestMethod codeBase="/Users/umair/Git/ably-dotnet/.claude/worktrees/agent-a3395f683ef309fa0/src/Ably.PubSub.Tests.DotNET/bin/Release/net6.0/Ably.PubSub.Tests.DotNET.dll" adapterTypeName="executor://xunit/VsTestRunner2/netcoreapp" className="IO.Ably.Tests.RestInitSpecs" name="Init_WithTlsFalseAndSpecificPort_ShouldInitialiseHttpClientWithCorrectPort" />
    </UnitTest>
  </TestDefinitions>
  <TestEntries>
    <TestEntry testId="77fd5064-0f97-0b35-d42c-7bebc5abd488" executionId="421b473f-33db-4e26-87e3-522393ec1ff1" testListId="8c84fa94-04c1-424b-9868-57a2d4851a1d" />
  </TestEntries>
  <TestLists>
    <TestList name="Results Not in a List" id="8c84fa94-04c1-424b-9868-57a2d4851a1d" />
    <TestList name="All Loaded Results" id="19431567-8539-422a-85d7-44ee4e166bda" />
  </TestLists>
  <ResultSummary outcome="Failed">
    <Counters total="1" executed="1" passed="0" failed="1" error="0" timeout="0" aborted="0" inconclusive="0" passedButRunAborted="0" notRunnable="0" notExecuted="0" disconnected="0" warning="0" completed="0" inProgress="0" pending="0" />
    <Output>
      <StdOut>[xUnit.net 00:00:00.00] xUnit.net VSTest Adapter v2.4.1 (64-bit .NET 6.0.36)
[xUnit.net 00:00:00.19]   Discovering: Ably.PubSub.Tests.DotNET
[xUnit.net 00:00:00.31]   Discovered:  Ably.PubSub.Tests.DotNET
[xUnit.net 00:00:00.31]   Starting:    Ably.PubSub.Tests.DotNET
[xUnit.net 00:00:00.34]       System.NullReferenceException : Object reference not set to an instance of an object.
[xUnit.net 00:00:00.34]       Stack Trace:
[xUnit.net 00:00:00.34]         /Users/umair/Git/ably-dotnet/.claude/worktrees/agent-a3395f683ef309fa0/src/Ably.PubSub.Shared/IoC.cs(50,0): at IO.Ably.IoC.get_MobileDevice()
[xUnit.net 00:00:00.34]         /Users/umair/Git/ably-dotnet/.claude/worktrees/agent-a3395f683ef309fa0/src/Ably.PubSub.Shared/AblyRest.cs(44,0): at IO.Ably.AblyRest..ctor(Action`1 init)
[xUnit.net 00:00:00.34]         /Users/umair/Git/ably-dotnet/.claude/worktrees/agent-a3395f683ef309fa0/src/Ably.PubSub.Tests.Shared/Rest/RestInitSpecs.cs(185,0): at IO.Ably.Tests.RestInitSpecs.Init_WithTlsFalseAndSpecificPort_ShouldInitialiseHttpClientWithCorrectPort()
[xUnit.net 00:00:00.35]   Finished:    Ably.PubSub.Tests.DotNET
</StdOut>
    </Output>
    <RunInfos>
      <RunInfo computerName="Umair's-MacBook-Pro" outcome="Error" timestamp="2026-09-02T14:39:31.4676210+01:00">
        <Text>[xUnit.net 00:00:00.34]     IO.Ably.Tests.RestInitSpecs.Init_WithTlsFalseAndSpecificPort_ShouldInitialiseHttpClientWithCorrectPort [FAIL]</Text>
      </RunInfo>
    </RunInfos>
  </ResultSummary>
</TestRun>