<?xml version="1.0" encoding="utf-8"?>
<TestRun id="bf8ba1db-683e-41b4-8e38-41059f2d431c" name="@Umair's-MacBook-Pro 2026-09-02 14:40:50" xmlns="http://microsoft.com/schemas/VisualStudio/TeamTest/2010">
  <Times creation="2026-09-02T14:40:50.8144150+01:00" queuing="2026-09-02T14:40:50.8144150+01:00" start="2026-09-02T14:40:50.1994280+01:00" finish="2026-09-02T14:40:50.8163240+01:00" />
  <TestSettings name="default" id="e644aae8-3509-4df1-b26e-d6c54e9f4db0">
    <Deployment runDeploymentRoot="_Umair's-MacBook-Pro_2026-09-02_14_40_50" />
  </TestSettings>
  <Results>
    <UnitTestResult executionId="11e4cc7a-b778-4238-ab5b-c3c3436076b3" testId="3ee94cbe-047c-0473-c7e9-058d79662451" testName="IO.Ably.Tests.Realtime.ConnectionSpecs.ConnectionFailureSpecs.WhenInDisconnectedState_ReconnectUsingIncrementalBackoffTimeout" computerName="Umair's-MacBook-Pro" duration="00:00:00.0123973" startTime="2026-09-02T14:40:50.7565560+01:00" endTime="2026-09-02T14:40:50.7565730+01:00" testType="13cdc9d9-ddb5-4fa4-a97d-d965ccfc6d4b" outcome="Failed" testListId="8c84fa94-04c1-424b-9868-57a2d4851a1d" relativeResultsDirectory="11e4cc7a-b778-4238-ab5b-c3c3436076b3">
      <Output>
        <ErrorInfo>
          <Message>System.NullReferenceException : Object reference not set to an instance of an object.</Message>
          <StackTrace>   at IO.Ably.IoC.RegisterOsNetworkStateChanged() in /Users/umair/Git/ably-dotnet/.claude/worktrees/agent-a3395f683ef309fa0/src/Ably.PubSub.Shared/IoC.cs:line 40
   at IO.Ably.AblyRealtime..ctor(ClientOptions options, Func`3 createRestFunc, IMobileDevice mobileDevice) in /Users/umair/Git/ably-dotnet/.claude/worktrees/agent-a3395f683ef309fa0/src/Ably.PubSub.Shared/AblyRealtime.cs:line 73
   at IO.Ably.Tests.AblyRealtimeSpecs.GetRealtimeClient(ClientOptions options, Func`2 handleRequestFunc, IMobileDevice mobileDevice) in /Users/umair/Git/ably-dotnet/.claude/worktrees/agent-a3395f683ef309fa0/src/Ably.PubSub.Tests.Shared/Infrastructure/AblyRealtimeSpecs.cs:line 71
   at IO.Ably.Tests.AblyRealtimeSpecs.GetClientWithFakeTransport(Action`1 optionsAction, Func`2 handleRequestFunc) in /Users/umair/Git/ably-dotnet/.claude/worktrees/agent-a3395f683ef309fa0/src/Ably.PubSub.Tests.Shared/Infrastructure/AblyRealtimeSpecs.cs:line 103
   at IO.Ably.Tests.Realtime.ConnectionSpecs.ConnectionFailureSpecs.WhenInDisconnectedState_ReconnectUsingIncrementalBackoffTimeout() in /Users/umair/Git/ably-dotnet/.claude/worktrees/agent-a3395f683ef309fa0/src/Ably.PubSub.Tests.Shared/Realtime/ConnectionSpecs/ConnectionFailureSpecs.cs:line 283
--- End of stack trace from previous location ---</StackTrace>
        </ErrorInfo>
      </Output>
    </UnitTestResult>
  </Results>
  <TestDefinitions>
    <UnitTest name="IO.Ably.Tests.Realtime.ConnectionSpecs.ConnectionFailureSpecs.WhenInDisconnectedState_ReconnectUsingIncrementalBackoffTimeout" storage="/users/umair/git/ably-dotnet/.claude/worktrees/agent-a3395f683ef309fa0/src/ably.pubsub.tests.dotnet/bin/release/net6.0/ably.pubsub.tests.dotnet.dll" id="3ee94cbe-047c-0473-c7e9-058d79662451">
      <Execution id="11e4cc7a-b778-4238-ab5b-c3c3436076b3" />
      <TestMethod codeBase="/Users/umair/Git/ably-dotnet/.claude/worktrees/agent-a3395f683ef309fa0/src/Ably.PubSub.Tests.DotNET/bin/Release/net6.0/Ably.PubSub.Tests.DotNET.dll" adapterTypeName="executor://xunit/VsTestRunner2/netcoreapp" className="IO.Ably.Tests.Realtime.ConnectionSpecs.ConnectionFailureSpecs" name="WhenInDisconnectedState_ReconnectUsingIncrementalBackoffTimeout" />
    </UnitTest>
  </TestDefinitions>
  <TestEntries>
    <TestEntry testId="3ee94cbe-047c-0473-c7e9-058d79662451" executionId="11e4cc7a-b778-4238-ab5b-c3c3436076b3" testListId="8c84fa94-04c1-424b-9868-57a2d4851a1d" />
  </TestEntries>
  <TestLists>
    <TestList name="Results Not in a List" id="8c84fa94-04c1-424b-9868-57a2d4851a1d" />
    <TestList name="All Loaded Results" id="19431567-8539-422a-85d7-44ee4e166bda" />
  </TestLists>
  <ResultSummary outcome="Failed">
    <Counters total="1" executed="1" passed="0" failed="1" error="0" timeout="0" aborted="0" inconclusive="0" passedButRunAborted="0" notRunnable="0" notExecuted="0" disconnected="0" warning="0" completed="0" inProgress="0" pending="0" />
    <Output>
      <StdOut>[xUnit.net 00:00:00.00] xUnit.net VSTest Adapter v2.4.1 (64-bit .NET 6.0.36)
[xUnit.net 00:00:00.19]   Discovering: Ably.PubSub.Tests.DotNET
[xUnit.net 00:00:00.32]   Discovered:  Ably.PubSub.Tests.DotNET
[xUnit.net 00:00:00.32]   Starting:    Ably.PubSub.Tests.DotNET
[xUnit.net 00:00:00.36]       System.NullReferenceException : Object reference not set to an instance of an object.
[xUnit.net 00:00:00.36]       Stack Trace:
[xUnit.net 00:00:00.36]         /Users/umair/Git/ably-dotnet/.claude/worktrees/agent-a3395f683ef309fa0/src/Ably.PubSub.Shared/IoC.cs(40,0): at IO.Ably.IoC.RegisterOsNetworkStateChanged()
[xUnit.net 00:00:00.36]         /Users/umair/Git/ably-dotnet/.claude/worktrees/agent-a3395f683ef309fa0/src/Ably.PubSub.Shared/AblyRealtime.cs(73,0): at IO.Ably.AblyRealtime..ctor(ClientOptions options, Func`3 createRestFunc, IMobileDevice mobileDevice)
[xUnit.net 00:00:00.36]         /Users/umair/Git/ably-dotnet/.claude/worktrees/agent-a3395f683ef309fa0/src/Ably.PubSub.Tests.Shared/Infrastructure/AblyRealtimeSpecs.cs(71,0): at IO.Ably.Tests.AblyRealtimeSpecs.GetRealtimeClient(ClientOptions options, Func`2 handleRequestFunc, IMobileDevice mobileDevice)
[xUnit.net 00:00:00.36]         /Users/umair/Git/ably-dotnet/.claude/worktrees/agent-a3395f683ef309fa0/src/Ably.PubSub.Tests.Shared/Infrastructure/AblyRealtimeSpecs.cs(103,0): at IO.Ably.Tests.AblyRealtimeSpecs.GetClientWithFakeTransport(Action`1 optionsAction, Func`2 handleRequestFunc)
[xUnit.net 00:00:00.36]         /Users/umair/Git/ably-dotnet/.claude/worktrees/agent-a3395f683ef309fa0/src/Ably.PubSub.Tests.Shared/Realtime/ConnectionSpecs/ConnectionFailureSpecs.cs(283,0): at IO.Ably.Tests.Realtime.ConnectionSpecs.ConnectionFailureSpecs.WhenInDisconnectedState_ReconnectUsingIncrementalBackoffTimeout()
[xUnit.net 00:00:00.36]         --- End of stack trace from previous location ---
[xUnit.net 00:00:00.37]   Finished:    Ably.PubSub.Tests.DotNET
</StdOut>
    </Output>
    <RunInfos>
      <RunInfo computerName="Umair's-MacBook-Pro" outcome="Error" timestamp="2026-09-02T14:40:50.7555080+01:00">
        <Text>[xUnit.net 00:00:00.36]     IO.Ably.Tests.Realtime.ConnectionSpecs.ConnectionFailureSpecs.WhenInDisconnectedState_ReconnectUsingIncrementalBackoffTimeout [FAIL]</Text>
      </RunInfo>
    </RunInfos>
  </ResultSummary>
</TestRun>