<?xml version="1.0" encoding="utf-8"?>
<TestRun id="067bc982-88ab-4916-85fd-8bed7b18c296" name="@Umair's-MacBook-Pro 2026-09-02 14:39:53" xmlns="http://microsoft.com/schemas/VisualStudio/TeamTest/2010">
  <Times creation="2026-09-02T14:39:53.6116220+01:00" queuing="2026-09-02T14:39:53.6116220+01:00" start="2026-09-02T14:39:52.9971640+01:00" finish="2026-09-02T14:39:53.6135950+01:00" />
  <TestSettings name="default" id="3ac3d134-9277-4177-9f0b-86961675d20a">
    <Deployment runDeploymentRoot="_Umair's-MacBook-Pro_2026-09-02_14_39_53" />
  </TestSettings>
  <Results>
    <UnitTestResult executionId="9a366dd4-7990-4a4d-afb2-f30b39fabd64" testId="5e0f3281-65ce-ec30-4b86-3e92fb41c8ca" testName="IO.Ably.Tests.Realtime.ConnectionSpecs.ConnectionFallbackSpecs.WhenRealtimeGoesFromFallbackHostToDefault_RestRequestShouldBeOnDefaultHost" computerName="Umair's-MacBook-Pro" duration="00:00:00.0115730" startTime="2026-09-02T14:39:53.5545840+01:00" endTime="2026-09-02T14:39:53.5546010+01:00" testType="13cdc9d9-ddb5-4fa4-a97d-d965ccfc6d4b" outcome="Failed" testListId="8c84fa94-04c1-424b-9868-57a2d4851a1d" relativeResultsDirectory="9a366dd4-7990-4a4d-afb2-f30b39fabd64">
      <Output>
        <ErrorInfo>
          <Message>System.NullReferenceException : Object reference not set to an instance of an object.</Message>
          <StackTrace>   at IO.Ably.IoC.RegisterOsNetworkStateChanged() in /Users/umair/Git/ably-dotnet/.claude/worktrees/agent-a3395f683ef309fa0/src/Ably.PubSub.Shared/IoC.cs:line 40
   at IO.Ably.AblyRealtime..ctor(ClientOptions options, Func`3 createRestFunc, IMobileDevice mobileDevice) in /Users/umair/Git/ably-dotnet/.claude/worktrees/agent-a3395f683ef309fa0/src/Ably.PubSub.Shared/AblyRealtime.cs:line 73
   at IO.Ably.AblyRealtime..ctor(ClientOptions options, IMobileDevice mobileDevice) in /Users/umair/Git/ably-dotnet/.claude/worktrees/agent-a3395f683ef309fa0/src/Ably.PubSub.Shared/AblyRealtime.cs:line 48
   at IO.Ably.Tests.AblyRealtimeSpecs.GetRealtimeClientWithFakeMessageHandler(ClientOptions options, FakeHttpMessageHandler fakeMessageHandler, IMobileDevice mobileDevice) in /Users/umair/Git/ably-dotnet/.claude/worktrees/agent-a3395f683ef309fa0/src/Ably.PubSub.Tests.Shared/Infrastructure/AblyRealtimeSpecs.cs:line 84
   at IO.Ably.Tests.AblyRealtimeSpecs.GetClientWithFakeTransportAndMessageHandler(Action`1 optionsAction, FakeHttpMessageHandler messageHandler) in /Users/umair/Git/ably-dotnet/.claude/worktrees/agent-a3395f683ef309fa0/src/Ably.PubSub.Tests.Shared/Infrastructure/AblyRealtimeSpecs.cs:line 111
   at IO.Ably.Tests.Realtime.ConnectionSpecs.ConnectionFallbackSpecs.WhenRealtimeGoesFromFallbackHostToDefault_RestRequestShouldBeOnDefaultHost() in /Users/umair/Git/ably-dotnet/.claude/worktrees/agent-a3395f683ef309fa0/src/Ably.PubSub.Tests.Shared/Realtime/ConnectionSpecs/ConnectionFallbackSpecs.cs:line 227
--- End of stack trace from previous location ---</StackTrace>
        </ErrorInfo>
      </Output>
    </UnitTestResult>
  </Results>
  <TestDefinitions>
    <UnitTest name="IO.Ably.Tests.Realtime.ConnectionSpecs.ConnectionFallbackSpecs.WhenRealtimeGoesFromFallbackHostToDefault_RestRequestShouldBeOnDefaultHost" storage="/users/umair/git/ably-dotnet/.claude/worktrees/agent-a3395f683ef309fa0/src/ably.pubsub.tests.dotnet/bin/release/net6.0/ably.pubsub.tests.dotnet.dll" id="5e0f3281-65ce-ec30-4b86-3e92fb41c8ca">
      <Execution id="9a366dd4-7990-4a4d-afb2-f30b39fabd64" />
      <TestMethod codeBase="/Users/umair/Git/ably-dotnet/.claude/worktrees/agent-a3395f683ef309fa0/src/Ably.PubSub.Tests.DotNET/bin/Release/net6.0/Ably.PubSub.Tests.DotNET.dll" adapterTypeName="executor://xunit/VsTestRunner2/netcoreapp" className="IO.Ably.Tests.Realtime.ConnectionSpecs.ConnectionFallbackSpecs" name="WhenRealtimeGoesFromFallbackHostToDefault_RestRequestShouldBeOnDefaultHost" />
    </UnitTest>
  </TestDefinitions>
  <TestEntries>
    <TestEntry testId="5e0f3281-65ce-ec30-4b86-3e92fb41c8ca" executionId="9a366dd4-7990-4a4d-afb2-f30b39fabd64" testListId="8c84fa94-04c1-424b-9868-57a2d4851a1d" />
  </TestEntries>
  <TestLists>
    <TestList name="Results Not in a List" id="8c84fa94-04c1-424b-9868-57a2d4851a1d" />
    <TestList name="All Loaded Results" id="19431567-8539-422a-85d7-44ee4e166bda" />
  </TestLists>
  <ResultSummary outcome="Failed">
    <Counters total="1" executed="1" passed="0" failed="1" error="0" timeout="0" aborted="0" inconclusive="0" passedButRunAborted="0" notRunnable="0" notExecuted="0" disconnected="0" warning="0" completed="0" inProgress="0" pending="0" />
    <Output>
      <StdOut>[xUnit.net 00:00:00.00] xUnit.net VSTest Adapter v2.4.1 (64-bit .NET 6.0.36)
[xUnit.net 00:00:00.19]   Discovering: Ably.PubSub.Tests.DotNET
[xUnit.net 00:00:00.32]   Discovered:  Ably.PubSub.Tests.DotNET
[xUnit.net 00:00:00.32]   Starting:    Ably.PubSub.Tests.DotNET
[xUnit.net 00:00:00.36]       System.NullReferenceException : Object reference not set to an instance of an object.
[xUnit.net 00:00:00.36]       Stack Trace:
[xUnit.net 00:00:00.36]         /Users/umair/Git/ably-dotnet/.claude/worktrees/agent-a3395f683ef309fa0/src/Ably.PubSub.Shared/IoC.cs(40,0): at IO.Ably.IoC.RegisterOsNetworkStateChanged()
[xUnit.net 00:00:00.36]         /Users/umair/Git/ably-dotnet/.claude/worktrees/agent-a3395f683ef309fa0/src/Ably.PubSub.Shared/AblyRealtime.cs(73,0): at IO.Ably.AblyRealtime..ctor(ClientOptions options, Func`3 createRestFunc, IMobileDevice mobileDevice)
[xUnit.net 00:00:00.36]         /Users/umair/Git/ably-dotnet/.claude/worktrees/agent-a3395f683ef309fa0/src/Ably.PubSub.Shared/AblyRealtime.cs(48,0): at IO.Ably.AblyRealtime..ctor(ClientOptions options, IMobileDevice mobileDevice)
[xUnit.net 00:00:00.36]         /Users/umair/Git/ably-dotnet/.claude/worktrees/agent-a3395f683ef309fa0/src/Ably.PubSub.Tests.Shared/Infrastructure/AblyRealtimeSpecs.cs(84,0): at IO.Ably.Tests.AblyRealtimeSpecs.GetRealtimeClientWithFakeMessageHandler(ClientOptions options, FakeHttpMessageHandler fakeMessageHandler, IMobileDevice mobileDevice)
[xUnit.net 00:00:00.36]         /Users/umair/Git/ably-dotnet/.claude/worktrees/agent-a3395f683ef309fa0/src/Ably.PubSub.Tests.Shared/Infrastructure/AblyRealtimeSpecs.cs(111,0): at IO.Ably.Tests.AblyRealtimeSpecs.GetClientWithFakeTransportAndMessageHandler(Action`1 optionsAction, FakeHttpMessageHandler messageHandler)
[xUnit.net 00:00:00.36]         /Users/umair/Git/ably-dotnet/.claude/worktrees/agent-a3395f683ef309fa0/src/Ably.PubSub.Tests.Shared/Realtime/ConnectionSpecs/ConnectionFallbackSpecs.cs(227,0): at IO.Ably.Tests.Realtime.ConnectionSpecs.ConnectionFallbackSpecs.WhenRealtimeGoesFromFallbackHostToDefault_RestRequestShouldBeOnDefaultHost()
[xUnit.net 00:00:00.36]         --- End of stack trace from previous location ---
[xUnit.net 00:00:00.36]   Finished:    Ably.PubSub.Tests.DotNET
</StdOut>
    </Output>
    <RunInfos>
      <RunInfo computerName="Umair's-MacBook-Pro" outcome="Error" timestamp="2026-09-02T14:39:53.5534620+01:00">
        <Text>[xUnit.net 00:00:00.36]     IO.Ably.Tests.Realtime.ConnectionSpecs.ConnectionFallbackSpecs.WhenRealtimeGoesFromFallbackHostToDefault_RestRequestShouldBeOnDefaultHost [FAIL]</Text>
      </RunInfo>
    </RunInfos>
  </ResultSummary>
</TestRun>