<?xml version="1.0" encoding="utf-8"?>
<TestRun id="0943754e-3803-4c8b-9c1d-a442ebed5be4" name="@Umair's-MacBook-Pro 2026-09-02 14:40:12" xmlns="http://microsoft.com/schemas/VisualStudio/TeamTest/2010">
  <Times creation="2026-09-02T14:40:12.2839890+01:00" queuing="2026-09-02T14:40:12.2839890+01:00" start="2026-09-02T14:40:11.6800220+01:00" finish="2026-09-02T14:40:12.2862130+01:00" />
  <TestSettings name="default" id="199273cf-74c0-4202-b201-71e56146eee8">
    <Deployment runDeploymentRoot="_Umair's-MacBook-Pro_2026-09-02_14_40_12" />
  </TestSettings>
  <Results>
    <UnitTestResult executionId="5b75aa6d-478f-406e-8b3e-f2f26f0c61bb" testId="9f4b998b-b251-2e0c-cb0a-ea7cc9989a1f" testName="IO.Ably.Tests.RealtimeSpecs.New_Realtime_HasChannels" computerName="Umair's-MacBook-Pro" duration="00:00:00.0035055" startTime="2026-09-02T14:40:12.2370370+01:00" endTime="2026-09-02T14:40:12.2370540+01:00" testType="13cdc9d9-ddb5-4fa4-a97d-d965ccfc6d4b" outcome="Failed" testListId="8c84fa94-04c1-424b-9868-57a2d4851a1d" relativeResultsDirectory="5b75aa6d-478f-406e-8b3e-f2f26f0c61bb">
      <Output>
        <ErrorInfo>
          <Message>System.NullReferenceException : Object reference not set to an instance of an object.</Message>
          <StackTrace>   at IO.Ably.IoC.get_MobileDevice() in /Users/umair/Git/ably-dotnet/.claude/worktrees/agent-a3395f683ef309fa0/src/Ably.PubSub.Shared/IoC.cs:line 50
   at IO.Ably.AblyRealtime..ctor(ClientOptions options) in /Users/umair/Git/ably-dotnet/.claude/worktrees/agent-a3395f683ef309fa0/src/Ably.PubSub.Shared/AblyRealtime.cs:line 43
   at IO.Ably.AblyRealtime..ctor(String key) in /Users/umair/Git/ably-dotnet/.claude/worktrees/agent-a3395f683ef309fa0/src/Ably.PubSub.Shared/AblyRealtime.cs:line 34
   at IO.Ably.Tests.RealtimeSpecs.New_Realtime_HasChannels() in /Users/umair/Git/ably-dotnet/.claude/worktrees/agent-a3395f683ef309fa0/src/Ably.PubSub.Tests.Shared/Realtime/RealtimeSpecs.cs:line 121</StackTrace>
        </ErrorInfo>
      </Output>
    </UnitTestResult>
  </Results>
  <TestDefinitions>
    <UnitTest name="IO.Ably.Tests.RealtimeSpecs.New_Realtime_HasChannels" storage="/users/umair/git/ably-dotnet/.claude/worktrees/agent-a3395f683ef309fa0/src/ably.pubsub.tests.dotnet/bin/release/net6.0/ably.pubsub.tests.dotnet.dll" id="9f4b998b-b251-2e0c-cb0a-ea7cc9989a1f">
      <Execution id="5b75aa6d-478f-406e-8b3e-f2f26f0c61bb" />
      <TestMethod codeBase="/Users/umair/Git/ably-dotnet/.claude/worktrees/agent-a3395f683ef309fa0/src/Ably.PubSub.Tests.DotNET/bin/Release/net6.0/Ably.PubSub.Tests.DotNET.dll" adapterTypeName="executor://xunit/VsTestRunner2/netcoreapp" className="IO.Ably.Tests.RealtimeSpecs" name="New_Realtime_HasChannels" />
    </UnitTest>
  </TestDefinitions>
  <TestEntries>
    <TestEntry testId="9f4b998b-b251-2e0c-cb0a-ea7cc9989a1f" executionId="5b75aa6d-478f-406e-8b3e-f2f26f0c61bb" testListId="8c84fa94-04c1-424b-9868-57a2d4851a1d" />
  </TestEntries>
  <TestLists>
    <TestList name="Results Not in a List" id="8c84fa94-04c1-424b-9868-57a2d4851a1d" />
    <TestList name="All Loaded Results" id="19431567-8539-422a-85d7-44ee4e166bda" />
  </TestLists>
  <ResultSummary outcome="Failed">
    <Counters total="1" executed="1" passed="0" failed="1" error="0" timeout="0" aborted="0" inconclusive="0" passedButRunAborted="0" notRunnable="0" notExecuted="0" disconnected="0" warning="0" completed="0" inProgress="0" pending="0" />
    <Output>
      <StdOut>[xUnit.net 00:00:00.00] xUnit.net VSTest Adapter v2.4.1 (64-bit .NET 6.0.36)
[xUnit.net 00:00:00.20]   Discovering: Ably.PubSub.Tests.DotNET
[xUnit.net 00:00:00.33]   Discovered:  Ably.PubSub.Tests.DotNET
[xUnit.net 00:00:00.33]   Starting:    Ably.PubSub.Tests.DotNET
[xUnit.net 00:00:00.37]       System.NullReferenceException : Object reference not set to an instance of an object.
[xUnit.net 00:00:00.37]       Stack Trace:
[xUnit.net 00:00:00.37]         /Users/umair/Git/ably-dotnet/.claude/worktrees/agent-a3395f683ef309fa0/src/Ably.PubSub.Shared/IoC.cs(50,0): at IO.Ably.IoC.get_MobileDevice()
[xUnit.net 00:00:00.37]         /Users/umair/Git/ably-dotnet/.claude/worktrees/agent-a3395f683ef309fa0/src/Ably.PubSub.Shared/AblyRealtime.cs(43,0): at IO.Ably.AblyRealtime..ctor(ClientOptions options)
[xUnit.net 00:00:00.37]         /Users/umair/Git/ably-dotnet/.claude/worktrees/agent-a3395f683ef309fa0/src/Ably.PubSub.Shared/AblyRealtime.cs(34,0): at IO.Ably.AblyRealtime..ctor(String key)
[xUnit.net 00:00:00.37]         /Users/umair/Git/ably-dotnet/.claude/worktrees/agent-a3395f683ef309fa0/src/Ably.PubSub.Tests.Shared/Realtime/RealtimeSpecs.cs(121,0): at IO.Ably.Tests.RealtimeSpecs.New_Realtime_HasChannels()
[xUnit.net 00:00:00.37]   Finished:    Ably.PubSub.Tests.DotNET
</StdOut>
    </Output>
    <RunInfos>
      <RunInfo computerName="Umair's-MacBook-Pro" outcome="Error" timestamp="2026-09-02T14:40:12.2360200+01:00">
        <Text>[xUnit.net 00:00:00.37]     IO.Ably.Tests.RealtimeSpecs.New_Realtime_HasChannels [FAIL]</Text>
      </RunInfo>
    </RunInfos>
  </ResultSummary>
</TestRun>